
WISCalculator v1.0
Author Derek Hower (drh5@cs.wisc.edu)
Type "help" for more information

Loading program...
Executing...
lbi r0, -44
INUM:        0 PC: 0x0000 REG: 0 VALUE: 0xffd4
slbi r0, -7
INUM:        1 PC: 0x0002 REG: 0 VALUE: 0xd4f9
lbi r1, 118
INUM:        2 PC: 0x0004 REG: 1 VALUE: 0x0076
slbi r1, -23
INUM:        3 PC: 0x0006 REG: 1 VALUE: 0x76e9
lbi r2, -97
INUM:        4 PC: 0x0008 REG: 2 VALUE: 0xff9f
slbi r2, 82
INUM:        5 PC: 0x000a REG: 2 VALUE: 0x9f52
lbi r3, -48
INUM:        6 PC: 0x000c REG: 3 VALUE: 0xffd0
slbi r3, 111
INUM:        7 PC: 0x000e REG: 3 VALUE: 0xd06f
lbi r4, -123
INUM:        8 PC: 0x0010 REG: 4 VALUE: 0xff85
slbi r4, 12
INUM:        9 PC: 0x0012 REG: 4 VALUE: 0x850c
lbi r5, -84
INUM:       10 PC: 0x0014 REG: 5 VALUE: 0xffac
slbi r5, 20
INUM:       11 PC: 0x0016 REG: 5 VALUE: 0xac14
lbi r6, 14
INUM:       12 PC: 0x0018 REG: 6 VALUE: 0x000e
slbi r6, -61
INUM:       13 PC: 0x001a REG: 6 VALUE: 0x0ec3
lbi r7, 80
INUM:       14 PC: 0x001c REG: 7 VALUE: 0x0050
slbi r7, -13
INUM:       15 PC: 0x001e REG: 7 VALUE: 0x50f3
lbi r2, 0
INUM:       16 PC: 0x0020 REG: 2 VALUE: 0x0000
lbi r1, 0
INUM:       17 PC: 0x0022 REG: 1 VALUE: 0x0000
nop
INUM:       18 PC: 0x0024
bgez r0, 0
INUM:       19 PC: 0x0026
nop
INUM:       20 PC: 0x0028
bgez r7, 8
INUM:       21 PC: 0x002a
nop
INUM:       22 PC: 0x0034
nop
INUM:       23 PC: 0x0036
nop
INUM:       24 PC: 0x0038
nop
INUM:       25 PC: 0x003a
nop
INUM:       26 PC: 0x003c
bgez r6, 8
INUM:       27 PC: 0x003e
nop
INUM:       28 PC: 0x0048
nop
INUM:       29 PC: 0x004a
nop
INUM:       30 PC: 0x004c
nop
INUM:       31 PC: 0x004e
nop
INUM:       32 PC: 0x0050
bgez r3, 4
INUM:       33 PC: 0x0052
nop
INUM:       34 PC: 0x0054
nop
INUM:       35 PC: 0x0056
nop
INUM:       36 PC: 0x0058
nop
INUM:       37 PC: 0x005a
nop
INUM:       38 PC: 0x005c
bgez r7, 28
INUM:       39 PC: 0x005e
nop
INUM:       40 PC: 0x007c
nop
INUM:       41 PC: 0x007e
nop
INUM:       42 PC: 0x0080
nop
INUM:       43 PC: 0x0082
nop
INUM:       44 PC: 0x0084
nop
INUM:       45 PC: 0x0086
nop
INUM:       46 PC: 0x0088
nop
INUM:       47 PC: 0x008a
nop
INUM:       48 PC: 0x008c
nop
INUM:       49 PC: 0x008e
nop
INUM:       50 PC: 0x0090
nop
INUM:       51 PC: 0x0092
nop
INUM:       52 PC: 0x0094
nop
INUM:       53 PC: 0x0096
nop
INUM:       54 PC: 0x0098
bgez r6, 16
INUM:       55 PC: 0x009a
nop
INUM:       56 PC: 0x00ac
nop
INUM:       57 PC: 0x00ae
nop
INUM:       58 PC: 0x00b0
nop
INUM:       59 PC: 0x00b2
nop
INUM:       60 PC: 0x00b4
nop
INUM:       61 PC: 0x00b6
nop
INUM:       62 PC: 0x00b8
nop
INUM:       63 PC: 0x00ba
nop
INUM:       64 PC: 0x00bc
bgez r4, 28
INUM:       65 PC: 0x00be
nop
INUM:       66 PC: 0x00c0
nop
INUM:       67 PC: 0x00c2
nop
INUM:       68 PC: 0x00c4
nop
INUM:       69 PC: 0x00c6
nop
INUM:       70 PC: 0x00c8
nop
INUM:       71 PC: 0x00ca
nop
INUM:       72 PC: 0x00cc
nop
INUM:       73 PC: 0x00ce
nop
INUM:       74 PC: 0x00d0
nop
INUM:       75 PC: 0x00d2
nop
INUM:       76 PC: 0x00d4
nop
INUM:       77 PC: 0x00d6
nop
INUM:       78 PC: 0x00d8
nop
INUM:       79 PC: 0x00da
nop
INUM:       80 PC: 0x00dc
nop
INUM:       81 PC: 0x00de
nop
INUM:       82 PC: 0x00e0
nop
INUM:       83 PC: 0x00e2
nop
INUM:       84 PC: 0x00e4
nop
INUM:       85 PC: 0x00e6
nop
INUM:       86 PC: 0x00e8
nop
INUM:       87 PC: 0x00ea
nop
INUM:       88 PC: 0x00ec
nop
INUM:       89 PC: 0x00ee
nop
INUM:       90 PC: 0x00f0
nop
INUM:       91 PC: 0x00f2
nop
INUM:       92 PC: 0x00f4
nop
INUM:       93 PC: 0x00f6
nop
INUM:       94 PC: 0x00f8
bgez r1, 4
INUM:       95 PC: 0x00fa
nop
INUM:       96 PC: 0x0100
nop
INUM:       97 PC: 0x0102
nop
INUM:       98 PC: 0x0104
bgez r5, 4
INUM:       99 PC: 0x0106
nop
INUM:      100 PC: 0x0108
nop
INUM:      101 PC: 0x010a
nop
INUM:      102 PC: 0x010c
nop
INUM:      103 PC: 0x010e
nop
INUM:      104 PC: 0x0110
bgez r0, 0
INUM:      105 PC: 0x0112
nop
INUM:      106 PC: 0x0114
bgez r5, 28
INUM:      107 PC: 0x0116
nop
INUM:      108 PC: 0x0118
nop
INUM:      109 PC: 0x011a
nop
INUM:      110 PC: 0x011c
nop
INUM:      111 PC: 0x011e
nop
INUM:      112 PC: 0x0120
nop
INUM:      113 PC: 0x0122
nop
INUM:      114 PC: 0x0124
nop
INUM:      115 PC: 0x0126
nop
INUM:      116 PC: 0x0128
nop
INUM:      117 PC: 0x012a
nop
INUM:      118 PC: 0x012c
nop
INUM:      119 PC: 0x012e
nop
INUM:      120 PC: 0x0130
nop
INUM:      121 PC: 0x0132
nop
INUM:      122 PC: 0x0134
nop
INUM:      123 PC: 0x0136
nop
INUM:      124 PC: 0x0138
nop
INUM:      125 PC: 0x013a
nop
INUM:      126 PC: 0x013c
nop
INUM:      127 PC: 0x013e
nop
INUM:      128 PC: 0x0140
nop
INUM:      129 PC: 0x0142
nop
INUM:      130 PC: 0x0144
nop
INUM:      131 PC: 0x0146
nop
INUM:      132 PC: 0x0148
nop
INUM:      133 PC: 0x014a
nop
INUM:      134 PC: 0x014c
nop
INUM:      135 PC: 0x014e
nop
INUM:      136 PC: 0x0150
bgez r4, 24
INUM:      137 PC: 0x0152
nop
INUM:      138 PC: 0x0154
nop
INUM:      139 PC: 0x0156
nop
INUM:      140 PC: 0x0158
nop
INUM:      141 PC: 0x015a
nop
INUM:      142 PC: 0x015c
nop
INUM:      143 PC: 0x015e
nop
INUM:      144 PC: 0x0160
nop
INUM:      145 PC: 0x0162
nop
INUM:      146 PC: 0x0164
nop
INUM:      147 PC: 0x0166
nop
INUM:      148 PC: 0x0168
nop
INUM:      149 PC: 0x016a
nop
INUM:      150 PC: 0x016c
nop
INUM:      151 PC: 0x016e
nop
INUM:      152 PC: 0x0170
nop
INUM:      153 PC: 0x0172
nop
INUM:      154 PC: 0x0174
nop
INUM:      155 PC: 0x0176
nop
INUM:      156 PC: 0x0178
nop
INUM:      157 PC: 0x017a
nop
INUM:      158 PC: 0x017c
nop
INUM:      159 PC: 0x017e
nop
INUM:      160 PC: 0x0180
nop
INUM:      161 PC: 0x0182
nop
INUM:      162 PC: 0x0184
bgez r7, 16
INUM:      163 PC: 0x0186
nop
INUM:      164 PC: 0x0198
nop
INUM:      165 PC: 0x019a
nop
INUM:      166 PC: 0x019c
nop
INUM:      167 PC: 0x019e
nop
INUM:      168 PC: 0x01a0
nop
INUM:      169 PC: 0x01a2
nop
INUM:      170 PC: 0x01a4
nop
INUM:      171 PC: 0x01a6
nop
INUM:      172 PC: 0x01a8
bgez r6, 16
INUM:      173 PC: 0x01aa
nop
INUM:      174 PC: 0x01bc
nop
INUM:      175 PC: 0x01be
nop
INUM:      176 PC: 0x01c0
nop
INUM:      177 PC: 0x01c2
nop
INUM:      178 PC: 0x01c4
nop
INUM:      179 PC: 0x01c6
nop
INUM:      180 PC: 0x01c8
nop
INUM:      181 PC: 0x01ca
nop
INUM:      182 PC: 0x01cc
bgez r6, 24
INUM:      183 PC: 0x01ce
nop
INUM:      184 PC: 0x01e8
nop
INUM:      185 PC: 0x01ea
nop
INUM:      186 PC: 0x01ec
nop
INUM:      187 PC: 0x01ee
nop
INUM:      188 PC: 0x01f0
nop
INUM:      189 PC: 0x01f2
nop
INUM:      190 PC: 0x01f4
nop
INUM:      191 PC: 0x01f6
nop
INUM:      192 PC: 0x01f8
nop
INUM:      193 PC: 0x01fa
nop
INUM:      194 PC: 0x01fc
nop
INUM:      195 PC: 0x01fe
nop
INUM:      196 PC: 0x0200
bgez r1, 8
INUM:      197 PC: 0x0202
nop
INUM:      198 PC: 0x020c
nop
INUM:      199 PC: 0x020e
nop
INUM:      200 PC: 0x0210
nop
INUM:      201 PC: 0x0212
halt
program halted
INUM:      202 PC: 0x0214
Program Finished
