INUM:        0 PC: 0x0000 REG: 0 VALUE: 0xffd4
INUM:        1 PC: 0x0002 REG: 0 VALUE: 0xd4f9
INUM:        2 PC: 0x0004 REG: 1 VALUE: 0x0076
INUM:        3 PC: 0x0006 REG: 1 VALUE: 0x76e9
INUM:        4 PC: 0x0008 REG: 2 VALUE: 0xff9f
INUM:        5 PC: 0x000a REG: 2 VALUE: 0x9f52
INUM:        6 PC: 0x000c REG: 3 VALUE: 0xffd0
INUM:        7 PC: 0x000e REG: 3 VALUE: 0xd06f
INUM:        8 PC: 0x0010 REG: 4 VALUE: 0xff85
INUM:        9 PC: 0x0012 REG: 4 VALUE: 0x850c
INUM:       10 PC: 0x0014 REG: 5 VALUE: 0xffac
INUM:       11 PC: 0x0016 REG: 5 VALUE: 0xac14
INUM:       12 PC: 0x0018 REG: 6 VALUE: 0x000e
INUM:       13 PC: 0x001a REG: 6 VALUE: 0x0ec3
INUM:       14 PC: 0x001c REG: 7 VALUE: 0x0050
INUM:       15 PC: 0x001e REG: 7 VALUE: 0x50f3
INUM:       16 PC: 0x0020 REG: 2 VALUE: 0x0000
INUM:       17 PC: 0x0022 REG: 1 VALUE: 0x0000
INUM:       18 PC: 0x0024
INUM:       19 PC: 0x0026
INUM:       20 PC: 0x0028
INUM:       21 PC: 0x002a
INUM:       22 PC: 0x0034
INUM:       23 PC: 0x0036
INUM:       24 PC: 0x0038
INUM:       25 PC: 0x003a
INUM:       26 PC: 0x003c
INUM:       27 PC: 0x003e
INUM:       28 PC: 0x0048
INUM:       29 PC: 0x004a
INUM:       30 PC: 0x004c
INUM:       31 PC: 0x004e
INUM:       32 PC: 0x0050
INUM:       33 PC: 0x0052
INUM:       34 PC: 0x0054
INUM:       35 PC: 0x0056
INUM:       36 PC: 0x0058
INUM:       37 PC: 0x005a
INUM:       38 PC: 0x005c
INUM:       39 PC: 0x005e
INUM:       40 PC: 0x007c
INUM:       41 PC: 0x007e
INUM:       42 PC: 0x0080
INUM:       43 PC: 0x0082
INUM:       44 PC: 0x0084
INUM:       45 PC: 0x0086
INUM:       46 PC: 0x0088
INUM:       47 PC: 0x008a
INUM:       48 PC: 0x008c
INUM:       49 PC: 0x008e
INUM:       50 PC: 0x0090
INUM:       51 PC: 0x0092
INUM:       52 PC: 0x0094
INUM:       53 PC: 0x0096
INUM:       54 PC: 0x0098
INUM:       55 PC: 0x009a
INUM:       56 PC: 0x00ac
INUM:       57 PC: 0x00ae
INUM:       58 PC: 0x00b0
INUM:       59 PC: 0x00b2
INUM:       60 PC: 0x00b4
INUM:       61 PC: 0x00b6
INUM:       62 PC: 0x00b8
INUM:       63 PC: 0x00ba
INUM:       64 PC: 0x00bc
INUM:       65 PC: 0x00be
INUM:       66 PC: 0x00c0
INUM:       67 PC: 0x00c2
INUM:       68 PC: 0x00c4
INUM:       69 PC: 0x00c6
INUM:       70 PC: 0x00c8
INUM:       71 PC: 0x00ca
INUM:       72 PC: 0x00cc
INUM:       73 PC: 0x00ce
INUM:       74 PC: 0x00d0
INUM:       75 PC: 0x00d2
INUM:       76 PC: 0x00d4
INUM:       77 PC: 0x00d6
INUM:       78 PC: 0x00d8
INUM:       79 PC: 0x00da
INUM:       80 PC: 0x00dc
INUM:       81 PC: 0x00de
INUM:       82 PC: 0x00e0
INUM:       83 PC: 0x00e2
INUM:       84 PC: 0x00e4
INUM:       85 PC: 0x00e6
INUM:       86 PC: 0x00e8
INUM:       87 PC: 0x00ea
INUM:       88 PC: 0x00ec
INUM:       89 PC: 0x00ee
INUM:       90 PC: 0x00f0
INUM:       91 PC: 0x00f2
INUM:       92 PC: 0x00f4
INUM:       93 PC: 0x00f6
INUM:       94 PC: 0x00f8
INUM:       95 PC: 0x00fa
INUM:       96 PC: 0x0100
INUM:       97 PC: 0x0102
INUM:       98 PC: 0x0104
INUM:       99 PC: 0x0106
INUM:      100 PC: 0x0108
INUM:      101 PC: 0x010a
INUM:      102 PC: 0x010c
INUM:      103 PC: 0x010e
INUM:      104 PC: 0x0110
INUM:      105 PC: 0x0112
INUM:      106 PC: 0x0114
INUM:      107 PC: 0x0116
INUM:      108 PC: 0x0118
INUM:      109 PC: 0x011a
INUM:      110 PC: 0x011c
INUM:      111 PC: 0x011e
INUM:      112 PC: 0x0120
INUM:      113 PC: 0x0122
INUM:      114 PC: 0x0124
INUM:      115 PC: 0x0126
INUM:      116 PC: 0x0128
INUM:      117 PC: 0x012a
INUM:      118 PC: 0x012c
INUM:      119 PC: 0x012e
INUM:      120 PC: 0x0130
INUM:      121 PC: 0x0132
INUM:      122 PC: 0x0134
INUM:      123 PC: 0x0136
INUM:      124 PC: 0x0138
INUM:      125 PC: 0x013a
INUM:      126 PC: 0x013c
INUM:      127 PC: 0x013e
INUM:      128 PC: 0x0140
INUM:      129 PC: 0x0142
INUM:      130 PC: 0x0144
INUM:      131 PC: 0x0146
INUM:      132 PC: 0x0148
INUM:      133 PC: 0x014a
INUM:      134 PC: 0x014c
INUM:      135 PC: 0x014e
INUM:      136 PC: 0x0150
INUM:      137 PC: 0x0152
INUM:      138 PC: 0x0154
INUM:      139 PC: 0x0156
INUM:      140 PC: 0x0158
INUM:      141 PC: 0x015a
INUM:      142 PC: 0x015c
INUM:      143 PC: 0x015e
INUM:      144 PC: 0x0160
INUM:      145 PC: 0x0162
INUM:      146 PC: 0x0164
INUM:      147 PC: 0x0166
INUM:      148 PC: 0x0168
INUM:      149 PC: 0x016a
INUM:      150 PC: 0x016c
INUM:      151 PC: 0x016e
INUM:      152 PC: 0x0170
INUM:      153 PC: 0x0172
INUM:      154 PC: 0x0174
INUM:      155 PC: 0x0176
INUM:      156 PC: 0x0178
INUM:      157 PC: 0x017a
INUM:      158 PC: 0x017c
INUM:      159 PC: 0x017e
INUM:      160 PC: 0x0180
INUM:      161 PC: 0x0182
INUM:      162 PC: 0x0184
INUM:      163 PC: 0x0186
INUM:      164 PC: 0x0198
INUM:      165 PC: 0x019a
INUM:      166 PC: 0x019c
INUM:      167 PC: 0x019e
INUM:      168 PC: 0x01a0
INUM:      169 PC: 0x01a2
INUM:      170 PC: 0x01a4
INUM:      171 PC: 0x01a6
INUM:      172 PC: 0x01a8
INUM:      173 PC: 0x01aa
INUM:      174 PC: 0x01bc
INUM:      175 PC: 0x01be
INUM:      176 PC: 0x01c0
INUM:      177 PC: 0x01c2
INUM:      178 PC: 0x01c4
INUM:      179 PC: 0x01c6
INUM:      180 PC: 0x01c8
INUM:      181 PC: 0x01ca
INUM:      182 PC: 0x01cc
INUM:      183 PC: 0x01ce
INUM:      184 PC: 0x01e8
INUM:      185 PC: 0x01ea
INUM:      186 PC: 0x01ec
INUM:      187 PC: 0x01ee
INUM:      188 PC: 0x01f0
INUM:      189 PC: 0x01f2
INUM:      190 PC: 0x01f4
INUM:      191 PC: 0x01f6
INUM:      192 PC: 0x01f8
INUM:      193 PC: 0x01fa
INUM:      194 PC: 0x01fc
INUM:      195 PC: 0x01fe
INUM:      196 PC: 0x0200
INUM:      197 PC: 0x0202
INUM:      198 PC: 0x020c
INUM:      199 PC: 0x020e
INUM:      200 PC: 0x0210
INUM:      201 PC: 0x0212
INUM:      202 PC: 0x0214
