INST:    1100 0000 1101 0100 lbi r0, 212  
ARCH:    INUM:        0 PC: 0x0000 REG: 0 VALUE: 0xffd4
VERILOG: INUM:        0 PC: 0x0000 REG: 0 VALUE: 0xffd4
INST:    1001 0000 1111 1001 slbi r0, 249  
ARCH:    INUM:        1 PC: 0x0002 REG: 0 VALUE: 0xd4f9
VERILOG: INUM:        1 PC: 0x0002 REG: 0 VALUE: 0xd4f9
INST:    1100 0001 0111 0110 lbi r1, 118  
ARCH:    INUM:        2 PC: 0x0004 REG: 1 VALUE: 0x0076
VERILOG: INUM:        2 PC: 0x0004 REG: 1 VALUE: 0x0076
INST:    1001 0001 1110 1001 slbi r1, 233  
ARCH:    INUM:        3 PC: 0x0006 REG: 1 VALUE: 0x76e9
VERILOG: INUM:        3 PC: 0x0006 REG: 1 VALUE: 0x76e9
INST:    1100 0010 1001 1111 lbi r2, 159  
ARCH:    INUM:        4 PC: 0x0008 REG: 2 VALUE: 0xff9f
VERILOG: INUM:        4 PC: 0x0008 REG: 2 VALUE: 0xff9f
INST:    1001 0010 0101 0010 slbi r2, 82  
ARCH:    INUM:        5 PC: 0x000a REG: 2 VALUE: 0x9f52
VERILOG: INUM:        5 PC: 0x000a REG: 2 VALUE: 0x9f52
INST:    1100 0011 1101 0000 lbi r3, 208  
ARCH:    INUM:        6 PC: 0x000c REG: 3 VALUE: 0xffd0
VERILOG: INUM:        6 PC: 0x000c REG: 3 VALUE: 0xffd0
INST:    1001 0011 0110 1111 slbi r3, 111  
ARCH:    INUM:        7 PC: 0x000e REG: 3 VALUE: 0xd06f
VERILOG: INUM:        7 PC: 0x000e REG: 3 VALUE: 0xd06f
INST:    1100 0100 1000 0101 lbi r4, 133  
ARCH:    INUM:        8 PC: 0x0010 REG: 4 VALUE: 0xff85
VERILOG: INUM:        8 PC: 0x0010 REG: 4 VALUE: 0xff85
INST:    1001 0100 0000 1100 slbi r4, 12  
ARCH:    INUM:        9 PC: 0x0012 REG: 4 VALUE: 0x850c
VERILOG: INUM:        9 PC: 0x0012 REG: 4 VALUE: 0x850c
INST:    1100 0101 1010 1100 lbi r5, 172  
ARCH:    INUM:       10 PC: 0x0014 REG: 5 VALUE: 0xffac
VERILOG: INUM:       10 PC: 0x0014 REG: 5 VALUE: 0xffac
INST:    1001 0101 0001 0100 slbi r5, 20  
ARCH:    INUM:       11 PC: 0x0016 REG: 5 VALUE: 0xac14
VERILOG: INUM:       11 PC: 0x0016 REG: 5 VALUE: 0xac14
INST:    1100 0110 0000 1110 lbi r6, 14  
ARCH:    INUM:       12 PC: 0x0018 REG: 6 VALUE: 0x000e
VERILOG: INUM:       12 PC: 0x0018 REG: 6 VALUE: 0x000e
INST:    1001 0110 1100 0011 slbi r6, 195  
ARCH:    INUM:       13 PC: 0x001a REG: 6 VALUE: 0x0ec3
VERILOG: INUM:       13 PC: 0x001a REG: 6 VALUE: 0x0ec3
INST:    1100 0111 0101 0000 lbi r7, 80  
ARCH:    INUM:       14 PC: 0x001c REG: 7 VALUE: 0x0050
VERILOG: INUM:       14 PC: 0x001c REG: 7 VALUE: 0x0050
INST:    1001 0111 1111 0011 slbi r7, 243  
ARCH:    INUM:       15 PC: 0x001e REG: 7 VALUE: 0x50f3
VERILOG: INUM:       15 PC: 0x001e REG: 7 VALUE: 0x50f3
INST:    1100 0010 0000 0000 lbi r2, 0  
ARCH:    INUM:       16 PC: 0x0020 REG: 2 VALUE: 0x0000
VERILOG: INUM:       16 PC: 0x0020 REG: 2 VALUE: 0x0000
INST:    1100 0001 0000 0000 lbi r1, 0  
ARCH:    INUM:       17 PC: 0x0022 REG: 1 VALUE: 0x0000
VERILOG: INUM:       17 PC: 0x0022 REG: 1 VALUE: 0x0000
INST:    0000 1000 0000 0000 nop  
ARCH:    INUM:       18 PC: 0x0024
VERILOG: INUM:       18 PC: 0x0024
INST:    0111 1000 0000 0000 bgez r0, 0  
ARCH:    INUM:       19 PC: 0x0026
VERILOG: INUM:       19 PC: 0x0026
INST:    0000 1000 0000 0000 nop  
ARCH:    INUM:       20 PC: 0x0028
VERILOG: INUM:       20 PC: 0x0028
INST:    0111 1111 0000 1000 bgez r7, 8  
ARCH:    INUM:       21 PC: 0x002a
VERILOG: INUM:       21 PC: 0x002a
INST:    0000 1000 0000 0000 nop ***DIFF***
ARCH:    INUM:       22 PC: 0x0034
VERILOG: INUM:       22 PC: 0x002c
INST:    0000 1000 0000 0000 nop ***DIFF***
ARCH:    INUM:       23 PC: 0x0036
VERILOG: INUM:       23 PC: 0x002e
INST:    0000 1000 0000 0000 nop ***DIFF***
ARCH:    INUM:       24 PC: 0x0038
VERILOG: INUM:       24 PC: 0x0030
INST:    0000 1000 0000 0000 nop ***DIFF***
ARCH:    INUM:       25 PC: 0x003a
VERILOG: INUM:       25 PC: 0x0032
INST:    0000 1000 0000 0000 nop ***DIFF***
ARCH:    INUM:       26 PC: 0x003c
VERILOG: INUM:       26 PC: 0x0034
INST:    0111 1110 0000 1000 bgez r6, 8 ***DIFF***
ARCH:    INUM:       27 PC: 0x003e
VERILOG: INUM:       27 PC: 0x0036
INST:    0000 1000 0000 0000 nop ***DIFF***
ARCH:    INUM:       28 PC: 0x0048
VERILOG: INUM:       28 PC: 0x0038
INST:    0000 1000 0000 0000 nop ***DIFF***
ARCH:    INUM:       29 PC: 0x004a
VERILOG: INUM:       29 PC: 0x003a
INST:    0000 1000 0000 0000 nop ***DIFF***
ARCH:    INUM:       30 PC: 0x004c
VERILOG: INUM:       30 PC: 0x003c
INST:    0000 1000 0000 0000 nop ***DIFF***
ARCH:    INUM:       31 PC: 0x004e
VERILOG: INUM:       31 PC: 0x003e
INST:    0000 1000 0000 0000 nop ***DIFF***
ARCH:    INUM:       32 PC: 0x0050
VERILOG: INUM:       32 PC: 0x0040
INST:    0111 1011 0000 0100 bgez r3, 4 ***DIFF***
ARCH:    INUM:       33 PC: 0x0052
VERILOG: INUM:       33 PC: 0x0042
INST:    0000 1000 0000 0000 nop ***DIFF***
ARCH:    INUM:       34 PC: 0x0054
VERILOG: INUM:       34 PC: 0x0044
INST:    0000 1000 0000 0000 nop ***DIFF***
ARCH:    INUM:       35 PC: 0x0056
VERILOG: INUM:       35 PC: 0x0046
INST:    0000 1000 0000 0000 nop ***DIFF***
ARCH:    INUM:       36 PC: 0x0058
VERILOG: INUM:       36 PC: 0x0048
INST:    0000 1000 0000 0000 nop ***DIFF***
ARCH:    INUM:       37 PC: 0x005a
VERILOG: INUM:       37 PC: 0x004a
INST:    0000 1000 0000 0000 nop ***DIFF***
ARCH:    INUM:       38 PC: 0x005c
VERILOG: INUM:       38 PC: 0x004c
INST:    0111 1111 0001 1100 bgez r7, 28 ***DIFF***
ARCH:    INUM:       39 PC: 0x005e
VERILOG: INUM:       39 PC: 0x004e
INST:    0000 1000 0000 0000 nop ***DIFF***
ARCH:    INUM:       40 PC: 0x007c
VERILOG: INUM:       40 PC: 0x0050
INST:    0000 1000 0000 0000 nop ***DIFF***
ARCH:    INUM:       41 PC: 0x007e
VERILOG: INUM:       41 PC: 0x0052
INST:    0000 1000 0000 0000 nop ***DIFF***
ARCH:    INUM:       42 PC: 0x0080
VERILOG: INUM:       42 PC: 0x0058
INST:    0000 1000 0000 0000 nop ***DIFF***
ARCH:    INUM:       43 PC: 0x0082
VERILOG: INUM:       43 PC: 0x005a
INST:    0000 1000 0000 0000 nop ***DIFF***
ARCH:    INUM:       44 PC: 0x0084
VERILOG: INUM:       44 PC: 0x005c
INST:    0000 1000 0000 0000 nop ***DIFF***
ARCH:    INUM:       45 PC: 0x0086
VERILOG: INUM:       45 PC: 0x005e
INST:    0000 1000 0000 0000 nop ***DIFF***
ARCH:    INUM:       46 PC: 0x0088
VERILOG: INUM:       46 PC: 0x007c
INST:    0000 1000 0000 0000 nop ***DIFF***
ARCH:    INUM:       47 PC: 0x008a
VERILOG: INUM:       47 PC: 0x007e
INST:    0000 1000 0000 0000 nop ***DIFF***
ARCH:    INUM:       48 PC: 0x008c
VERILOG: INUM:       48 PC: 0x0080
INST:    0000 1000 0000 0000 nop ***DIFF***
ARCH:    INUM:       49 PC: 0x008e
VERILOG: INUM:       49 PC: 0x0082
INST:    0000 1000 0000 0000 nop ***DIFF***
ARCH:    INUM:       50 PC: 0x0090
VERILOG: INUM:       50 PC: 0x0084
INST:    0000 1000 0000 0000 nop ***DIFF***
ARCH:    INUM:       51 PC: 0x0092
VERILOG: INUM:       51 PC: 0x0086
INST:    0000 1000 0000 0000 nop ***DIFF***
ARCH:    INUM:       52 PC: 0x0094
VERILOG: INUM:       52 PC: 0x0088
INST:    0000 1000 0000 0000 nop ***DIFF***
ARCH:    INUM:       53 PC: 0x0096
VERILOG: INUM:       53 PC: 0x008a
INST:    0000 1000 0000 0000 nop ***DIFF***
ARCH:    INUM:       54 PC: 0x0098
VERILOG: INUM:       54 PC: 0x008c
INST:    0111 1110 0001 0000 bgez r6, 16 ***DIFF***
ARCH:    INUM:       55 PC: 0x009a
VERILOG: INUM:       55 PC: 0x008e
INST:    0000 1000 0000 0000 nop ***DIFF***
ARCH:    INUM:       56 PC: 0x00ac
VERILOG: INUM:       56 PC: 0x0090
INST:    0000 1000 0000 0000 nop ***DIFF***
ARCH:    INUM:       57 PC: 0x00ae
VERILOG: INUM:       57 PC: 0x0092
INST:    0000 1000 0000 0000 nop ***DIFF***
ARCH:    INUM:       58 PC: 0x00b0
VERILOG: INUM:       58 PC: 0x0094
INST:    0000 1000 0000 0000 nop ***DIFF***
ARCH:    INUM:       59 PC: 0x00b2
VERILOG: INUM:       59 PC: 0x0096
INST:    0000 1000 0000 0000 nop ***DIFF***
ARCH:    INUM:       60 PC: 0x00b4
VERILOG: INUM:       60 PC: 0x0098
INST:    0000 1000 0000 0000 nop ***DIFF***
ARCH:    INUM:       61 PC: 0x00b6
VERILOG: INUM:       61 PC: 0x009a
INST:    0000 1000 0000 0000 nop ***DIFF***
ARCH:    INUM:       62 PC: 0x00b8
VERILOG: INUM:       62 PC: 0x00ac
INST:    0000 1000 0000 0000 nop ***DIFF***
ARCH:    INUM:       63 PC: 0x00ba
VERILOG: INUM:       63 PC: 0x00ae
INST:    0000 1000 0000 0000 nop ***DIFF***
ARCH:    INUM:       64 PC: 0x00bc
VERILOG: INUM:       64 PC: 0x00b0
INST:    0111 1100 0001 1100 bgez r4, 28 ***DIFF***
ARCH:    INUM:       65 PC: 0x00be
VERILOG: INUM:       65 PC: 0x00b2
INST:    0000 1000 0000 0000 nop ***DIFF***
ARCH:    INUM:       66 PC: 0x00c0
VERILOG: INUM:       66 PC: 0x00b4
INST:    0000 1000 0000 0000 nop ***DIFF***
ARCH:    INUM:       67 PC: 0x00c2
VERILOG: INUM:       67 PC: 0x00b6
INST:    0000 1000 0000 0000 nop ***DIFF***
ARCH:    INUM:       68 PC: 0x00c4
VERILOG: INUM:       68 PC: 0x00b8
INST:    0000 1000 0000 0000 nop ***DIFF***
ARCH:    INUM:       69 PC: 0x00c6
VERILOG: INUM:       69 PC: 0x00ba
INST:    0000 1000 0000 0000 nop ***DIFF***
ARCH:    INUM:       70 PC: 0x00c8
VERILOG: INUM:       70 PC: 0x00bc
INST:    0000 1000 0000 0000 nop ***DIFF***
ARCH:    INUM:       71 PC: 0x00ca
VERILOG: INUM:       71 PC: 0x00be
INST:    0000 1000 0000 0000 nop ***DIFF***
ARCH:    INUM:       72 PC: 0x00cc
VERILOG: INUM:       72 PC: 0x00c0
INST:    0000 1000 0000 0000 nop ***DIFF***
ARCH:    INUM:       73 PC: 0x00ce
VERILOG: INUM:       73 PC: 0x00c2
INST:    0000 1000 0000 0000 nop ***DIFF***
ARCH:    INUM:       74 PC: 0x00d0
VERILOG: INUM:       74 PC: 0x00c4
INST:    0000 1000 0000 0000 nop ***DIFF***
ARCH:    INUM:       75 PC: 0x00d2
VERILOG: INUM:       75 PC: 0x00c6
INST:    0000 1000 0000 0000 nop ***DIFF***
ARCH:    INUM:       76 PC: 0x00d4
VERILOG: INUM:       76 PC: 0x00c8
INST:    0000 1000 0000 0000 nop ***DIFF***
ARCH:    INUM:       77 PC: 0x00d6
VERILOG: INUM:       77 PC: 0x00ca
INST:    0000 1000 0000 0000 nop ***DIFF***
ARCH:    INUM:       78 PC: 0x00d8
VERILOG: INUM:       78 PC: 0x00cc
INST:    0000 1000 0000 0000 nop ***DIFF***
ARCH:    INUM:       79 PC: 0x00da
VERILOG: INUM:       79 PC: 0x00ce
INST:    0000 1000 0000 0000 nop ***DIFF***
ARCH:    INUM:       80 PC: 0x00dc
VERILOG: INUM:       80 PC: 0x00d0
INST:    0000 1000 0000 0000 nop ***DIFF***
ARCH:    INUM:       81 PC: 0x00de
VERILOG: INUM:       81 PC: 0x00d2
INST:    0000 1000 0000 0000 nop ***DIFF***
ARCH:    INUM:       82 PC: 0x00e0
VERILOG: INUM:       82 PC: 0x00d4
INST:    0000 1000 0000 0000 nop ***DIFF***
ARCH:    INUM:       83 PC: 0x00e2
VERILOG: INUM:       83 PC: 0x00d6
INST:    0000 1000 0000 0000 nop ***DIFF***
ARCH:    INUM:       84 PC: 0x00e4
VERILOG: INUM:       84 PC: 0x00d8
INST:    0000 1000 0000 0000 nop ***DIFF***
ARCH:    INUM:       85 PC: 0x00e6
VERILOG: INUM:       85 PC: 0x00da
INST:    0000 1000 0000 0000 nop ***DIFF***
ARCH:    INUM:       86 PC: 0x00e8
VERILOG: INUM:       86 PC: 0x00dc
INST:    0000 1000 0000 0000 nop ***DIFF***
ARCH:    INUM:       87 PC: 0x00ea
VERILOG: INUM:       87 PC: 0x00de
INST:    0000 1000 0000 0000 nop ***DIFF***
ARCH:    INUM:       88 PC: 0x00ec
VERILOG: INUM:       88 PC: 0x00e0
INST:    0000 1000 0000 0000 nop ***DIFF***
ARCH:    INUM:       89 PC: 0x00ee
VERILOG: INUM:       89 PC: 0x00e2
INST:    0000 1000 0000 0000 nop ***DIFF***
ARCH:    INUM:       90 PC: 0x00f0
VERILOG: INUM:       90 PC: 0x00e4
INST:    0000 1000 0000 0000 nop ***DIFF***
ARCH:    INUM:       91 PC: 0x00f2
VERILOG: INUM:       91 PC: 0x00e6
INST:    0000 1000 0000 0000 nop ***DIFF***
ARCH:    INUM:       92 PC: 0x00f4
VERILOG: INUM:       92 PC: 0x00e8
INST:    0000 1000 0000 0000 nop ***DIFF***
ARCH:    INUM:       93 PC: 0x00f6
VERILOG: INUM:       93 PC: 0x00ea
INST:    0000 1000 0000 0000 nop ***DIFF***
ARCH:    INUM:       94 PC: 0x00f8
VERILOG: INUM:       94 PC: 0x00ec
INST:    0111 1001 0000 0100 bgez r1, 4 ***DIFF***
ARCH:    INUM:       95 PC: 0x00fa
VERILOG: INUM:       95 PC: 0x00ee
INST:    0000 1000 0000 0000 nop ***DIFF***
ARCH:    INUM:       96 PC: 0x0100
VERILOG: INUM:       96 PC: 0x00f0
INST:    0000 1000 0000 0000 nop ***DIFF***
ARCH:    INUM:       97 PC: 0x0102
VERILOG: INUM:       97 PC: 0x00f2
INST:    0000 1000 0000 0000 nop ***DIFF***
ARCH:    INUM:       98 PC: 0x0104
VERILOG: INUM:       98 PC: 0x00f4
INST:    0111 1101 0000 0100 bgez r5, 4 ***DIFF***
ARCH:    INUM:       99 PC: 0x0106
VERILOG: INUM:       99 PC: 0x00f6
INST:    0000 1000 0000 0000 nop ***DIFF***
ARCH:    INUM:      100 PC: 0x0108
VERILOG: INUM:      100 PC: 0x00f8
INST:    0000 1000 0000 0000 nop ***DIFF***
ARCH:    INUM:      101 PC: 0x010a
VERILOG: INUM:      101 PC: 0x00fa
INST:    0000 1000 0000 0000 nop ***DIFF***
ARCH:    INUM:      102 PC: 0x010c
VERILOG: INUM:      102 PC: 0x0100
INST:    0000 1000 0000 0000 nop ***DIFF***
ARCH:    INUM:      103 PC: 0x010e
VERILOG: INUM:      103 PC: 0x0102
INST:    0000 1000 0000 0000 nop ***DIFF***
ARCH:    INUM:      104 PC: 0x0110
VERILOG: INUM:      104 PC: 0x0104
INST:    0111 1000 0000 0000 bgez r0, 0 ***DIFF***
ARCH:    INUM:      105 PC: 0x0112
VERILOG: INUM:      105 PC: 0x0106
INST:    0000 1000 0000 0000 nop ***DIFF***
ARCH:    INUM:      106 PC: 0x0114
VERILOG: INUM:      106 PC: 0x0108
INST:    0111 1101 0001 1100 bgez r5, 28 ***DIFF***
ARCH:    INUM:      107 PC: 0x0116
VERILOG: INUM:      107 PC: 0x010a
INST:    0000 1000 0000 0000 nop ***DIFF***
ARCH:    INUM:      108 PC: 0x0118
VERILOG: INUM:      108 PC: 0x010c
INST:    0000 1000 0000 0000 nop ***DIFF***
ARCH:    INUM:      109 PC: 0x011a
VERILOG: INUM:      109 PC: 0x010e
INST:    0000 1000 0000 0000 nop ***DIFF***
ARCH:    INUM:      110 PC: 0x011c
VERILOG: INUM:      110 PC: 0x0110
INST:    0000 1000 0000 0000 nop ***DIFF***
ARCH:    INUM:      111 PC: 0x011e
VERILOG: INUM:      111 PC: 0x0112
INST:    0000 1000 0000 0000 nop ***DIFF***
ARCH:    INUM:      112 PC: 0x0120
VERILOG: INUM:      112 PC: 0x0114
INST:    0000 1000 0000 0000 nop ***DIFF***
ARCH:    INUM:      113 PC: 0x0122
VERILOG: INUM:      113 PC: 0x0116
INST:    0000 1000 0000 0000 nop ***DIFF***
ARCH:    INUM:      114 PC: 0x0124
VERILOG: INUM:      114 PC: 0x0134
INST:    0000 1000 0000 0000 nop ***DIFF***
ARCH:    INUM:      115 PC: 0x0126
VERILOG: INUM:      115 PC: 0x0136
INST:    0000 1000 0000 0000 nop ***DIFF***
ARCH:    INUM:      116 PC: 0x0128
VERILOG: INUM:      116 PC: 0x0138
INST:    0000 1000 0000 0000 nop ***DIFF***
ARCH:    INUM:      117 PC: 0x012a
VERILOG: INUM:      117 PC: 0x013a
INST:    0000 1000 0000 0000 nop ***DIFF***
ARCH:    INUM:      118 PC: 0x012c
VERILOG: INUM:      118 PC: 0x013c
INST:    0000 1000 0000 0000 nop ***DIFF***
ARCH:    INUM:      119 PC: 0x012e
VERILOG: INUM:      119 PC: 0x013e
INST:    0000 1000 0000 0000 nop ***DIFF***
ARCH:    INUM:      120 PC: 0x0130
VERILOG: INUM:      120 PC: 0x0140
INST:    0000 1000 0000 0000 nop ***DIFF***
ARCH:    INUM:      121 PC: 0x0132
VERILOG: INUM:      121 PC: 0x0142
INST:    0000 1000 0000 0000 nop ***DIFF***
ARCH:    INUM:      122 PC: 0x0134
VERILOG: INUM:      122 PC: 0x0144
INST:    0000 1000 0000 0000 nop ***DIFF***
ARCH:    INUM:      123 PC: 0x0136
VERILOG: INUM:      123 PC: 0x0146
INST:    0000 1000 0000 0000 nop ***DIFF***
ARCH:    INUM:      124 PC: 0x0138
VERILOG: INUM:      124 PC: 0x0148
INST:    0000 1000 0000 0000 nop ***DIFF***
ARCH:    INUM:      125 PC: 0x013a
VERILOG: INUM:      125 PC: 0x014a
INST:    0000 1000 0000 0000 nop ***DIFF***
ARCH:    INUM:      126 PC: 0x013c
VERILOG: INUM:      126 PC: 0x014c
INST:    0000 1000 0000 0000 nop ***DIFF***
ARCH:    INUM:      127 PC: 0x013e
VERILOG: INUM:      127 PC: 0x014e
INST:    0000 1000 0000 0000 nop ***DIFF***
ARCH:    INUM:      128 PC: 0x0140
VERILOG: INUM:      128 PC: 0x0150
INST:    0000 1000 0000 0000 nop ***DIFF***
ARCH:    INUM:      129 PC: 0x0142
VERILOG: INUM:      129 PC: 0x0152
INST:    0000 1000 0000 0000 nop ***DIFF***
ARCH:    INUM:      130 PC: 0x0144
VERILOG: INUM:      130 PC: 0x016c
INST:    0000 1000 0000 0000 nop ***DIFF***
ARCH:    INUM:      131 PC: 0x0146
VERILOG: INUM:      131 PC: 0x016e
INST:    0000 1000 0000 0000 nop ***DIFF***
ARCH:    INUM:      132 PC: 0x0148
VERILOG: INUM:      132 PC: 0x0170
INST:    0000 1000 0000 0000 nop ***DIFF***
ARCH:    INUM:      133 PC: 0x014a
VERILOG: INUM:      133 PC: 0x0172
INST:    0000 1000 0000 0000 nop ***DIFF***
ARCH:    INUM:      134 PC: 0x014c
VERILOG: INUM:      134 PC: 0x0174
INST:    0000 1000 0000 0000 nop ***DIFF***
ARCH:    INUM:      135 PC: 0x014e
VERILOG: INUM:      135 PC: 0x0176
INST:    0000 1000 0000 0000 nop ***DIFF***
ARCH:    INUM:      136 PC: 0x0150
VERILOG: INUM:      136 PC: 0x0178
INST:    0111 1100 0001 1000 bgez r4, 24 ***DIFF***
ARCH:    INUM:      137 PC: 0x0152
VERILOG: INUM:      137 PC: 0x017a
INST:    0000 1000 0000 0000 nop ***DIFF***
ARCH:    INUM:      138 PC: 0x0154
VERILOG: INUM:      138 PC: 0x017c
INST:    0000 1000 0000 0000 nop ***DIFF***
ARCH:    INUM:      139 PC: 0x0156
VERILOG: INUM:      139 PC: 0x017e
INST:    0000 1000 0000 0000 nop ***DIFF***
ARCH:    INUM:      140 PC: 0x0158
VERILOG: INUM:      140 PC: 0x0180
INST:    0000 1000 0000 0000 nop ***DIFF***
ARCH:    INUM:      141 PC: 0x015a
VERILOG: INUM:      141 PC: 0x0182
INST:    0000 1000 0000 0000 nop ***DIFF***
ARCH:    INUM:      142 PC: 0x015c
VERILOG: INUM:      142 PC: 0x0184
INST:    0000 1000 0000 0000 nop ***DIFF***
ARCH:    INUM:      143 PC: 0x015e
VERILOG: INUM:      143 PC: 0x0186
INST:    0000 1000 0000 0000 nop ***DIFF***
ARCH:    INUM:      144 PC: 0x0160
VERILOG: INUM:      144 PC: 0x0198
INST:    0000 1000 0000 0000 nop ***DIFF***
ARCH:    INUM:      145 PC: 0x0162
VERILOG: INUM:      145 PC: 0x019a
INST:    0000 1000 0000 0000 nop ***DIFF***
ARCH:    INUM:      146 PC: 0x0164
VERILOG: INUM:      146 PC: 0x019c
INST:    0000 1000 0000 0000 nop ***DIFF***
ARCH:    INUM:      147 PC: 0x0166
VERILOG: INUM:      147 PC: 0x019e
INST:    0000 1000 0000 0000 nop ***DIFF***
ARCH:    INUM:      148 PC: 0x0168
VERILOG: INUM:      148 PC: 0x01a0
INST:    0000 1000 0000 0000 nop ***DIFF***
ARCH:    INUM:      149 PC: 0x016a
VERILOG: INUM:      149 PC: 0x01a2
INST:    0000 1000 0000 0000 nop ***DIFF***
ARCH:    INUM:      150 PC: 0x016c
VERILOG: INUM:      150 PC: 0x01a4
INST:    0000 1000 0000 0000 nop ***DIFF***
ARCH:    INUM:      151 PC: 0x016e
VERILOG: INUM:      151 PC: 0x01a6
INST:    0000 1000 0000 0000 nop ***DIFF***
ARCH:    INUM:      152 PC: 0x0170
VERILOG: INUM:      152 PC: 0x01a8
INST:    0000 1000 0000 0000 nop ***DIFF***
ARCH:    INUM:      153 PC: 0x0172
VERILOG: INUM:      153 PC: 0x01aa
INST:    0000 1000 0000 0000 nop ***DIFF***
ARCH:    INUM:      154 PC: 0x0174
VERILOG: INUM:      154 PC: 0x01bc
INST:    0000 1000 0000 0000 nop ***DIFF***
ARCH:    INUM:      155 PC: 0x0176
VERILOG: INUM:      155 PC: 0x01be
INST:    0000 1000 0000 0000 nop ***DIFF***
ARCH:    INUM:      156 PC: 0x0178
VERILOG: INUM:      156 PC: 0x01c0
INST:    0000 1000 0000 0000 nop ***DIFF***
ARCH:    INUM:      157 PC: 0x017a
VERILOG: INUM:      157 PC: 0x01c2
INST:    0000 1000 0000 0000 nop ***DIFF***
ARCH:    INUM:      158 PC: 0x017c
VERILOG: INUM:      158 PC: 0x01c4
INST:    0000 1000 0000 0000 nop ***DIFF***
ARCH:    INUM:      159 PC: 0x017e
VERILOG: INUM:      159 PC: 0x01c6
INST:    0000 1000 0000 0000 nop ***DIFF***
ARCH:    INUM:      160 PC: 0x0180
VERILOG: INUM:      160 PC: 0x01c8
INST:    0000 1000 0000 0000 nop ***DIFF***
ARCH:    INUM:      161 PC: 0x0182
VERILOG: INUM:      161 PC: 0x01ca
INST:    0000 1000 0000 0000 nop ***DIFF***
ARCH:    INUM:      162 PC: 0x0184
VERILOG: INUM:      162 PC: 0x01cc
INST:    0111 1111 0001 0000 bgez r7, 16 ***DIFF***
ARCH:    INUM:      163 PC: 0x0186
VERILOG: INUM:      163 PC: 0x01ce
INST:    0000 1000 0000 0000 nop ***DIFF***
ARCH:    INUM:      164 PC: 0x0198
VERILOG: INUM:      164 PC: 0x01d0
INST:    0000 1000 0000 0000 nop ***DIFF***
ARCH:    INUM:      165 PC: 0x019a
VERILOG: INUM:      165 PC: 0x01d2
INST:    0000 1000 0000 0000 nop ***DIFF***
ARCH:    INUM:      166 PC: 0x019c
VERILOG: INUM:      166 PC: 0x01d4
INST:    0000 1000 0000 0000 nop ***DIFF***
ARCH:    INUM:      167 PC: 0x019e
VERILOG: INUM:      167 PC: 0x01d6
INST:    0000 1000 0000 0000 nop ***DIFF***
ARCH:    INUM:      168 PC: 0x01a0
VERILOG: INUM:      168 PC: 0x01d8
INST:    0000 1000 0000 0000 nop ***DIFF***
ARCH:    INUM:      169 PC: 0x01a2
VERILOG: INUM:      169 PC: 0x01da
INST:    0000 1000 0000 0000 nop ***DIFF***
ARCH:    INUM:      170 PC: 0x01a4
VERILOG: INUM:      170 PC: 0x01dc
INST:    0000 1000 0000 0000 nop ***DIFF***
ARCH:    INUM:      171 PC: 0x01a6
VERILOG: INUM:      171 PC: 0x01de
INST:    0000 1000 0000 0000 nop ***DIFF***
ARCH:    INUM:      172 PC: 0x01a8
VERILOG: INUM:      172 PC: 0x01e0
INST:    0111 1110 0001 0000 bgez r6, 16 ***DIFF***
ARCH:    INUM:      173 PC: 0x01aa
VERILOG: INUM:      173 PC: 0x01e2
INST:    0000 1000 0000 0000 nop ***DIFF***
ARCH:    INUM:      174 PC: 0x01bc
VERILOG: INUM:      174 PC: 0x01e4
INST:    0000 1000 0000 0000 nop ***DIFF***
ARCH:    INUM:      175 PC: 0x01be
VERILOG: INUM:      175 PC: 0x01e6
INST:    0000 1000 0000 0000 nop ***DIFF***
ARCH:    INUM:      176 PC: 0x01c0
VERILOG: INUM:      176 PC: 0x01e8
INST:    0000 1000 0000 0000 nop ***DIFF***
ARCH:    INUM:      177 PC: 0x01c2
VERILOG: INUM:      177 PC: 0x01ea
INST:    0000 1000 0000 0000 nop ***DIFF***
ARCH:    INUM:      178 PC: 0x01c4
VERILOG: INUM:      178 PC: 0x01ec
INST:    0000 1000 0000 0000 nop ***DIFF***
ARCH:    INUM:      179 PC: 0x01c6
VERILOG: INUM:      179 PC: 0x01ee
INST:    0000 1000 0000 0000 nop ***DIFF***
ARCH:    INUM:      180 PC: 0x01c8
VERILOG: INUM:      180 PC: 0x01f0
INST:    0000 1000 0000 0000 nop ***DIFF***
ARCH:    INUM:      181 PC: 0x01ca
VERILOG: INUM:      181 PC: 0x01f2
INST:    0000 1000 0000 0000 nop ***DIFF***
ARCH:    INUM:      182 PC: 0x01cc
VERILOG: INUM:      182 PC: 0x01f4
INST:    0111 1110 0001 1000 bgez r6, 24 ***DIFF***
ARCH:    INUM:      183 PC: 0x01ce
VERILOG: INUM:      183 PC: 0x01f6
INST:    0000 1000 0000 0000 nop ***DIFF***
ARCH:    INUM:      184 PC: 0x01e8
VERILOG: INUM:      184 PC: 0x01f8
INST:    0000 1000 0000 0000 nop ***DIFF***
ARCH:    INUM:      185 PC: 0x01ea
VERILOG: INUM:      185 PC: 0x01fa
INST:    0000 1000 0000 0000 nop ***DIFF***
ARCH:    INUM:      186 PC: 0x01ec
VERILOG: INUM:      186 PC: 0x01fc
INST:    0000 1000 0000 0000 nop ***DIFF***
ARCH:    INUM:      187 PC: 0x01ee
VERILOG: INUM:      187 PC: 0x01fe
INST:    0000 1000 0000 0000 nop ***DIFF***
ARCH:    INUM:      188 PC: 0x01f0
VERILOG: INUM:      188 PC: 0x0200
INST:    0000 1000 0000 0000 nop ***DIFF***
ARCH:    INUM:      189 PC: 0x01f2
VERILOG: INUM:      189 PC: 0x0202
INST:    0000 1000 0000 0000 nop ***DIFF***
ARCH:    INUM:      190 PC: 0x01f4
VERILOG: INUM:      190 PC: 0x020c
INST:    0000 1000 0000 0000 nop ***DIFF***
ARCH:    INUM:      191 PC: 0x01f6
VERILOG: INUM:      191 PC: 0x020e
INST:    0000 1000 0000 0000 nop ***DIFF***
ARCH:    INUM:      192 PC: 0x01f8
VERILOG: INUM:      192 PC: 0x0210
INST:    0000 1000 0000 0000 nop ***DIFF***
ARCH:    INUM:      193 PC: 0x01fa
VERILOG: INUM:      193 PC: 0x0212
INST:    0000 1000 0000 0000 nop ***DIFF***
ARCH:    INUM:      194 PC: 0x01fc
VERILOG: INUM:      194 PC: 0x0214
INST:    0000 1000 0000 0000 nop ***DIFF***
ARCH:    INUM:      195 PC: 0x01fe
VERILOG: 
INST:    0000 1000 0000 0000 nop ***DIFF***
ARCH:    INUM:      196 PC: 0x0200
VERILOG: 
INST:    0111 1001 0000 1000 bgez r1, 8 ***DIFF***
ARCH:    INUM:      197 PC: 0x0202
VERILOG: 
INST:    0000 1000 0000 0000 nop ***DIFF***
ARCH:    INUM:      198 PC: 0x020c
VERILOG: 
INST:    0000 1000 0000 0000 nop ***DIFF***
ARCH:    INUM:      199 PC: 0x020e
VERILOG: 
INST:    0000 1000 0000 0000 nop ***DIFF***
ARCH:    INUM:      200 PC: 0x0210
VERILOG: 
INST:    0000 1000 0000 0000 nop ***DIFF***
ARCH:    INUM:      201 PC: 0x0212
VERILOG: 
INST:    0000 0000 0000 0000 halt ***DIFF***
ARCH:    INUM:      202 PC: 0x0214
VERILOG: 
