SIMLOG:: Cycle           4 PC:     0000 I:     c0d4 R: 1   0     ffd4 M: 0 0     ffd4     0000
SIMLOG:: Cycle           5 PC:     0002 I:     90f9 R: 1   0     d4f9 M: 0 0     d4f9     0000
SIMLOG:: Cycle           6 PC:     0004 I:     c176 R: 1   1     0076 M: 0 0     0076     0000
SIMLOG:: Cycle           7 PC:     0006 I:     91e9 R: 1   1     76e9 M: 0 0     76e9     0000
SIMLOG:: Cycle           8 PC:     0008 I:     c29f R: 1   2     ff9f M: 0 0     ff9f     0000
SIMLOG:: Cycle           9 PC:     000a I:     9252 R: 1   2     9f52 M: 0 0     9f52     ff9f
SIMLOG:: Cycle          10 PC:     000c I:     c3d0 R: 1   3     ffd0 M: 0 0     ffd0     0000
SIMLOG:: Cycle          11 PC:     000e I:     936f R: 1   3     d06f M: 0 0     d06f     ffd0
SIMLOG:: Cycle          12 PC:     0010 I:     c485 R: 1   4     ff85 M: 0 0     ff85     0000
SIMLOG:: Cycle          13 PC:     0012 I:     940c R: 1   4     850c M: 0 0     850c     d4f9
SIMLOG:: Cycle          14 PC:     0014 I:     c5ac R: 1   5     ffac M: 0 0     ffac     0000
SIMLOG:: Cycle          15 PC:     0016 I:     9514 R: 1   5     ac14 M: 0 0     ac14     d4f9
SIMLOG:: Cycle          16 PC:     0018 I:     c60e R: 1   6     000e M: 0 0     000e     d4f9
SIMLOG:: Cycle          17 PC:     001a I:     96c3 R: 1   6     0ec3 M: 0 0     0ec3     000e
SIMLOG:: Cycle          18 PC:     001c I:     c750 R: 1   7     0050 M: 0 0     0050     9f52
SIMLOG:: Cycle          19 PC:     001e I:     97f3 R: 1   7     50f3 M: 0 0     50f3     0050
SIMLOG:: Cycle          20 PC:     0020 I:     c200 R: 1   2     0000 M: 0 0     0000     d4f9
SIMLOG:: Cycle          21 PC:     0022 I:     c100 R: 1   1     0000 M: 0 0     0000     d4f9
SIMLOG:: Cycle          22 PC:     0024 I:     0800 R: 0   0     d4f9 M: 0 0     d4f9     d4f9
SIMLOG:: Cycle          23 PC:     0026 I:     7800 R: 0   0     d4f9 M: 0 0     d4f9     d4f9
SIMLOG:: Cycle          24 PC:     0028 I:     0800 R: 0   0     d4f9 M: 0 0     d4f9     d4f9
SIMLOG:: Cycle          25 PC:     002a I:     7f08 R: 0   0     f350 M: 0 0     f350     d4f9
SIMLOG:: Cycle          26 PC:     002c I:     0800 R: 0   0     d4f9 M: 0 0     d4f9     d4f9
SIMLOG:: Cycle          27 PC:     002e I:     0800 R: 0   0     d4f9 M: 0 0     d4f9     d4f9
SIMLOG:: Cycle          28 PC:     0030 I:     0800 R: 0   0     d4f9 M: 0 0     d4f9     d4f9
SIMLOG:: Cycle          29 PC:     0032 I:     0800 R: 0   0     d4f9 M: 0 0     d4f9     d4f9
SIMLOG:: Cycle          30 PC:     0034 I:     0800 R: 0   0     d4f9 M: 0 0     d4f9     d4f9
SIMLOG:: Cycle          31 PC:     0036 I:     0800 R: 0   0     d4f9 M: 0 0     d4f9     d4f9
SIMLOG:: Cycle          32 PC:     0038 I:     0800 R: 0   0     d4f9 M: 0 0     d4f9     d4f9
SIMLOG:: Cycle          33 PC:     003a I:     0800 R: 0   0     d4f9 M: 0 0     d4f9     d4f9
SIMLOG:: Cycle          34 PC:     003c I:     0800 R: 0   0     d4f9 M: 0 0     d4f9     d4f9
SIMLOG:: Cycle          35 PC:     003e I:     7e08 R: 0   0     c30e M: 0 0     c30e     d4f9
SIMLOG:: Cycle          36 PC:     0040 I:     0800 R: 0   0     d4f9 M: 0 0     d4f9     d4f9
SIMLOG:: Cycle          37 PC:     0042 I:     0800 R: 0   0     d4f9 M: 0 0     d4f9     d4f9
SIMLOG:: Cycle          38 PC:     0044 I:     0800 R: 0   0     d4f9 M: 0 0     d4f9     d4f9
SIMLOG:: Cycle          39 PC:     0046 I:     0800 R: 0   0     d4f9 M: 0 0     d4f9     d4f9
SIMLOG:: Cycle          40 PC:     0048 I:     0800 R: 0   0     d4f9 M: 0 0     d4f9     d4f9
SIMLOG:: Cycle          41 PC:     004a I:     0800 R: 0   0     d4f9 M: 0 0     d4f9     d4f9
SIMLOG:: Cycle          42 PC:     004c I:     0800 R: 0   0     d4f9 M: 0 0     d4f9     d4f9
SIMLOG:: Cycle          43 PC:     004e I:     0800 R: 0   0     d4f9 M: 0 0     d4f9     d4f9
SIMLOG:: Cycle          44 PC:     0050 I:     0800 R: 0   0     d4f9 M: 0 0     d4f9     d4f9
SIMLOG:: Cycle          45 PC:     0052 I:     7b04 R: 0   0     06fd M: 0 0     06fd     d4f9
SIMLOG:: Cycle          46 PC:     0058 I:     0800 R: 0   0     d4f9 M: 0 0     d4f9     d4f9
SIMLOG:: Cycle          47 PC:     005a I:     0800 R: 0   0     d4f9 M: 0 0     d4f9     d4f9
SIMLOG:: Cycle          48 PC:     005c I:     0800 R: 0   0     d4f9 M: 0 0     d4f9     d4f9
SIMLOG:: Cycle          49 PC:     005e I:     7f1c R: 0   0     350f M: 0 0     350f     d4f9
SIMLOG:: Cycle          50 PC:     007c I:     0800 R: 0   0     d4f9 M: 0 0     d4f9     d4f9
SIMLOG:: Cycle          51 PC:     007e I:     0800 R: 0   0     d4f9 M: 0 0     d4f9     d4f9
SIMLOG:: Cycle          52 PC:     0080 I:     0800 R: 0   0     d4f9 M: 0 0     d4f9     d4f9
SIMLOG:: Cycle          53 PC:     0082 I:     0800 R: 0   0     d4f9 M: 0 0     d4f9     d4f9
SIMLOG:: Cycle          54 PC:     0084 I:     0800 R: 0   0     d4f9 M: 0 0     d4f9     d4f9
SIMLOG:: Cycle          55 PC:     0086 I:     0800 R: 0   0     d4f9 M: 0 0     d4f9     d4f9
SIMLOG:: Cycle          56 PC:     0088 I:     0800 R: 0   0     d4f9 M: 0 0     d4f9     d4f9
SIMLOG:: Cycle          57 PC:     008a I:     0800 R: 0   0     d4f9 M: 0 0     d4f9     d4f9
SIMLOG:: Cycle          58 PC:     008c I:     0800 R: 0   0     d4f9 M: 0 0     d4f9     d4f9
SIMLOG:: Cycle          59 PC:     008e I:     0800 R: 0   0     d4f9 M: 0 0     d4f9     d4f9
SIMLOG:: Cycle          60 PC:     0090 I:     0800 R: 0   0     d4f9 M: 0 0     d4f9     d4f9
SIMLOG:: Cycle          61 PC:     0092 I:     0800 R: 0   0     d4f9 M: 0 0     d4f9     d4f9
SIMLOG:: Cycle          62 PC:     0094 I:     0800 R: 0   0     d4f9 M: 0 0     d4f9     d4f9
SIMLOG:: Cycle          63 PC:     0096 I:     0800 R: 0   0     d4f9 M: 0 0     d4f9     d4f9
SIMLOG:: Cycle          64 PC:     0098 I:     0800 R: 0   0     d4f9 M: 0 0     d4f9     d4f9
SIMLOG:: Cycle          65 PC:     009a I:     7e10 R: 0   0     0ec3 M: 0 0     0ec3     d4f9
SIMLOG:: Cycle          66 PC:     00ac I:     0800 R: 0   0     d4f9 M: 0 0     d4f9     d4f9
SIMLOG:: Cycle          67 PC:     00ae I:     0800 R: 0   0     d4f9 M: 0 0     d4f9     d4f9
SIMLOG:: Cycle          68 PC:     00b0 I:     0800 R: 0   0     d4f9 M: 0 0     d4f9     d4f9
SIMLOG:: Cycle          69 PC:     00b2 I:     0800 R: 0   0     d4f9 M: 0 0     d4f9     d4f9
SIMLOG:: Cycle          70 PC:     00b4 I:     0800 R: 0   0     d4f9 M: 0 0     d4f9     d4f9
SIMLOG:: Cycle          71 PC:     00b6 I:     0800 R: 0   0     d4f9 M: 0 0     d4f9     d4f9
SIMLOG:: Cycle          72 PC:     00b8 I:     0800 R: 0   0     d4f9 M: 0 0     d4f9     d4f9
SIMLOG:: Cycle          73 PC:     00ba I:     0800 R: 0   0     d4f9 M: 0 0     d4f9     d4f9
SIMLOG:: Cycle          74 PC:     00bc I:     0800 R: 0   0     d4f9 M: 0 0     d4f9     d4f9
SIMLOG:: Cycle          75 PC:     00be I:     7c1c R: 0   0     c850 M: 0 0     c850     d4f9
SIMLOG:: Cycle          76 PC:     00c0 I:     0800 R: 0   0     d4f9 M: 0 0     d4f9     d4f9
SIMLOG:: Cycle          77 PC:     00c2 I:     0800 R: 0   0     d4f9 M: 0 0     d4f9     d4f9
SIMLOG:: Cycle          78 PC:     00c4 I:     0800 R: 0   0     d4f9 M: 0 0     d4f9     d4f9
SIMLOG:: Cycle          79 PC:     00c6 I:     0800 R: 0   0     d4f9 M: 0 0     d4f9     d4f9
SIMLOG:: Cycle          80 PC:     00c8 I:     0800 R: 0   0     d4f9 M: 0 0     d4f9     d4f9
SIMLOG:: Cycle          81 PC:     00ca I:     0800 R: 0   0     d4f9 M: 0 0     d4f9     d4f9
SIMLOG:: Cycle          82 PC:     00cc I:     0800 R: 0   0     d4f9 M: 0 0     d4f9     d4f9
SIMLOG:: Cycle          83 PC:     00ce I:     0800 R: 0   0     d4f9 M: 0 0     d4f9     d4f9
SIMLOG:: Cycle          84 PC:     00d0 I:     0800 R: 0   0     d4f9 M: 0 0     d4f9     d4f9
SIMLOG:: Cycle          85 PC:     00d2 I:     0800 R: 0   0     d4f9 M: 0 0     d4f9     d4f9
SIMLOG:: Cycle          86 PC:     00d4 I:     0800 R: 0   0     d4f9 M: 0 0     d4f9     d4f9
SIMLOG:: Cycle          87 PC:     00d6 I:     0800 R: 0   0     d4f9 M: 0 0     d4f9     d4f9
SIMLOG:: Cycle          88 PC:     00d8 I:     0800 R: 0   0     d4f9 M: 0 0     d4f9     d4f9
SIMLOG:: Cycle          89 PC:     00da I:     0800 R: 0   0     d4f9 M: 0 0     d4f9     d4f9
SIMLOG:: Cycle          90 PC:     00dc I:     0800 R: 0   0     d4f9 M: 0 0     d4f9     d4f9
SIMLOG:: Cycle          91 PC:     00de I:     0800 R: 0   0     d4f9 M: 0 0     d4f9     d4f9
SIMLOG:: Cycle          92 PC:     00e0 I:     0800 R: 0   0     d4f9 M: 0 0     d4f9     d4f9
SIMLOG:: Cycle          93 PC:     00e2 I:     0800 R: 0   0     d4f9 M: 0 0     d4f9     d4f9
SIMLOG:: Cycle          94 PC:     00e4 I:     0800 R: 0   0     d4f9 M: 0 0     d4f9     d4f9
SIMLOG:: Cycle          95 PC:     00e6 I:     0800 R: 0   0     d4f9 M: 0 0     d4f9     d4f9
SIMLOG:: Cycle          96 PC:     00e8 I:     0800 R: 0   0     d4f9 M: 0 0     d4f9     d4f9
SIMLOG:: Cycle          97 PC:     00ea I:     0800 R: 0   0     d4f9 M: 0 0     d4f9     d4f9
SIMLOG:: Cycle          98 PC:     00ec I:     0800 R: 0   0     d4f9 M: 0 0     d4f9     d4f9
SIMLOG:: Cycle          99 PC:     00ee I:     0800 R: 0   0     d4f9 M: 0 0     d4f9     d4f9
SIMLOG:: Cycle         100 PC:     00f0 I:     0800 R: 0   0     d4f9 M: 0 0     d4f9     d4f9
SIMLOG:: Cycle         101 PC:     00f2 I:     0800 R: 0   0     d4f9 M: 0 0     d4f9     d4f9
SIMLOG:: Cycle         102 PC:     00f4 I:     0800 R: 0   0     d4f9 M: 0 0     d4f9     d4f9
SIMLOG:: Cycle         103 PC:     00f6 I:     0800 R: 0   0     d4f9 M: 0 0     d4f9     d4f9
SIMLOG:: Cycle         104 PC:     00f8 I:     0800 R: 0   0     d4f9 M: 0 0     d4f9     d4f9
SIMLOG:: Cycle         105 PC:     00fa I:     7904 R: 0   0     0000 M: 0 0     0000     d4f9
SIMLOG:: Cycle         106 PC:     0100 I:     0800 R: 0   0     d4f9 M: 0 0     d4f9     d4f9
SIMLOG:: Cycle         107 PC:     0102 I:     0800 R: 0   0     d4f9 M: 0 0     d4f9     d4f9
SIMLOG:: Cycle         108 PC:     0104 I:     0800 R: 0   0     d4f9 M: 0 0     d4f9     d4f9
SIMLOG:: Cycle         109 PC:     0106 I:     7d04 R: 0   0     c14a M: 0 0     c14a     d4f9
SIMLOG:: Cycle         110 PC:     0108 I:     0800 R: 0   0     d4f9 M: 0 0     d4f9     d4f9
SIMLOG:: Cycle         111 PC:     010a I:     0800 R: 0   0     d4f9 M: 0 0     d4f9     d4f9
SIMLOG:: Cycle         112 PC:     010c I:     0800 R: 0   0     d4f9 M: 0 0     d4f9     d4f9
SIMLOG:: Cycle         113 PC:     010e I:     0800 R: 0   0     d4f9 M: 0 0     d4f9     d4f9
SIMLOG:: Cycle         114 PC:     0110 I:     0800 R: 0   0     d4f9 M: 0 0     d4f9     d4f9
SIMLOG:: Cycle         115 PC:     0112 I:     7800 R: 0   0     d4f9 M: 0 0     d4f9     d4f9
SIMLOG:: Cycle         116 PC:     0114 I:     0800 R: 0   0     d4f9 M: 0 0     d4f9     d4f9
SIMLOG:: Cycle         117 PC:     0116 I:     7d1c R: 0   0     4ac1 M: 0 0     4ac1     d4f9
SIMLOG:: Cycle         118 PC:     0134 I:     0800 R: 0   0     d4f9 M: 0 0     d4f9     d4f9
SIMLOG:: Cycle         119 PC:     0136 I:     0800 R: 0   0     d4f9 M: 0 0     d4f9     d4f9
SIMLOG:: Cycle         120 PC:     0138 I:     0800 R: 0   0     d4f9 M: 0 0     d4f9     d4f9
SIMLOG:: Cycle         121 PC:     013a I:     0800 R: 0   0     d4f9 M: 0 0     d4f9     d4f9
SIMLOG:: Cycle         122 PC:     013c I:     0800 R: 0   0     d4f9 M: 0 0     d4f9     d4f9
SIMLOG:: Cycle         123 PC:     013e I:     0800 R: 0   0     d4f9 M: 0 0     d4f9     d4f9
SIMLOG:: Cycle         124 PC:     0140 I:     0800 R: 0   0     d4f9 M: 0 0     d4f9     d4f9
SIMLOG:: Cycle         125 PC:     0142 I:     0800 R: 0   0     d4f9 M: 0 0     d4f9     d4f9
SIMLOG:: Cycle         126 PC:     0144 I:     0800 R: 0   0     d4f9 M: 0 0     d4f9     d4f9
SIMLOG:: Cycle         127 PC:     0146 I:     0800 R: 0   0     d4f9 M: 0 0     d4f9     d4f9
SIMLOG:: Cycle         128 PC:     0148 I:     0800 R: 0   0     d4f9 M: 0 0     d4f9     d4f9
SIMLOG:: Cycle         129 PC:     014a I:     0800 R: 0   0     d4f9 M: 0 0     d4f9     d4f9
SIMLOG:: Cycle         130 PC:     014c I:     0800 R: 0   0     d4f9 M: 0 0     d4f9     d4f9
SIMLOG:: Cycle         131 PC:     014e I:     0800 R: 0   0     d4f9 M: 0 0     d4f9     d4f9
SIMLOG:: Cycle         132 PC:     0150 I:     0800 R: 0   0     d4f9 M: 0 0     d4f9     d4f9
SIMLOG:: Cycle         133 PC:     0152 I:     7c18 R: 0   0     0c85 M: 0 0     0c85     d4f9
SIMLOG:: Cycle         134 PC:     016c I:     0800 R: 0   0     d4f9 M: 0 0     d4f9     d4f9
SIMLOG:: Cycle         135 PC:     016e I:     0800 R: 0   0     d4f9 M: 0 0     d4f9     d4f9
SIMLOG:: Cycle         136 PC:     0170 I:     0800 R: 0   0     d4f9 M: 0 0     d4f9     d4f9
SIMLOG:: Cycle         137 PC:     0172 I:     0800 R: 0   0     d4f9 M: 0 0     d4f9     d4f9
SIMLOG:: Cycle         138 PC:     0174 I:     0800 R: 0   0     d4f9 M: 0 0     d4f9     d4f9
SIMLOG:: Cycle         139 PC:     0176 I:     0800 R: 0   0     d4f9 M: 0 0     d4f9     d4f9
SIMLOG:: Cycle         140 PC:     0178 I:     0800 R: 0   0     d4f9 M: 0 0     d4f9     d4f9
SIMLOG:: Cycle         141 PC:     017a I:     0800 R: 0   0     d4f9 M: 0 0     d4f9     d4f9
SIMLOG:: Cycle         142 PC:     017c I:     0800 R: 0   0     d4f9 M: 0 0     d4f9     d4f9
SIMLOG:: Cycle         143 PC:     017e I:     0800 R: 0   0     d4f9 M: 0 0     d4f9     d4f9
SIMLOG:: Cycle         144 PC:     0180 I:     0800 R: 0   0     d4f9 M: 0 0     d4f9     d4f9
SIMLOG:: Cycle         145 PC:     0182 I:     0800 R: 0   0     d4f9 M: 0 0     d4f9     d4f9
SIMLOG:: Cycle         146 PC:     0184 I:     0800 R: 0   0     d4f9 M: 0 0     d4f9     d4f9
SIMLOG:: Cycle         147 PC:     0186 I:     7f10 R: 0   0     50f3 M: 0 0     50f3     d4f9
SIMLOG:: Cycle         148 PC:     0198 I:     0800 R: 0   0     d4f9 M: 0 0     d4f9     d4f9
SIMLOG:: Cycle         149 PC:     019a I:     0800 R: 0   0     d4f9 M: 0 0     d4f9     d4f9
SIMLOG:: Cycle         150 PC:     019c I:     0800 R: 0   0     d4f9 M: 0 0     d4f9     d4f9
SIMLOG:: Cycle         151 PC:     019e I:     0800 R: 0   0     d4f9 M: 0 0     d4f9     d4f9
SIMLOG:: Cycle         152 PC:     01a0 I:     0800 R: 0   0     d4f9 M: 0 0     d4f9     d4f9
SIMLOG:: Cycle         153 PC:     01a2 I:     0800 R: 0   0     d4f9 M: 0 0     d4f9     d4f9
SIMLOG:: Cycle         154 PC:     01a4 I:     0800 R: 0   0     d4f9 M: 0 0     d4f9     d4f9
SIMLOG:: Cycle         155 PC:     01a6 I:     0800 R: 0   0     d4f9 M: 0 0     d4f9     d4f9
SIMLOG:: Cycle         156 PC:     01a8 I:     0800 R: 0   0     d4f9 M: 0 0     d4f9     d4f9
SIMLOG:: Cycle         157 PC:     01aa I:     7e10 R: 0   0     0ec3 M: 0 0     0ec3     d4f9
SIMLOG:: Cycle         158 PC:     01bc I:     0800 R: 0   0     d4f9 M: 0 0     d4f9     d4f9
SIMLOG:: Cycle         159 PC:     01be I:     0800 R: 0   0     d4f9 M: 0 0     d4f9     d4f9
SIMLOG:: Cycle         160 PC:     01c0 I:     0800 R: 0   0     d4f9 M: 0 0     d4f9     d4f9
SIMLOG:: Cycle         161 PC:     01c2 I:     0800 R: 0   0     d4f9 M: 0 0     d4f9     d4f9
SIMLOG:: Cycle         162 PC:     01c4 I:     0800 R: 0   0     d4f9 M: 0 0     d4f9     d4f9
SIMLOG:: Cycle         163 PC:     01c6 I:     0800 R: 0   0     d4f9 M: 0 0     d4f9     d4f9
SIMLOG:: Cycle         164 PC:     01c8 I:     0800 R: 0   0     d4f9 M: 0 0     d4f9     d4f9
SIMLOG:: Cycle         165 PC:     01ca I:     0800 R: 0   0     d4f9 M: 0 0     d4f9     d4f9
SIMLOG:: Cycle         166 PC:     01cc I:     0800 R: 0   0     d4f9 M: 0 0     d4f9     d4f9
SIMLOG:: Cycle         167 PC:     01ce I:     7e18 R: 0   0     c30e M: 0 0     c30e     d4f9
SIMLOG:: Cycle         168 PC:     01d0 I:     0800 R: 0   0     d4f9 M: 0 0     d4f9     d4f9
SIMLOG:: Cycle         169 PC:     01d2 I:     0800 R: 0   0     d4f9 M: 0 0     d4f9     d4f9
SIMLOG:: Cycle         170 PC:     01d4 I:     0800 R: 0   0     d4f9 M: 0 0     d4f9     d4f9
SIMLOG:: Cycle         171 PC:     01d6 I:     0800 R: 0   0     d4f9 M: 0 0     d4f9     d4f9
SIMLOG:: Cycle         172 PC:     01d8 I:     0800 R: 0   0     d4f9 M: 0 0     d4f9     d4f9
SIMLOG:: Cycle         173 PC:     01da I:     0800 R: 0   0     d4f9 M: 0 0     d4f9     d4f9
SIMLOG:: Cycle         174 PC:     01dc I:     0800 R: 0   0     d4f9 M: 0 0     d4f9     d4f9
SIMLOG:: Cycle         175 PC:     01de I:     0800 R: 0   0     d4f9 M: 0 0     d4f9     d4f9
SIMLOG:: Cycle         176 PC:     01e0 I:     0800 R: 0   0     d4f9 M: 0 0     d4f9     d4f9
SIMLOG:: Cycle         177 PC:     01e2 I:     0800 R: 0   0     d4f9 M: 0 0     d4f9     d4f9
SIMLOG:: Cycle         178 PC:     01e4 I:     0800 R: 0   0     d4f9 M: 0 0     d4f9     d4f9
SIMLOG:: Cycle         179 PC:     01e6 I:     0800 R: 0   0     d4f9 M: 0 0     d4f9     d4f9
SIMLOG:: Cycle         180 PC:     01e8 I:     0800 R: 0   0     d4f9 M: 0 0     d4f9     d4f9
SIMLOG:: Cycle         181 PC:     01ea I:     0800 R: 0   0     d4f9 M: 0 0     d4f9     d4f9
SIMLOG:: Cycle         182 PC:     01ec I:     0800 R: 0   0     d4f9 M: 0 0     d4f9     d4f9
SIMLOG:: Cycle         183 PC:     01ee I:     0800 R: 0   0     d4f9 M: 0 0     d4f9     d4f9
SIMLOG:: Cycle         184 PC:     01f0 I:     0800 R: 0   0     d4f9 M: 0 0     d4f9     d4f9
SIMLOG:: Cycle         185 PC:     01f2 I:     0800 R: 0   0     d4f9 M: 0 0     d4f9     d4f9
SIMLOG:: Cycle         186 PC:     01f4 I:     0800 R: 0   0     d4f9 M: 0 0     d4f9     d4f9
SIMLOG:: Cycle         187 PC:     01f6 I:     0800 R: 0   0     d4f9 M: 0 0     d4f9     d4f9
SIMLOG:: Cycle         188 PC:     01f8 I:     0800 R: 0   0     d4f9 M: 0 0     d4f9     d4f9
SIMLOG:: Cycle         189 PC:     01fa I:     0800 R: 0   0     d4f9 M: 0 0     d4f9     d4f9
SIMLOG:: Cycle         190 PC:     01fc I:     0800 R: 0   0     d4f9 M: 0 0     d4f9     d4f9
SIMLOG:: Cycle         191 PC:     01fe I:     0800 R: 0   0     d4f9 M: 0 0     d4f9     d4f9
SIMLOG:: Cycle         192 PC:     0200 I:     0800 R: 0   0     d4f9 M: 0 0     d4f9     d4f9
SIMLOG:: Cycle         193 PC:     0202 I:     7908 R: 0   0     0000 M: 0 0     0000     d4f9
SIMLOG:: Cycle         194 PC:     020c I:     0800 R: 0   0     d4f9 M: 0 0     d4f9     d4f9
SIMLOG:: Cycle         195 PC:     020e I:     0800 R: 0   0     d4f9 M: 0 0     d4f9     d4f9
SIMLOG:: Cycle         196 PC:     0210 I:     0800 R: 0   0     d4f9 M: 0 0     d4f9     d4f9
SIMLOG:: Cycle         197 PC:     0212 I:     0800 R: 0   0     d4f9 M: 0 0     d4f9     d4f9
SIMLOG:: Cycle         198 PC:     0214 I:     0000 R: 0   0     d4f9 M: 0 0     d4f9     d4f9
SIMLOG:: Processor halted

SIMLOG:: sim_cycles         198

SIMLOG:: inst_count         195

