Store Miss for Address 2132 
Store Miss for Address 56136 
Load Miss for Address 60362 
Load Miss for Address 26556 
Store Miss for Address 24388 
Load Miss for Address 1868 
Store Miss for Address 35964 
Load Miss for Address 16790 
Store Miss for Address 5500 
Store Miss for Address 23206 
Load Miss for Address 12184 
Load Miss for Address 23826 
Store Miss for Address 33910 
Load Miss for Address 61856 
Store Miss for Address 14468 
Store Miss for Address 9830 
Load Miss for Address 28198 
Load Miss for Address 44246 
Store Miss for Address 58398 
Store Miss for Address 40688 
Load Miss for Address 34612 
Load Miss for Address 36716 
Store Miss for Address 16328 
Load Miss for Address 31216 
Store Miss for Address 23086 
Store Miss for Address 22122 
Load Miss for Address 7226 
Store Miss for Address 6244 
Load Miss for Address 5414 
Load Miss for Address 2568 
Store Miss for Address 34122 
Load Miss for Address 44804 
Load Miss for Address 40312 with a Dirty Eviction 
Load Miss for Address 53640 
Store Miss for Address 13194 
Store Miss for Address 7764 
Load Miss for Address 31942 
Load Miss for Address 56744 
Load Miss for Address 39654 
Store Miss for Address 26726 with a Dirty Eviction 
Store Miss for Address 18838 with Eviction 
Store Miss for Address 7876 
Load Miss for Address 41212 
Store Miss for Address 49176 
Load Miss for Address 12932 
Load Miss for Address 43756 
Store Miss for Address 14530 
Load Miss for Address 29914 
Load Miss for Address 38702 
Store Miss for Address 61682 
Store Miss for Address 41616 
Store Miss for Address 62776 
Load Miss for Address 62316 
Load Miss for Address 34106 with a Dirty Eviction 
Load Miss for Address 50432 
Load Miss for Address 53254 
Load Miss for Address 22096 with a Dirty Eviction 
Store Miss for Address 44390 
Load Miss for Address 26844 
Load Miss for Address 20356 
Store Miss for Address 34224 
Store Miss for Address 46568 
Store Miss for Address 28072 with Eviction 
Store Miss for Address 55764 
Store Miss for Address 242 with a Dirty Eviction 
Load Miss for Address 39442 
Load Miss for Address 39382 with a Dirty Eviction 
Store Miss for Address 43256 with Eviction 
Load Miss for Address 56764 
Load Miss for Address 10972 
Store Miss for Address 16662 
Load Miss for Address 58026 
Store Miss for Address 48890 
Store Miss for Address 47984 
Store Miss for Address 38570 
Load Miss for Address 28558 
Load Miss for Address 10654 
Load Miss for Address 39422 
Load Miss for Address 45224 
Load Miss for Address 24326 with Eviction 
Load Miss for Address 5864 
Load Miss for Address 422 with Eviction 
Store Miss for Address 53780 with Eviction 
Store Miss for Address 25186 
Store Miss for Address 32224 
Store Miss for Address 50976 
Store Miss for Address 6006 
Load Miss for Address 60330 
Load Miss for Address 43472 with Eviction 
Store Miss for Address 51960 
Store Miss for Address 59486 
Store Miss for Address 11722 
Store Miss for Address 35436 
Load Miss for Address 3632 
Store Miss for Address 24554 
Store Miss for Address 24562 
Load Miss for Address 48226 
Store Miss for Address 11322 with Eviction 
Store Miss for Address 18250 with Eviction 
Load Miss for Address 44946 
Store Miss for Address 19586 
Load Miss for Address 59986 
Store Miss for Address 31512 
Store Miss for Address 32322 
Store Miss for Address 16090 
Store Miss for Address 56624 
Load Miss for Address 23834 
Store Miss for Address 5800 with a Dirty Eviction 
Store Miss for Address 10608 
Load Miss for Address 22316 with Eviction 
Load Miss for Address 46616 
Store Miss for Address 16568 
Store Miss for Address 27150 with Eviction 
Load Miss for Address 32734 
Store Miss for Address 39532 with a Dirty Eviction 
Load Miss for Address 5942 with Eviction 
Store Miss for Address 27242 with a Dirty Eviction 
Store Miss for Address 42586 
Load Miss for Address 64252 with a Dirty Eviction 
Store Miss for Address 51436 
Load Miss for Address 41130 with Eviction 
Store Miss for Address 10728 
Load Miss for Address 23490 
Store Miss for Address 7984 with Eviction 
Store Miss for Address 36076 
Store Miss for Address 16886 with Eviction 
Store Miss for Address 27006 
Store Miss for Address 11640 with Eviction 
Load Miss for Address 4140 
Store Miss for Address 59800 with Eviction 
Store Miss for Address 22780 with a Dirty Eviction 
Store Miss for Address 58248 with a Dirty Eviction 
Load Miss for Address 50232 with a Dirty Eviction 
Load Miss for Address 30552 
Store Miss for Address 32784 
Store Miss for Address 38886 
Store Miss for Address 54966 
Load Miss for Address 36294 
Store Miss for Address 5488 
Store Miss for Address 63830 
Store Miss for Address 47100 
Load Miss for Address 10530 
Load Miss for Address 10308 
Store Miss for Address 51938 with Eviction 
Store Miss for Address 60794 with a Dirty Eviction 
Store Miss for Address 104 
Load Miss for Address 54698 with a Dirty Eviction 
Load Miss for Address 37192 
Load Miss for Address 27482 
Store Miss for Address 22618 with a Dirty Eviction 
Store Miss for Address 18754 
Store Miss for Address 10096 with a Dirty Eviction 
Store Miss for Address 54658 
Store Miss for Address 27874 
Store Miss for Address 9154 with Eviction 
Load Miss for Address 56702 with a Dirty Eviction 
Store Miss for Address 65430 with Eviction 
Load Miss for Address 4648 with a Dirty Eviction 
Load Miss for Address 23982 with Eviction 
Store Miss for Address 5938 with a Dirty Eviction 
Load Miss for Address 32986 with Eviction 
Load Miss for Address 16450 with Eviction 
Store Miss for Address 54744 
Load Miss for Address 57028 with a Dirty Eviction 
Store Miss for Address 32256 
Store Miss for Address 16394 
Store Miss for Address 64050 
Load Miss for Address 40696 with a Dirty Eviction 
Load Miss for Address 15086 with Eviction 
Load Miss for Address 36350 
Load Miss for Address 31462 with a Dirty Eviction 
Load Miss for Address 3070 
Store Miss for Address 31008 with Eviction 
Store Miss for Address 61920 
Store Miss for Address 65174 
Store Miss for Address 54034 
Load Miss for Address 41274 
Load Miss for Address 46342 with Eviction 
Load Miss for Address 14924 
Load Miss for Address 772 
Load Miss for Address 22108 with a Dirty Eviction 
Load Miss for Address 7704 with Eviction 
Store Miss for Address 45972 
Store Miss for Address 2328 
Load Miss for Address 46954 with Eviction 
Load Miss for Address 480 with a Dirty Eviction 
Load Miss for Address 41284 with a Dirty Eviction 
Store Miss for Address 64702 
Store Miss for Address 56412 
Store Miss for Address 18206 
Store Miss for Address 57576 with a Dirty Eviction 
Load Miss for Address 64440 
Load Miss for Address 17000 with a Dirty Eviction 
Store Hit for Address 36292 
Load Miss for Address 57120 with a Dirty Eviction 
Load Miss for Address 45990 
Store Miss for Address 57448 with a Dirty Eviction 
Store Miss for Address 1442 
Store Miss for Address 59836 
Store Miss for Address 36734 
Load Miss for Address 8144 
Load Miss for Address 24826 with a Dirty Eviction 
Store Miss for Address 49188 
Store Miss for Address 18194 
Load Miss for Address 39474 with a Dirty Eviction 
Load Miss for Address 2138 with a Dirty Eviction 
Load Miss for Address 55580 with a Dirty Eviction 
Load Miss for Address 40276 
Store Miss for Address 33494 
Store Miss for Address 9572 with a Dirty Eviction 
Store Miss for Address 14868 with a Dirty Eviction 
Load Miss for Address 49812 with a Dirty Eviction 
Store Miss for Address 39980 
Store Miss for Address 58574 
Store Miss for Address 6062 
Store Hit for Address 23200 
Load Miss for Address 20828 
Store Miss for Address 3948 with Eviction 
Store Miss for Address 38706 with a Dirty Eviction 
Load Miss for Address 34506 
Store Miss for Address 2384 with a Dirty Eviction 
Load Miss for Address 15994 
Load Miss for Address 40128 with Eviction 
Load Miss for Address 19222 with a Dirty Eviction 
Store Miss for Address 40118 
Store Miss for Address 26334 with a Dirty Eviction 
Store Miss for Address 37332 with Eviction 
Load Miss for Address 38554 
Store Miss for Address 29478 
Store Miss for Address 4424 with Eviction 
Load Miss for Address 17850 with Eviction 
Load Miss for Address 46286 with a Dirty Eviction 
Store Miss for Address 53700 
Load Miss for Address 55016 with Eviction 
Load Miss for Address 33218 with a Dirty Eviction 
Store Miss for Address 45156 with a Dirty Eviction 
Store Miss for Address 4568 
Store Miss for Address 5706 
Store Miss for Address 15002 
Store Miss for Address 27712 
Load Miss for Address 12520 with a Dirty Eviction 
Load Miss for Address 35242 
Load Miss for Address 47310 
Load Miss for Address 44776 with Eviction 
Load Miss for Address 47322 with Eviction 
Store Miss for Address 23682 with a Dirty Eviction 
Load Miss for Address 2254 with Eviction 
Load Miss for Address 782 
Store Hit for Address 57448 
Store Miss for Address 46538 with a Dirty Eviction 
Load Hit for Address 40114 
Load Miss for Address 25694 with a Dirty Eviction 
Load Miss for Address 5668 with Eviction 
Store Miss for Address 47788 with Eviction 
Load Miss for Address 49618 with a Dirty Eviction 
Load Miss for Address 63612 
Load Miss for Address 21390 with a Dirty Eviction 
Store Miss for Address 62968 with Eviction 
Load Miss for Address 15008 with a Dirty Eviction 
Store Hit for Address 27146 
Store Miss for Address 13640 with a Dirty Eviction 
Load Miss for Address 59000 with Eviction 
Store Miss for Address 17592 with a Dirty Eviction 
Store Miss for Address 43304 
Store Miss for Address 10204 with Eviction 
Store Miss for Address 63112 
Load Miss for Address 62406 with a Dirty Eviction 
Load Hit for Address 54964 
Load Miss for Address 53572 with Eviction 
Load Miss for Address 59954 with Eviction 
Store Miss for Address 48368 
Load Miss for Address 42370 with a Dirty Eviction 
Load Miss for Address 40882 
Load Miss for Address 52992 with Eviction 
Load Miss for Address 36234 
Store Miss for Address 26158 
Load Miss for Address 26256 with a Dirty Eviction 
Load Miss for Address 58218 with Eviction 
Store Miss for Address 40592 with Eviction 
Load Miss for Address 40332 with Eviction 
Store Miss for Address 7950 
Store Miss for Address 56254 with Eviction 
Store Miss for Address 36356 with a Dirty Eviction 
Load Miss for Address 50734 with a Dirty Eviction 
Store Miss for Address 3414 with Eviction 
Load Hit for Address 59002 
Load Miss for Address 40440 with a Dirty Eviction 
Load Miss for Address 65306 with a Dirty Eviction 
Store Miss for Address 39264 
Store Miss for Address 36806 
Store Miss for Address 54446 
Store Miss for Address 35500 with a Dirty Eviction 
Load Miss for Address 54938 with Eviction 
Store Miss for Address 45426 with a Dirty Eviction 
Store Miss for Address 13856 with Eviction 
Load Miss for Address 5112 with Eviction 
Load Miss for Address 50378 with Eviction 
Store Miss for Address 25824 with a Dirty Eviction 
Store Miss for Address 64362 with Eviction 
Store Miss for Address 52958 with a Dirty Eviction 
Store Miss for Address 51220 with a Dirty Eviction 
Store Miss for Address 25006 with Eviction 
Load Miss for Address 19830 with a Dirty Eviction 
Load Miss for Address 24718 
Store Miss for Address 35694 with a Dirty Eviction 
Load Miss for Address 61740 with a Dirty Eviction 
Store Miss for Address 4684 with Eviction 
Load Miss for Address 35612 with a Dirty Eviction 
Store Miss for Address 11906 
Load Miss for Address 10928 
Store Miss for Address 23064 
Load Miss for Address 33816 with a Dirty Eviction 
Store Miss for Address 11724 with a Dirty Eviction 
Load Miss for Address 4334 with Eviction 
Load Miss for Address 6594 with Eviction 
Load Miss for Address 7134 
Store Miss for Address 38574 with a Dirty Eviction 
Store Miss for Address 30432 
Load Miss for Address 27660 
Store Miss for Address 8308 
Load Miss for Address 20224 with Eviction 
Load Miss for Address 17062 with Eviction 
Load Miss for Address 54640 with Eviction 
Load Miss for Address 58688 
Store Miss for Address 55554 
Load Miss for Address 13690 with Eviction 
Load Miss for Address 56202 with Eviction 
Load Miss for Address 10428 with a Dirty Eviction 
Store Miss for Address 61800 
Load Miss for Address 37502 
Store Miss for Address 2006 with Eviction 
Load Miss for Address 24802 
Store Miss for Address 53450 with Eviction 
Store Miss for Address 12470 
Store Miss for Address 60022 
Store Miss for Address 26368 with Eviction 
Store Miss for Address 55782 with Eviction 
Load Miss for Address 30310 with a Dirty Eviction 
Load Miss for Address 55134 with Eviction 
Store Miss for Address 44012 
Load Miss for Address 1652 
Load Hit for Address 27006 
Load Miss for Address 17374 with Eviction 
Load Miss for Address 18108 
Load Miss for Address 20082 with Eviction 
Store Miss for Address 50022 
Load Miss for Address 488 with a Dirty Eviction 
Store Miss for Address 38726 with a Dirty Eviction 
Store Miss for Address 55028 with a Dirty Eviction 
Load Miss for Address 50830 with a Dirty Eviction 
Store Miss for Address 62254 
Load Miss for Address 3768 with Eviction 
Store Miss for Address 2076 with a Dirty Eviction 
Store Miss for Address 8714 with a Dirty Eviction 
Load Miss for Address 10770 with a Dirty Eviction 
Load Miss for Address 6484 with a Dirty Eviction 
Load Miss for Address 33526 
Store Miss for Address 52914 with a Dirty Eviction 
Store Miss for Address 7778 with Eviction 
Store Miss for Address 60392 with a Dirty Eviction 
Load Miss for Address 27650 
Store Miss for Address 32450 with Eviction 
Store Miss for Address 30480 with a Dirty Eviction 
Load Miss for Address 59032 with Eviction 
Load Miss for Address 41824 with a Dirty Eviction 
Store Miss for Address 42912 
Store Miss for Address 52550 with Eviction 
Store Miss for Address 22640 with a Dirty Eviction 
Load Miss for Address 23000 with a Dirty Eviction 
Store Miss for Address 54650 with Eviction 
Load Miss for Address 10880 with Eviction 
Load Miss for Address 7130 with Eviction 
Store Miss for Address 6610 with Eviction 
Store Miss for Address 42688 with a Dirty Eviction 
Load Miss for Address 57802 
Load Miss for Address 42640 with a Dirty Eviction 
Store Miss for Address 18184 with a Dirty Eviction 
Store Miss for Address 11322 with Eviction 
Load Miss for Address 19372 with Eviction 
Store Miss for Address 42050 with a Dirty Eviction 
Load Miss for Address 6690 
Store Miss for Address 44454 with a Dirty Eviction 
Load Hit for Address 18836 
Load Miss for Address 9354 
Store Miss for Address 5134 with Eviction 
Load Miss for Address 19482 with Eviction 
Store Miss for Address 18394 with a Dirty Eviction 
Store Miss for Address 26364 with Eviction 
Load Miss for Address 28030 with a Dirty Eviction 
Store Miss for Address 56572 
Load Miss for Address 24332 with a Dirty Eviction 
Load Miss for Address 41578 with Eviction 
Store Miss for Address 29428 with Eviction 
Store Miss for Address 27412 with Eviction 
Load Miss for Address 32336 with Eviction 
Load Miss for Address 44026 with Eviction 
Load Miss for Address 44332 
Store Miss for Address 15610 with a Dirty Eviction 
Store Miss for Address 10188 with a Dirty Eviction 
Store Miss for Address 64924 
Load Miss for Address 60930 with a Dirty Eviction 
Store Miss for Address 65418 with Eviction 
Store Miss for Address 30526 
Load Miss for Address 25736 with Eviction 
Store Miss for Address 7784 with a Dirty Eviction 
Load Miss for Address 1790 with a Dirty Eviction 
Load Miss for Address 61054 with Eviction 
Load Miss for Address 51292 with Eviction 
Load Miss for Address 40374 with a Dirty Eviction 
Store Miss for Address 64080 with Eviction 
Store Miss for Address 25348 with Eviction 
Store Miss for Address 54460 with a Dirty Eviction 
Load Miss for Address 18156 with Eviction 
Load Miss for Address 46744 with Eviction 
Store Miss for Address 48790 with Eviction 
Store Miss for Address 14200 with a Dirty Eviction 
Load Miss for Address 12168 with a Dirty Eviction 
Load Miss for Address 18612 with a Dirty Eviction 
Load Miss for Address 12270 with a Dirty Eviction 
Store Miss for Address 51882 with a Dirty Eviction 
Store Miss for Address 10198 with a Dirty Eviction 
Load Miss for Address 25882 with Eviction 
Load Miss for Address 26384 with a Dirty Eviction 
Load Miss for Address 20186 with a Dirty Eviction 
Load Miss for Address 41164 with a Dirty Eviction 
Load Miss for Address 53976 with Eviction 
Store Miss for Address 61248 with a Dirty Eviction 
Store Miss for Address 41084 with Eviction 
Store Miss for Address 1492 
Store Miss for Address 40658 
Store Miss for Address 17986 with a Dirty Eviction 
Load Miss for Address 7182 with a Dirty Eviction 
Load Miss for Address 45328 with a Dirty Eviction 
Store Miss for Address 49906 with a Dirty Eviction 
Store Miss for Address 14100 with Eviction 
Store Miss for Address 11338 
Store Miss for Address 5632 with Eviction 
Load Miss for Address 35922 
Store Miss for Address 60648 with a Dirty Eviction 
Load Miss for Address 43630 with Eviction 
Load Miss for Address 41782 
Load Miss for Address 10104 with a Dirty Eviction 
Load Miss for Address 22690 
Store Miss for Address 17576 with a Dirty Eviction 
Load Miss for Address 3708 with Eviction 
Load Miss for Address 22182 
Load Miss for Address 19722 
Store Miss for Address 21506 with Eviction 
Load Miss for Address 22502 with a Dirty Eviction 
Store Miss for Address 31186 with a Dirty Eviction 
Load Miss for Address 57728 
Store Miss for Address 7148 with a Dirty Eviction 
Store Miss for Address 48266 with Eviction 
Store Miss for Address 12214 with Eviction 
Store Miss for Address 15374 with Eviction 
Store Miss for Address 19518 with a Dirty Eviction 
Store Miss for Address 46984 with Eviction 
Load Miss for Address 18504 
Store Miss for Address 32690 with a Dirty Eviction 
Store Miss for Address 2118 with Eviction 
Store Miss for Address 6038 with a Dirty Eviction 
Store Miss for Address 44072 with a Dirty Eviction 
Store Miss for Address 29142 with a Dirty Eviction 
Store Miss for Address 24944 with a Dirty Eviction 
Load Miss for Address 14576 with a Dirty Eviction 
Store Miss for Address 61774 with a Dirty Eviction 
Store Miss for Address 62850 with Eviction 
Store Miss for Address 5446 with a Dirty Eviction 
Store Miss for Address 55636 with Eviction 
Load Miss for Address 64300 with a Dirty Eviction 
Load Miss for Address 26614 with a Dirty Eviction 
Store Miss for Address 46608 
Store Miss for Address 38514 with Eviction 
Load Miss for Address 53988 with Eviction 
Store Miss for Address 7010 with Eviction 
Store Miss for Address 20038 with a Dirty Eviction 
Load Miss for Address 16606 with Eviction 
Store Miss for Address 8984 with Eviction 
Load Miss for Address 39818 with Eviction 
Store Miss for Address 60504 with Eviction 
Load Miss for Address 27698 
Store Miss for Address 50078 
Load Miss for Address 57038 with Eviction 
Store Miss for Address 58860 with a Dirty Eviction 
Store Miss for Address 2500 with Eviction 
Store Miss for Address 7828 with a Dirty Eviction 
Store Miss for Address 1774 with Eviction 
Store Miss for Address 14340 with Eviction 
Store Miss for Address 42942 with Eviction 
Store Miss for Address 11472 with Eviction 
Store Miss for Address 19170 with Eviction 
Load Miss for Address 61852 with a Dirty Eviction 
Load Miss for Address 57692 with Eviction 
Store Miss for Address 34488 with Eviction 
Load Miss for Address 5884 with Eviction 
Store Miss for Address 62742 with Eviction 
Store Miss for Address 3160 with a Dirty Eviction 
Load Miss for Address 34088 with Eviction 
Load Miss for Address 58246 
Store Miss for Address 31644 with a Dirty Eviction 
Store Miss for Address 46072 with Eviction 
Store Miss for Address 18954 with a Dirty Eviction 
Load Miss for Address 8178 with Eviction 
Load Miss for Address 2224 with Eviction 
Load Miss for Address 40308 with Eviction 
Load Miss for Address 5290 with a Dirty Eviction 
Store Miss for Address 28396 with a Dirty Eviction 
Store Miss for Address 25748 
Load Miss for Address 63216 with a Dirty Eviction 
Store Miss for Address 32880 with a Dirty Eviction 
Store Miss for Address 61436 with a Dirty Eviction 
Store Miss for Address 22170 with Eviction 
Load Miss for Address 28338 with a Dirty Eviction 
Load Miss for Address 44752 with a Dirty Eviction 
Store Miss for Address 50932 with Eviction 
Load Miss for Address 43496 with Eviction 
Load Miss for Address 49358 with Eviction 
Load Miss for Address 53628 with a Dirty Eviction 
Store Miss for Address 1038 with a Dirty Eviction 
Load Miss for Address 63720 with Eviction 
Load Miss for Address 12936 
Load Hit for Address 418 
Load Miss for Address 6134 with Eviction 
Load Hit for Address 18506 
Load Miss for Address 10734 with Eviction 
