/u/k/a/karu/courses/cs552/spring2013/handouts/testprograms/public/rand_final/ldld_rand_large.asm SUCCESS CPI:4.5 CYCLES:4697 ICOUNT:1035 IHITRATE: 0 DHITRATE: 0
/u/k/a/karu/courses/cs552/spring2013/handouts/testprograms/public/rand_final/ldld_rand_small.asm SUCCESS CPI:4.5 CYCLES:4697 ICOUNT:1035 IHITRATE: 0 DHITRATE: 0
/u/k/a/karu/courses/cs552/spring2013/handouts/testprograms/public/rand_final/ldst_rand_large.asm SUCCESS CPI:4.0 CYCLES:5669 ICOUNT:1417 IHITRATE: 100.0 DHITRATE: 100.0
/u/k/a/karu/courses/cs552/spring2013/handouts/testprograms/public/rand_final/ldst_rand_small.asm SUCCESS CPI:3.8 CYCLES:5381 ICOUNT:1417 IHITRATE: 100.0 DHITRATE: 100.0
/u/k/a/karu/courses/cs552/spring2013/handouts/testprograms/public/rand_final/t_100_all.asm SUCCESS CPI:5.7 CYCLES:1893 ICOUNT:334 IHITRATE: 100.0 DHITRATE: 100.0
/u/k/a/karu/courses/cs552/spring2013/handouts/testprograms/public/rand_final/t_100_ctrl.asm SUCCESS CPI:5.6 CYCLES:3647 ICOUNT:647 IHITRATE: 100.0 DHITRATE: 100.0
/u/k/a/karu/courses/cs552/spring2013/handouts/testprograms/public/rand_final/t_100_icache.asm SUCCESS CPI:68.4 CYCLES:3899 ICOUNT:57 IHITRATE: 0 DHITRATE: 0
/u/k/a/karu/courses/cs552/spring2013/handouts/testprograms/public/rand_final/t_100_idcache.asm SUCCESS CPI:9.0 CYCLES:3597 ICOUNT:401 IHITRATE: 0 DHITRATE: 0
/u/k/a/karu/courses/cs552/spring2013/handouts/testprograms/public/rand_final/t_100_mem.asm SUCCESS CPI:7.8 CYCLES:11111 ICOUNT:1427 IHITRATE: 100.0 DHITRATE: 100.0
/u/k/a/karu/courses/cs552/spring2013/handouts/testprograms/public/rand_final/t_101_all.asm SUCCESS CPI:5.6 CYCLES:2498 ICOUNT:449 IHITRATE: 100.0 DHITRATE: 100.0
/u/k/a/karu/courses/cs552/spring2013/handouts/testprograms/public/rand_final/t_101_ctrl.asm SUCCESS CPI:5.4 CYCLES:4567 ICOUNT:850 IHITRATE: 100.0 DHITRATE: 100.0
/u/k/a/karu/courses/cs552/spring2013/handouts/testprograms/public/rand_final/t_101_icache.asm SUCCESS CPI:73.1 CYCLES:3875 ICOUNT:53 IHITRATE: 0 DHITRATE: 0
/u/k/a/karu/courses/cs552/spring2013/handouts/testprograms/public/rand_final/t_101_idcache.asm SUCCESS CPI:8.8 CYCLES:3637 ICOUNT:413 IHITRATE: 0 DHITRATE: 0
/u/k/a/karu/courses/cs552/spring2013/handouts/testprograms/public/rand_final/t_101_mem.asm SUCCESS CPI:7.8 CYCLES:11153 ICOUNT:1422 IHITRATE: 100.0 DHITRATE: 100.0
/u/k/a/karu/courses/cs552/spring2013/handouts/testprograms/public/rand_final/t_102_all.asm SUCCESS CPI:5.7 CYCLES:2063 ICOUNT:365 IHITRATE: 100.0 DHITRATE: 100.0
/u/k/a/karu/courses/cs552/spring2013/handouts/testprograms/public/rand_final/t_102_ctrl.asm SUCCESS CPI:5.4 CYCLES:4605 ICOUNT:856 IHITRATE: 100.0 DHITRATE: 100.0
/u/k/a/karu/courses/cs552/spring2013/handouts/testprograms/public/rand_final/t_102_icache.asm SUCCESS CPI:79.2 CYCLES:3883 ICOUNT:49 IHITRATE: 0 DHITRATE: 0
/u/k/a/karu/courses/cs552/spring2013/handouts/testprograms/public/rand_final/t_102_idcache.asm SUCCESS CPI:9.7 CYCLES:3247 ICOUNT:335 IHITRATE: 100.0 DHITRATE: 100.0
/u/k/a/karu/courses/cs552/spring2013/handouts/testprograms/public/rand_final/t_102_mem.asm SUCCESS CPI:7.3 CYCLES:11236 ICOUNT:1529 IHITRATE: 100.0 DHITRATE: 100.0
/u/k/a/karu/courses/cs552/spring2013/handouts/testprograms/public/rand_final/t_103_all.asm SUCCESS CPI:5.2 CYCLES:2349 ICOUNT:453 IHITRATE: 100.0 DHITRATE: 100.0
/u/k/a/karu/courses/cs552/spring2013/handouts/testprograms/public/rand_final/t_103_ctrl.asm SUCCESS CPI:5.5 CYCLES:4493 ICOUNT:815 IHITRATE: 100.0 DHITRATE: 100.0
/u/k/a/karu/courses/cs552/spring2013/handouts/testprograms/public/rand_final/t_103_icache.asm SUCCESS CPI:69.3 CYCLES:3883 ICOUNT:56 IHITRATE: 0 DHITRATE: 0
/u/k/a/karu/courses/cs552/spring2013/handouts/testprograms/public/rand_final/t_103_idcache.asm SUCCESS CPI:8.9 CYCLES:3325 ICOUNT:374 IHITRATE: 0 DHITRATE: 0
/u/k/a/karu/courses/cs552/spring2013/handouts/testprograms/public/rand_final/t_103_mem.asm SUCCESS CPI:7.5 CYCLES:11021 ICOUNT:1468 IHITRATE: 100.0 DHITRATE: 100.0
/u/k/a/karu/courses/cs552/spring2013/handouts/testprograms/public/rand_final/t_104_all.asm SUCCESS CPI:5.4 CYCLES:2451 ICOUNT:456 IHITRATE: 100.0 DHITRATE: 100.0
/u/k/a/karu/courses/cs552/spring2013/handouts/testprograms/public/rand_final/t_104_ctrl.asm SUCCESS CPI:5.5 CYCLES:4203 ICOUNT:766 IHITRATE: 100.0 DHITRATE: 100.0
/u/k/a/karu/courses/cs552/spring2013/handouts/testprograms/public/rand_final/t_104_icache.asm SUCCESS CPI:65.5 CYCLES:3867 ICOUNT:59 IHITRATE: 0 DHITRATE: 0
/u/k/a/karu/courses/cs552/spring2013/handouts/testprograms/public/rand_final/t_104_idcache.asm SUCCESS CPI:10.2 CYCLES:3187 ICOUNT:311 IHITRATE: 0 DHITRATE: 0
/u/k/a/karu/courses/cs552/spring2013/handouts/testprograms/public/rand_final/t_104_mem.asm SUCCESS CPI:7.3 CYCLES:11377 ICOUNT:1550 IHITRATE: 100.0 DHITRATE: 100.0
/u/k/a/karu/courses/cs552/spring2013/handouts/testprograms/public/rand_final/t_105_all.asm SUCCESS CPI:5.4 CYCLES:2455 ICOUNT:453 IHITRATE: 100.0 DHITRATE: 100.0
/u/k/a/karu/courses/cs552/spring2013/handouts/testprograms/public/rand_final/t_105_ctrl.asm SUCCESS CPI:5.5 CYCLES:4407 ICOUNT:798 IHITRATE: 100.0 DHITRATE: 100.0
/u/k/a/karu/courses/cs552/spring2013/handouts/testprograms/public/rand_final/t_105_icache.asm SUCCESS CPI:78.7 CYCLES:3859 ICOUNT:49 IHITRATE: 0 DHITRATE: 0
/u/k/a/karu/courses/cs552/spring2013/handouts/testprograms/public/rand_final/t_105_idcache.asm SUCCESS CPI:9.8 CYCLES:3291 ICOUNT:335 IHITRATE: 0 DHITRATE: 0
/u/k/a/karu/courses/cs552/spring2013/handouts/testprograms/public/rand_final/t_105_mem.asm SUCCESS CPI:7.6 CYCLES:11000 ICOUNT:1440 IHITRATE: 100.0 DHITRATE: 100.0
/u/k/a/karu/courses/cs552/spring2013/handouts/testprograms/public/rand_final/t_106_all.asm SUCCESS CPI:5.4 CYCLES:2553 ICOUNT:472 IHITRATE: 100.0 DHITRATE: 100.0
/u/k/a/karu/courses/cs552/spring2013/handouts/testprograms/public/rand_final/t_106_ctrl.asm SUCCESS CPI:5.4 CYCLES:4353 ICOUNT:812 IHITRATE: 100.0 DHITRATE: 100.0
/u/k/a/karu/courses/cs552/spring2013/handouts/testprograms/public/rand_final/t_106_icache.asm SUCCESS CPI:69.0 CYCLES:3867 ICOUNT:56 IHITRATE: 0 DHITRATE: 0
/u/k/a/karu/courses/cs552/spring2013/handouts/testprograms/public/rand_final/t_106_idcache.asm SUCCESS CPI:10.3 CYCLES:3367 ICOUNT:326 IHITRATE: 0 DHITRATE: 0
/u/k/a/karu/courses/cs552/spring2013/handouts/testprograms/public/rand_final/t_106_mem.asm SUCCESS CPI:7.8 CYCLES:11077 ICOUNT:1427 IHITRATE: 100.0 DHITRATE: 100.0
/u/k/a/karu/courses/cs552/spring2013/handouts/testprograms/public/rand_final/t_107_all.asm SUCCESS CPI:5.4 CYCLES:2305 ICOUNT:428 IHITRATE: 100.0 DHITRATE: 100.0
/u/k/a/karu/courses/cs552/spring2013/handouts/testprograms/public/rand_final/t_107_ctrl.asm SUCCESS CPI:5.4 CYCLES:4301 ICOUNT:792 IHITRATE: 100.0 DHITRATE: 100.0
/u/k/a/karu/courses/cs552/spring2013/handouts/testprograms/public/rand_final/t_107_icache.asm SUCCESS CPI:73.7 CYCLES:3835 ICOUNT:52 IHITRATE: 0 DHITRATE: 0
/u/k/a/karu/courses/cs552/spring2013/handouts/testprograms/public/rand_final/t_107_idcache.asm SUCCESS CPI:10.7 CYCLES:3489 ICOUNT:326 IHITRATE: 0 DHITRATE: 0
/u/k/a/karu/courses/cs552/spring2013/handouts/testprograms/public/rand_final/t_107_mem.asm SUCCESS CPI:7.7 CYCLES:10959 ICOUNT:1417 IHITRATE: 100.0 DHITRATE: 100.0
/u/k/a/karu/courses/cs552/spring2013/handouts/testprograms/public/rand_final/t_108_all.asm SUCCESS CPI:5.2 CYCLES:2405 ICOUNT:464 IHITRATE: 100.0 DHITRATE: 100.0
/u/k/a/karu/courses/cs552/spring2013/handouts/testprograms/public/rand_final/t_108_ctrl.asm SUCCESS CPI:5.3 CYCLES:4459 ICOUNT:836 IHITRATE: 100.0 DHITRATE: 100.0
/u/k/a/karu/courses/cs552/spring2013/handouts/testprograms/public/rand_final/t_108_icache.asm SUCCESS CPI:63.3 CYCLES:3859 ICOUNT:61 IHITRATE: 0 DHITRATE: 0
/u/k/a/karu/courses/cs552/spring2013/handouts/testprograms/public/rand_final/t_108_idcache.asm SUCCESS CPI:10.0 CYCLES:3427 ICOUNT:341 IHITRATE: 100.0 DHITRATE: 100.0
/u/k/a/karu/courses/cs552/spring2013/handouts/testprograms/public/rand_final/t_108_mem.asm SUCCESS CPI:7.3 CYCLES:11454 ICOUNT:1562 IHITRATE: 100.0 DHITRATE: 100.0
/u/k/a/karu/courses/cs552/spring2013/handouts/testprograms/public/rand_final/t_109_all.asm SUCCESS CPI:5.5 CYCLES:1879 ICOUNT:339 IHITRATE: 100.0 DHITRATE: 100.0
/u/k/a/karu/courses/cs552/spring2013/handouts/testprograms/public/rand_final/t_109_ctrl.asm SUCCESS CPI:5.4 CYCLES:4527 ICOUNT:840 IHITRATE: 100.0 DHITRATE: 100.0
/u/k/a/karu/courses/cs552/spring2013/handouts/testprograms/public/rand_final/t_109_icache.asm SUCCESS CPI:77.0 CYCLES:3851 ICOUNT:50 IHITRATE: 0 DHITRATE: 0
/u/k/a/karu/courses/cs552/spring2013/handouts/testprograms/public/rand_final/t_109_idcache.asm SUCCESS CPI:9.8 CYCLES:3403 ICOUNT:347 IHITRATE: 0 DHITRATE: 0
/u/k/a/karu/courses/cs552/spring2013/handouts/testprograms/public/rand_final/t_109_mem.asm SUCCESS CPI:7.9 CYCLES:10929 ICOUNT:1385 IHITRATE: 100.0 DHITRATE: 100.0
/u/k/a/karu/courses/cs552/spring2013/handouts/testprograms/public/rand_final/t_10_mem.asm SUCCESS CPI:7.3 CYCLES:11471 ICOUNT:1576 IHITRATE: 100.0 DHITRATE: 100.0
/u/k/a/karu/courses/cs552/spring2013/handouts/testprograms/public/rand_final/t_110_all.asm SUCCESS CPI:5.2 CYCLES:2375 ICOUNT:457 IHITRATE: 100.0 DHITRATE: 100.0
/u/k/a/karu/courses/cs552/spring2013/handouts/testprograms/public/rand_final/t_110_ctrl.asm SUCCESS CPI:5.2 CYCLES:4775 ICOUNT:915 IHITRATE: 100.0 DHITRATE: 100.0
/u/k/a/karu/courses/cs552/spring2013/handouts/testprograms/public/rand_final/t_110_icache.asm SUCCESS CPI:78.6 CYCLES:3851 ICOUNT:49 IHITRATE: 0 DHITRATE: 0
/u/k/a/karu/courses/cs552/spring2013/handouts/testprograms/public/rand_final/t_110_idcache.asm SUCCESS CPI:9.7 CYCLES:3757 ICOUNT:386 IHITRATE: 0 DHITRATE: 0
/u/k/a/karu/courses/cs552/spring2013/handouts/testprograms/public/rand_final/t_110_mem.asm SUCCESS CPI:7.4 CYCLES:11124 ICOUNT:1502 IHITRATE: 100.0 DHITRATE: 100.0
/u/k/a/karu/courses/cs552/spring2013/handouts/testprograms/public/rand_final/t_111_all.asm SUCCESS CPI:5.7 CYCLES:2277 ICOUNT:396 IHITRATE: 100.0 DHITRATE: 100.0
/u/k/a/karu/courses/cs552/spring2013/handouts/testprograms/public/rand_final/t_111_ctrl.asm SUCCESS CPI:5.3 CYCLES:4845 ICOUNT:912 IHITRATE: 100.0 DHITRATE: 100.0
/u/k/a/karu/courses/cs552/spring2013/handouts/testprograms/public/rand_final/t_111_icache.asm SUCCESS CPI:68.1 CYCLES:3883 ICOUNT:57 IHITRATE: 0 DHITRATE: 0
/u/k/a/karu/courses/cs552/spring2013/handouts/testprograms/public/rand_final/t_111_idcache.asm SUCCESS CPI:9.9 CYCLES:3869 ICOUNT:392 IHITRATE: 0 DHITRATE: 0
/u/k/a/karu/courses/cs552/spring2013/handouts/testprograms/public/rand_final/t_111_mem.asm SUCCESS CPI:7.8 CYCLES:10967 ICOUNT:1405 IHITRATE: 100.0 DHITRATE: 100.0
/u/k/a/karu/courses/cs552/spring2013/handouts/testprograms/public/rand_final/t_112_all.asm SUCCESS CPI:5.6 CYCLES:2089 ICOUNT:375 IHITRATE: 100.0 DHITRATE: 100.0
/u/k/a/karu/courses/cs552/spring2013/handouts/testprograms/public/rand_final/t_112_ctrl.asm SUCCESS CPI:5.4 CYCLES:4073 ICOUNT:751 IHITRATE: 100.0 DHITRATE: 100.0
/u/k/a/karu/courses/cs552/spring2013/handouts/testprograms/public/rand_final/t_112_icache.asm SUCCESS CPI:65.8 CYCLES:3883 ICOUNT:59 IHITRATE: 0 DHITRATE: 0
/u/k/a/karu/courses/cs552/spring2013/handouts/testprograms/public/rand_final/t_112_idcache.asm SUCCESS CPI:9.6 CYCLES:3921 ICOUNT:407 IHITRATE: 100.0 DHITRATE: 100.0
/u/k/a/karu/courses/cs552/spring2013/handouts/testprograms/public/rand_final/t_112_mem.asm SUCCESS CPI:7.8 CYCLES:10261 ICOUNT:1310 IHITRATE: 100.0 DHITRATE: 100.0
/u/k/a/karu/courses/cs552/spring2013/handouts/testprograms/public/rand_final/t_113_all.asm SUCCESS CPI:5.5 CYCLES:1913 ICOUNT:347 IHITRATE: 100.0 DHITRATE: 100.0
/u/k/a/karu/courses/cs552/spring2013/handouts/testprograms/public/rand_final/t_113_ctrl.asm SUCCESS CPI:5.6 CYCLES:4299 ICOUNT:762 IHITRATE: 100.0 DHITRATE: 100.0
/u/k/a/karu/courses/cs552/spring2013/handouts/testprograms/public/rand_final/t_113_icache.asm SUCCESS CPI:77.5 CYCLES:3875 ICOUNT:50 IHITRATE: 0 DHITRATE: 0
/u/k/a/karu/courses/cs552/spring2013/handouts/testprograms/public/rand_final/t_113_idcache.asm SUCCESS CPI:8.9 CYCLES:3611 ICOUNT:404 IHITRATE: 0 DHITRATE: 0
/u/k/a/karu/courses/cs552/spring2013/handouts/testprograms/public/rand_final/t_113_mem.asm SUCCESS CPI:7.5 CYCLES:11178 ICOUNT:1496 IHITRATE: 100.0 DHITRATE: 100.0
/u/k/a/karu/courses/cs552/spring2013/handouts/testprograms/public/rand_final/t_114_all.asm SUCCESS CPI:4.9 CYCLES:2964 ICOUNT:605 IHITRATE: 100.0 DHITRATE: 100.0
/u/k/a/karu/courses/cs552/spring2013/handouts/testprograms/public/rand_final/t_114_ctrl.asm SUCCESS CPI:5.3 CYCLES:4661 ICOUNT:887 IHITRATE: 100.0 DHITRATE: 100.0
/u/k/a/karu/courses/cs552/spring2013/handouts/testprograms/public/rand_final/t_114_icache.asm SUCCESS CPI:63.1 CYCLES:3851 ICOUNT:61 IHITRATE: 0 DHITRATE: 0
/u/k/a/karu/courses/cs552/spring2013/handouts/testprograms/public/rand_final/t_114_idcache.asm SUCCESS CPI:9.2 CYCLES:3285 ICOUNT:356 IHITRATE: 0 DHITRATE: 0
/u/k/a/karu/courses/cs552/spring2013/handouts/testprograms/public/rand_final/t_114_mem.asm SUCCESS CPI:7.5 CYCLES:10877 ICOUNT:1449 IHITRATE: 100.0 DHITRATE: 100.0
/u/k/a/karu/courses/cs552/spring2013/handouts/testprograms/public/rand_final/t_115_all.asm SUCCESS CPI:5.3 CYCLES:2401 ICOUNT:455 IHITRATE: 100.0 DHITRATE: 100.0
/u/k/a/karu/courses/cs552/spring2013/handouts/testprograms/public/rand_final/t_115_ctrl.asm SUCCESS CPI:5.4 CYCLES:4777 ICOUNT:881 IHITRATE: 100.0 DHITRATE: 100.0
/u/k/a/karu/courses/cs552/spring2013/handouts/testprograms/public/rand_final/t_115_icache.asm SUCCESS CPI:78.4 CYCLES:3843 ICOUNT:49 IHITRATE: 0 DHITRATE: 0
/u/k/a/karu/courses/cs552/spring2013/handouts/testprograms/public/rand_final/t_115_idcache.asm SUCCESS CPI:9.0 CYCLES:3843 ICOUNT:428 IHITRATE: 0 DHITRATE: 0
/u/k/a/karu/courses/cs552/spring2013/handouts/testprograms/public/rand_final/t_115_mem.asm SUCCESS CPI:7.6 CYCLES:10760 ICOUNT:1414 IHITRATE: 100.0 DHITRATE: 100.0
/u/k/a/karu/courses/cs552/spring2013/handouts/testprograms/public/rand_final/t_116_all.asm SUCCESS CPI:5.0 CYCLES:2959 ICOUNT:587 IHITRATE: 100.0 DHITRATE: 100.0
/u/k/a/karu/courses/cs552/spring2013/handouts/testprograms/public/rand_final/t_116_ctrl.asm SUCCESS CPI:5.0 CYCLES:5503 ICOUNT:1102 IHITRATE: 100.0 DHITRATE: 100.0
/u/k/a/karu/courses/cs552/spring2013/handouts/testprograms/public/rand_final/t_116_icache.asm SUCCESS CPI:83.6 CYCLES:3931 ICOUNT:47 IHITRATE: 0 DHITRATE: 0
/u/k/a/karu/courses/cs552/spring2013/handouts/testprograms/public/rand_final/t_116_idcache.asm SUCCESS CPI:9.8 CYCLES:3419 ICOUNT:350 IHITRATE: 0 DHITRATE: 0
/u/k/a/karu/courses/cs552/spring2013/handouts/testprograms/public/rand_final/t_116_mem.asm SUCCESS CPI:7.6 CYCLES:11369 ICOUNT:1492 IHITRATE: 100.0 DHITRATE: 100.0
/u/k/a/karu/courses/cs552/spring2013/handouts/testprograms/public/rand_final/t_117_all.asm SUCCESS CPI:5.4 CYCLES:2571 ICOUNT:475 IHITRATE: 100.0 DHITRATE: 100.0
/u/k/a/karu/courses/cs552/spring2013/handouts/testprograms/public/rand_final/t_117_ctrl.asm SUCCESS CPI:5.4 CYCLES:4855 ICOUNT:898 IHITRATE: 100.0 DHITRATE: 100.0
/u/k/a/karu/courses/cs552/spring2013/handouts/testprograms/public/rand_final/t_117_icache.asm SUCCESS CPI:67.8 CYCLES:3867 ICOUNT:57 IHITRATE: 0 DHITRATE: 0
/u/k/a/karu/courses/cs552/spring2013/handouts/testprograms/public/rand_final/t_117_idcache.asm SUCCESS CPI:9.0 CYCLES:3743 ICOUNT:416 IHITRATE: 0 DHITRATE: 0
/u/k/a/karu/courses/cs552/spring2013/handouts/testprograms/public/rand_final/t_117_mem.asm SUCCESS CPI:7.4 CYCLES:11606 ICOUNT:1572 IHITRATE: 100.0 DHITRATE: 100.0
/u/k/a/karu/courses/cs552/spring2013/handouts/testprograms/public/rand_final/t_118_all.asm SUCCESS CPI:5.3 CYCLES:2811 ICOUNT:531 IHITRATE: 100.0 DHITRATE: 100.0
/u/k/a/karu/courses/cs552/spring2013/handouts/testprograms/public/rand_final/t_118_ctrl.asm SUCCESS CPI:5.4 CYCLES:4269 ICOUNT:793 IHITRATE: 100.0 DHITRATE: 100.0
/u/k/a/karu/courses/cs552/spring2013/handouts/testprograms/public/rand_final/t_118_icache.asm SUCCESS CPI:70.6 CYCLES:3883 ICOUNT:55 IHITRATE: 0 DHITRATE: 0
/u/k/a/karu/courses/cs552/spring2013/handouts/testprograms/public/rand_final/t_118_idcache.asm SUCCESS CPI:9.6 CYCLES:3093 ICOUNT:323 IHITRATE: 0 DHITRATE: 0
/u/k/a/karu/courses/cs552/spring2013/handouts/testprograms/public/rand_final/t_118_mem.asm SUCCESS CPI:7.8 CYCLES:10635 ICOUNT:1359 IHITRATE: 100.0 DHITRATE: 100.0
/u/k/a/karu/courses/cs552/spring2013/handouts/testprograms/public/rand_final/t_119_all.asm SUCCESS CPI:5.4 CYCLES:2297 ICOUNT:427 IHITRATE: 100.0 DHITRATE: 100.0
/u/k/a/karu/courses/cs552/spring2013/handouts/testprograms/public/rand_final/t_119_ctrl.asm SUCCESS CPI:5.4 CYCLES:4107 ICOUNT:760 IHITRATE: 100.0 DHITRATE: 100.0
/u/k/a/karu/courses/cs552/spring2013/handouts/testprograms/public/rand_final/t_119_icache.asm SUCCESS CPI:62.5 CYCLES:3875 ICOUNT:62 IHITRATE: 0 DHITRATE: 0
/u/k/a/karu/courses/cs552/spring2013/handouts/testprograms/public/rand_final/t_119_idcache.asm SUCCESS CPI:9.5 CYCLES:3479 ICOUNT:368 IHITRATE: 0 DHITRATE: 0
/u/k/a/karu/courses/cs552/spring2013/handouts/testprograms/public/rand_final/t_119_mem.asm SUCCESS CPI:7.4 CYCLES:11531 ICOUNT:1567 IHITRATE: 100.0 DHITRATE: 100.0
/u/k/a/karu/courses/cs552/spring2013/handouts/testprograms/public/rand_final/t_11_mem.asm SUCCESS CPI:7.5 CYCLES:11753 ICOUNT:1571 IHITRATE: 100.0 DHITRATE: 100.0
/u/k/a/karu/courses/cs552/spring2013/handouts/testprograms/public/rand_final/t_120_all.asm SUCCESS CPI:5.7 CYCLES:2243 ICOUNT:395 IHITRATE: 100.0 DHITRATE: 100.0
/u/k/a/karu/courses/cs552/spring2013/handouts/testprograms/public/rand_final/t_120_ctrl.asm SUCCESS CPI:5.2 CYCLES:4737 ICOUNT:903 IHITRATE: 100.0 DHITRATE: 100.0
/u/k/a/karu/courses/cs552/spring2013/handouts/testprograms/public/rand_final/t_120_icache.asm SUCCESS CPI:68.8 CYCLES:3851 ICOUNT:56 IHITRATE: 0 DHITRATE: 0
/u/k/a/karu/courses/cs552/spring2013/handouts/testprograms/public/rand_final/t_120_idcache.asm SUCCESS CPI:9.4 CYCLES:3451 ICOUNT:368 IHITRATE: 0 DHITRATE: 0
/u/k/a/karu/courses/cs552/spring2013/handouts/testprograms/public/rand_final/t_120_mem.asm SUCCESS CPI:7.5 CYCLES:11124 ICOUNT:1474 IHITRATE: 100.0 DHITRATE: 100.0
/u/k/a/karu/courses/cs552/spring2013/handouts/testprograms/public/rand_final/t_121_all.asm SUCCESS CPI:5.7 CYCLES:1873 ICOUNT:327 IHITRATE: 100.0 DHITRATE: 100.0
/u/k/a/karu/courses/cs552/spring2013/handouts/testprograms/public/rand_final/t_122_all.asm SUCCESS CPI:5.6 CYCLES:1863 ICOUNT:335 IHITRATE: 100.0 DHITRATE: 100.0
/u/k/a/karu/courses/cs552/spring2013/handouts/testprograms/public/rand_final/t_123_all.asm SUCCESS CPI:5.3 CYCLES:2723 ICOUNT:515 IHITRATE: 100.0 DHITRATE: 100.0
/u/k/a/karu/courses/cs552/spring2013/handouts/testprograms/public/rand_final/t_124_all.asm SUCCESS CPI:5.2 CYCLES:1937 ICOUNT:371 IHITRATE: 100.0 DHITRATE: 100.0
/u/k/a/karu/courses/cs552/spring2013/handouts/testprograms/public/rand_final/t_125_all.asm SUCCESS CPI:5.6 CYCLES:2869 ICOUNT:514 IHITRATE: 100.0 DHITRATE: 100.0
/u/k/a/karu/courses/cs552/spring2013/handouts/testprograms/public/rand_final/t_126_all.asm SUCCESS CPI:5.2 CYCLES:3231 ICOUNT:623 IHITRATE: 100.0 DHITRATE: 100.0
/u/k/a/karu/courses/cs552/spring2013/handouts/testprograms/public/rand_final/t_127_all.asm SUCCESS CPI:5.2 CYCLES:2441 ICOUNT:473 IHITRATE: 100.0 DHITRATE: 100.0
/u/k/a/karu/courses/cs552/spring2013/handouts/testprograms/public/rand_final/t_128_all.asm SUCCESS CPI:5.6 CYCLES:2465 ICOUNT:440 IHITRATE: 100.0 DHITRATE: 100.0
/u/k/a/karu/courses/cs552/spring2013/handouts/testprograms/public/rand_final/t_129_all.asm SUCCESS CPI:5.4 CYCLES:2447 ICOUNT:450 IHITRATE: 100.0 DHITRATE: 100.0
/u/k/a/karu/courses/cs552/spring2013/handouts/testprograms/public/rand_final/t_12_mem.asm SUCCESS CPI:7.8 CYCLES:11059 ICOUNT:1426 IHITRATE: 100.0 DHITRATE: 100.0
/u/k/a/karu/courses/cs552/spring2013/handouts/testprograms/public/rand_final/t_130_all.asm SUCCESS CPI:5.0 CYCLES:3341 ICOUNT:667 IHITRATE: 100.0 DHITRATE: 100.0
/u/k/a/karu/courses/cs552/spring2013/handouts/testprograms/public/rand_final/t_131_all.asm SUCCESS CPI:5.0 CYCLES:2863 ICOUNT:570 IHITRATE: 100.0 DHITRATE: 100.0
/u/k/a/karu/courses/cs552/spring2013/handouts/testprograms/public/rand_final/t_132_all.asm SUCCESS CPI:5.2 CYCLES:2537 ICOUNT:489 IHITRATE: 100.0 DHITRATE: 100.0
/u/k/a/karu/courses/cs552/spring2013/handouts/testprograms/public/rand_final/t_133_all.asm SUCCESS CPI:5.2 CYCLES:2403 ICOUNT:462 IHITRATE: 100.0 DHITRATE: 100.0
/u/k/a/karu/courses/cs552/spring2013/handouts/testprograms/public/rand_final/t_134_all.asm SUCCESS CPI:5.2 CYCLES:2557 ICOUNT:495 IHITRATE: 100.0 DHITRATE: 100.0
/u/k/a/karu/courses/cs552/spring2013/handouts/testprograms/public/rand_final/t_135_all.asm SUCCESS CPI:5.1 CYCLES:3181 ICOUNT:625 IHITRATE: 100.0 DHITRATE: 100.0
/u/k/a/karu/courses/cs552/spring2013/handouts/testprograms/public/rand_final/t_136_all.asm SUCCESS CPI:5.4 CYCLES:2319 ICOUNT:433 IHITRATE: 100.0 DHITRATE: 100.0
/u/k/a/karu/courses/cs552/spring2013/handouts/testprograms/public/rand_final/t_137_all.asm SUCCESS CPI:5.1 CYCLES:2839 ICOUNT:555 IHITRATE: 100.0 DHITRATE: 100.0
/u/k/a/karu/courses/cs552/spring2013/handouts/testprograms/public/rand_final/t_138_all.asm SUCCESS CPI:5.2 CYCLES:3301 ICOUNT:637 IHITRATE: 100.0 DHITRATE: 100.0
/u/k/a/karu/courses/cs552/spring2013/handouts/testprograms/public/rand_final/t_139_all.asm SUCCESS CPI:5.7 CYCLES:2157 ICOUNT:379 IHITRATE: 100.0 DHITRATE: 100.0
/u/k/a/karu/courses/cs552/spring2013/handouts/testprograms/public/rand_final/t_13_mem.asm SUCCESS CPI:7.6 CYCLES:11047 ICOUNT:1455 IHITRATE: 100.0 DHITRATE: 100.0
/u/k/a/karu/courses/cs552/spring2013/handouts/testprograms/public/rand_final/t_140_all.asm SUCCESS CPI:5.2 CYCLES:2181 ICOUNT:418 IHITRATE: 100.0 DHITRATE: 100.0
/u/k/a/karu/courses/cs552/spring2013/handouts/testprograms/public/rand_final/t_141_all.asm SUCCESS CPI:4.9 CYCLES:2525 ICOUNT:511 IHITRATE: 100.0 DHITRATE: 100.0
/u/k/a/karu/courses/cs552/spring2013/handouts/testprograms/public/rand_final/t_142_all.asm SUCCESS CPI:5.3 CYCLES:2133 ICOUNT:404 IHITRATE: 100.0 DHITRATE: 100.0
/u/k/a/karu/courses/cs552/spring2013/handouts/testprograms/public/rand_final/t_143_all.asm SUCCESS CPI:5.0 CYCLES:2613 ICOUNT:526 IHITRATE: 100.0 DHITRATE: 100.0
/u/k/a/karu/courses/cs552/spring2013/handouts/testprograms/public/rand_final/t_144_all.asm SUCCESS CPI:5.5 CYCLES:2443 ICOUNT:442 IHITRATE: 100.0 DHITRATE: 100.0
/u/k/a/karu/courses/cs552/spring2013/handouts/testprograms/public/rand_final/t_145_all.asm SUCCESS CPI:5.2 CYCLES:2377 ICOUNT:456 IHITRATE: 100.0 DHITRATE: 100.0
/u/k/a/karu/courses/cs552/spring2013/handouts/testprograms/public/rand_final/t_146_all.asm SUCCESS CPI:5.2 CYCLES:3246 ICOUNT:630 IHITRATE: 100.0 DHITRATE: 100.0
/u/k/a/karu/courses/cs552/spring2013/handouts/testprograms/public/rand_final/t_147_all.asm SUCCESS CPI:5.1 CYCLES:2349 ICOUNT:458 IHITRATE: 100.0 DHITRATE: 100.0
/u/k/a/karu/courses/cs552/spring2013/handouts/testprograms/public/rand_final/t_148_all.asm SUCCESS CPI:5.3 CYCLES:2477 ICOUNT:471 IHITRATE: 100.0 DHITRATE: 100.0
/u/k/a/karu/courses/cs552/spring2013/handouts/testprograms/public/rand_final/t_149_all.asm SUCCESS CPI:5.1 CYCLES:2372 ICOUNT:465 IHITRATE: 100.0 DHITRATE: 100.0
/u/k/a/karu/courses/cs552/spring2013/handouts/testprograms/public/rand_final/t_14_mem.asm SUCCESS CPI:7.9 CYCLES:10941 ICOUNT:1385 IHITRATE: 100.0 DHITRATE: 100.0
/u/k/a/karu/courses/cs552/spring2013/handouts/testprograms/public/rand_final/t_150_all.asm SUCCESS CPI:5.3 CYCLES:2775 ICOUNT:524 IHITRATE: 100.0 DHITRATE: 100.0
/u/k/a/karu/courses/cs552/spring2013/handouts/testprograms/public/rand_final/t_15_mem.asm SUCCESS CPI:7.6 CYCLES:11103 ICOUNT:1459 IHITRATE: 100.0 DHITRATE: 100.0
/u/k/a/karu/courses/cs552/spring2013/handouts/testprograms/public/rand_final/t_16_mem.asm SUCCESS CPI:7.5 CYCLES:11047 ICOUNT:1466 IHITRATE: 100.0 DHITRATE: 100.0
/u/k/a/karu/courses/cs552/spring2013/handouts/testprograms/public/rand_final/t_17_mem.asm SUCCESS CPI:7.4 CYCLES:11254 ICOUNT:1515 IHITRATE: 100.0 DHITRATE: 100.0
/u/k/a/karu/courses/cs552/spring2013/handouts/testprograms/public/rand_final/t_18_mem.asm SUCCESS CPI:7.7 CYCLES:10941 ICOUNT:1423 IHITRATE: 100.0 DHITRATE: 100.0
/u/k/a/karu/courses/cs552/spring2013/handouts/testprograms/public/rand_final/t_19_mem.asm SUCCESS CPI:7.7 CYCLES:10818 ICOUNT:1400 IHITRATE: 100.0 DHITRATE: 100.0
