INUM:        0 PC: 0x0000 REG: 0 VALUE: 0x0000
INUM:        1 PC: 0x0002 REG: 0 VALUE: 0x040a ADDR: 0x0006
INUM:        2 PC: 0x0004
INUM:        3 PC: 0x040a REG: 0 VALUE: 0x0008
INUM:        4 PC: 0x040c REG: 0 VALUE: 0x0092 ADDR: 0x0008
INUM:        5 PC: 0x040e REG: 1 VALUE: 0x000a
INUM:        6 PC: 0x0410 REG: 1 VALUE: 0x0200 ADDR: 0x000a
INUM:        7 PC: 0x0412 REG: 1 VALUE: 0x0220 ADDR: 0x0200
INUM:        8 PC: 0x0414 REG: 1 VALUE: 0x00e2 ADDR: 0x0220
INUM:        9 PC: 0x0416 REG: 1 VALUE: 0x03b6 ADDR: 0x00e2
INUM:       10 PC: 0x0418 REG: 1 VALUE: 0x0084 ADDR: 0x03b6
INUM:       11 PC: 0x041a REG: 1 VALUE: 0x037c ADDR: 0x0084
INUM:       12 PC: 0x041c REG: 0 VALUE: 0x0091
INUM:       13 PC: 0x041e
INUM:       14 PC: 0x0410 REG: 1 VALUE: 0x03a8 ADDR: 0x037c
INUM:       15 PC: 0x0412 REG: 1 VALUE: 0x034a ADDR: 0x03a8
INUM:       16 PC: 0x0414 REG: 1 VALUE: 0x0216 ADDR: 0x034a
INUM:       17 PC: 0x0416 REG: 1 VALUE: 0x02d2 ADDR: 0x0216
INUM:       18 PC: 0x0418 REG: 1 VALUE: 0x01d8 ADDR: 0x02d2
INUM:       19 PC: 0x041a REG: 1 VALUE: 0x014c ADDR: 0x01d8
INUM:       20 PC: 0x041c REG: 0 VALUE: 0x0090
INUM:       21 PC: 0x041e
INUM:       22 PC: 0x0410 REG: 1 VALUE: 0x001c ADDR: 0x014c
INUM:       23 PC: 0x0412 REG: 1 VALUE: 0x0394 ADDR: 0x001c
INUM:       24 PC: 0x0414 REG: 1 VALUE: 0x0364 ADDR: 0x0394
INUM:       25 PC: 0x0416 REG: 1 VALUE: 0x0386 ADDR: 0x0364
INUM:       26 PC: 0x0418 REG: 1 VALUE: 0x013c ADDR: 0x0386
INUM:       27 PC: 0x041a REG: 1 VALUE: 0x02d6 ADDR: 0x013c
INUM:       28 PC: 0x041c REG: 0 VALUE: 0x008f
INUM:       29 PC: 0x041e
INUM:       30 PC: 0x0410 REG: 1 VALUE: 0x020a ADDR: 0x02d6
INUM:       31 PC: 0x0412 REG: 1 VALUE: 0x039e ADDR: 0x020a
INUM:       32 PC: 0x0414 REG: 1 VALUE: 0x02b6 ADDR: 0x039e
INUM:       33 PC: 0x0416 REG: 1 VALUE: 0x03a0 ADDR: 0x02b6
INUM:       34 PC: 0x0418 REG: 1 VALUE: 0x017c ADDR: 0x03a0
INUM:       35 PC: 0x041a REG: 1 VALUE: 0x03ec ADDR: 0x017c
INUM:       36 PC: 0x041c REG: 0 VALUE: 0x008e
INUM:       37 PC: 0x041e
INUM:       38 PC: 0x0410 REG: 1 VALUE: 0x03dc ADDR: 0x03ec
INUM:       39 PC: 0x0412 REG: 1 VALUE: 0x01e0 ADDR: 0x03dc
INUM:       40 PC: 0x0414 REG: 1 VALUE: 0x0108 ADDR: 0x01e0
INUM:       41 PC: 0x0416 REG: 1 VALUE: 0x01d8 ADDR: 0x0108
INUM:       42 PC: 0x0418 REG: 1 VALUE: 0x014c ADDR: 0x01d8
INUM:       43 PC: 0x041a REG: 1 VALUE: 0x001c ADDR: 0x014c
INUM:       44 PC: 0x041c REG: 0 VALUE: 0x008d
INUM:       45 PC: 0x041e
INUM:       46 PC: 0x0410 REG: 1 VALUE: 0x0394 ADDR: 0x001c
INUM:       47 PC: 0x0412 REG: 1 VALUE: 0x0364 ADDR: 0x0394
INUM:       48 PC: 0x0414 REG: 1 VALUE: 0x0386 ADDR: 0x0364
INUM:       49 PC: 0x0416 REG: 1 VALUE: 0x013c ADDR: 0x0386
INUM:       50 PC: 0x0418 REG: 1 VALUE: 0x02d6 ADDR: 0x013c
INUM:       51 PC: 0x041a REG: 1 VALUE: 0x020a ADDR: 0x02d6
INUM:       52 PC: 0x041c REG: 0 VALUE: 0x008c
INUM:       53 PC: 0x041e
INUM:       54 PC: 0x0410 REG: 1 VALUE: 0x039e ADDR: 0x020a
INUM:       55 PC: 0x0412 REG: 1 VALUE: 0x02b6 ADDR: 0x039e
INUM:       56 PC: 0x0414 REG: 1 VALUE: 0x03a0 ADDR: 0x02b6
INUM:       57 PC: 0x0416 REG: 1 VALUE: 0x017c ADDR: 0x03a0
INUM:       58 PC: 0x0418 REG: 1 VALUE: 0x03ec ADDR: 0x017c
INUM:       59 PC: 0x041a REG: 1 VALUE: 0x03dc ADDR: 0x03ec
INUM:       60 PC: 0x041c REG: 0 VALUE: 0x008b
INUM:       61 PC: 0x041e
INUM:       62 PC: 0x0410 REG: 1 VALUE: 0x01e0 ADDR: 0x03dc
INUM:       63 PC: 0x0412 REG: 1 VALUE: 0x0108 ADDR: 0x01e0
INUM:       64 PC: 0x0414 REG: 1 VALUE: 0x01d8 ADDR: 0x0108
INUM:       65 PC: 0x0416 REG: 1 VALUE: 0x014c ADDR: 0x01d8
INUM:       66 PC: 0x0418 REG: 1 VALUE: 0x001c ADDR: 0x014c
INUM:       67 PC: 0x041a REG: 1 VALUE: 0x0394 ADDR: 0x001c
INUM:       68 PC: 0x041c REG: 0 VALUE: 0x008a
INUM:       69 PC: 0x041e
INUM:       70 PC: 0x0410 REG: 1 VALUE: 0x0364 ADDR: 0x0394
INUM:       71 PC: 0x0412 REG: 1 VALUE: 0x0386 ADDR: 0x0364
INUM:       72 PC: 0x0414 REG: 1 VALUE: 0x013c ADDR: 0x0386
INUM:       73 PC: 0x0416 REG: 1 VALUE: 0x02d6 ADDR: 0x013c
INUM:       74 PC: 0x0418 REG: 1 VALUE: 0x020a ADDR: 0x02d6
INUM:       75 PC: 0x041a REG: 1 VALUE: 0x039e ADDR: 0x020a
INUM:       76 PC: 0x041c REG: 0 VALUE: 0x0089
INUM:       77 PC: 0x041e
INUM:       78 PC: 0x0410 REG: 1 VALUE: 0x02b6 ADDR: 0x039e
INUM:       79 PC: 0x0412 REG: 1 VALUE: 0x03a0 ADDR: 0x02b6
INUM:       80 PC: 0x0414 REG: 1 VALUE: 0x017c ADDR: 0x03a0
INUM:       81 PC: 0x0416 REG: 1 VALUE: 0x03ec ADDR: 0x017c
INUM:       82 PC: 0x0418 REG: 1 VALUE: 0x03dc ADDR: 0x03ec
INUM:       83 PC: 0x041a REG: 1 VALUE: 0x01e0 ADDR: 0x03dc
INUM:       84 PC: 0x041c REG: 0 VALUE: 0x0088
INUM:       85 PC: 0x041e
INUM:       86 PC: 0x0410 REG: 1 VALUE: 0x0108 ADDR: 0x01e0
INUM:       87 PC: 0x0412 REG: 1 VALUE: 0x01d8 ADDR: 0x0108
INUM:       88 PC: 0x0414 REG: 1 VALUE: 0x014c ADDR: 0x01d8
INUM:       89 PC: 0x0416 REG: 1 VALUE: 0x001c ADDR: 0x014c
INUM:       90 PC: 0x0418 REG: 1 VALUE: 0x0394 ADDR: 0x001c
INUM:       91 PC: 0x041a REG: 1 VALUE: 0x0364 ADDR: 0x0394
INUM:       92 PC: 0x041c REG: 0 VALUE: 0x0087
INUM:       93 PC: 0x041e
INUM:       94 PC: 0x0410 REG: 1 VALUE: 0x0386 ADDR: 0x0364
INUM:       95 PC: 0x0412 REG: 1 VALUE: 0x013c ADDR: 0x0386
INUM:       96 PC: 0x0414 REG: 1 VALUE: 0x02d6 ADDR: 0x013c
INUM:       97 PC: 0x0416 REG: 1 VALUE: 0x020a ADDR: 0x02d6
INUM:       98 PC: 0x0418 REG: 1 VALUE: 0x039e ADDR: 0x020a
INUM:       99 PC: 0x041a REG: 1 VALUE: 0x02b6 ADDR: 0x039e
INUM:      100 PC: 0x041c REG: 0 VALUE: 0x0086
INUM:      101 PC: 0x041e
INUM:      102 PC: 0x0410 REG: 1 VALUE: 0x03a0 ADDR: 0x02b6
INUM:      103 PC: 0x0412 REG: 1 VALUE: 0x017c ADDR: 0x03a0
INUM:      104 PC: 0x0414 REG: 1 VALUE: 0x03ec ADDR: 0x017c
INUM:      105 PC: 0x0416 REG: 1 VALUE: 0x03dc ADDR: 0x03ec
INUM:      106 PC: 0x0418 REG: 1 VALUE: 0x01e0 ADDR: 0x03dc
INUM:      107 PC: 0x041a REG: 1 VALUE: 0x0108 ADDR: 0x01e0
INUM:      108 PC: 0x041c REG: 0 VALUE: 0x0085
INUM:      109 PC: 0x041e
INUM:      110 PC: 0x0410 REG: 1 VALUE: 0x01d8 ADDR: 0x0108
INUM:      111 PC: 0x0412 REG: 1 VALUE: 0x014c ADDR: 0x01d8
INUM:      112 PC: 0x0414 REG: 1 VALUE: 0x001c ADDR: 0x014c
INUM:      113 PC: 0x0416 REG: 1 VALUE: 0x0394 ADDR: 0x001c
INUM:      114 PC: 0x0418 REG: 1 VALUE: 0x0364 ADDR: 0x0394
INUM:      115 PC: 0x041a REG: 1 VALUE: 0x0386 ADDR: 0x0364
INUM:      116 PC: 0x041c REG: 0 VALUE: 0x0084
INUM:      117 PC: 0x041e
INUM:      118 PC: 0x0410 REG: 1 VALUE: 0x013c ADDR: 0x0386
INUM:      119 PC: 0x0412 REG: 1 VALUE: 0x02d6 ADDR: 0x013c
INUM:      120 PC: 0x0414 REG: 1 VALUE: 0x020a ADDR: 0x02d6
INUM:      121 PC: 0x0416 REG: 1 VALUE: 0x039e ADDR: 0x020a
INUM:      122 PC: 0x0418 REG: 1 VALUE: 0x02b6 ADDR: 0x039e
INUM:      123 PC: 0x041a REG: 1 VALUE: 0x03a0 ADDR: 0x02b6
INUM:      124 PC: 0x041c REG: 0 VALUE: 0x0083
INUM:      125 PC: 0x041e
INUM:      126 PC: 0x0410 REG: 1 VALUE: 0x017c ADDR: 0x03a0
INUM:      127 PC: 0x0412 REG: 1 VALUE: 0x03ec ADDR: 0x017c
INUM:      128 PC: 0x0414 REG: 1 VALUE: 0x03dc ADDR: 0x03ec
INUM:      129 PC: 0x0416 REG: 1 VALUE: 0x01e0 ADDR: 0x03dc
INUM:      130 PC: 0x0418 REG: 1 VALUE: 0x0108 ADDR: 0x01e0
INUM:      131 PC: 0x041a REG: 1 VALUE: 0x01d8 ADDR: 0x0108
INUM:      132 PC: 0x041c REG: 0 VALUE: 0x0082
INUM:      133 PC: 0x041e
INUM:      134 PC: 0x0410 REG: 1 VALUE: 0x014c ADDR: 0x01d8
INUM:      135 PC: 0x0412 REG: 1 VALUE: 0x001c ADDR: 0x014c
INUM:      136 PC: 0x0414 REG: 1 VALUE: 0x0394 ADDR: 0x001c
INUM:      137 PC: 0x0416 REG: 1 VALUE: 0x0364 ADDR: 0x0394
INUM:      138 PC: 0x0418 REG: 1 VALUE: 0x0386 ADDR: 0x0364
INUM:      139 PC: 0x041a REG: 1 VALUE: 0x013c ADDR: 0x0386
INUM:      140 PC: 0x041c REG: 0 VALUE: 0x0081
INUM:      141 PC: 0x041e
INUM:      142 PC: 0x0410 REG: 1 VALUE: 0x02d6 ADDR: 0x013c
INUM:      143 PC: 0x0412 REG: 1 VALUE: 0x020a ADDR: 0x02d6
INUM:      144 PC: 0x0414 REG: 1 VALUE: 0x039e ADDR: 0x020a
INUM:      145 PC: 0x0416 REG: 1 VALUE: 0x02b6 ADDR: 0x039e
INUM:      146 PC: 0x0418 REG: 1 VALUE: 0x03a0 ADDR: 0x02b6
INUM:      147 PC: 0x041a REG: 1 VALUE: 0x017c ADDR: 0x03a0
INUM:      148 PC: 0x041c REG: 0 VALUE: 0x0080
INUM:      149 PC: 0x041e
INUM:      150 PC: 0x0410 REG: 1 VALUE: 0x03ec ADDR: 0x017c
INUM:      151 PC: 0x0412 REG: 1 VALUE: 0x03dc ADDR: 0x03ec
INUM:      152 PC: 0x0414 REG: 1 VALUE: 0x01e0 ADDR: 0x03dc
INUM:      153 PC: 0x0416 REG: 1 VALUE: 0x0108 ADDR: 0x01e0
INUM:      154 PC: 0x0418 REG: 1 VALUE: 0x01d8 ADDR: 0x0108
INUM:      155 PC: 0x041a REG: 1 VALUE: 0x014c ADDR: 0x01d8
INUM:      156 PC: 0x041c REG: 0 VALUE: 0x007f
INUM:      157 PC: 0x041e
INUM:      158 PC: 0x0410 REG: 1 VALUE: 0x001c ADDR: 0x014c
INUM:      159 PC: 0x0412 REG: 1 VALUE: 0x0394 ADDR: 0x001c
INUM:      160 PC: 0x0414 REG: 1 VALUE: 0x0364 ADDR: 0x0394
INUM:      161 PC: 0x0416 REG: 1 VALUE: 0x0386 ADDR: 0x0364
INUM:      162 PC: 0x0418 REG: 1 VALUE: 0x013c ADDR: 0x0386
INUM:      163 PC: 0x041a REG: 1 VALUE: 0x02d6 ADDR: 0x013c
INUM:      164 PC: 0x041c REG: 0 VALUE: 0x007e
INUM:      165 PC: 0x041e
INUM:      166 PC: 0x0410 REG: 1 VALUE: 0x020a ADDR: 0x02d6
INUM:      167 PC: 0x0412 REG: 1 VALUE: 0x039e ADDR: 0x020a
INUM:      168 PC: 0x0414 REG: 1 VALUE: 0x02b6 ADDR: 0x039e
INUM:      169 PC: 0x0416 REG: 1 VALUE: 0x03a0 ADDR: 0x02b6
INUM:      170 PC: 0x0418 REG: 1 VALUE: 0x017c ADDR: 0x03a0
INUM:      171 PC: 0x041a REG: 1 VALUE: 0x03ec ADDR: 0x017c
INUM:      172 PC: 0x041c REG: 0 VALUE: 0x007d
INUM:      173 PC: 0x041e
INUM:      174 PC: 0x0410 REG: 1 VALUE: 0x03dc ADDR: 0x03ec
INUM:      175 PC: 0x0412 REG: 1 VALUE: 0x01e0 ADDR: 0x03dc
INUM:      176 PC: 0x0414 REG: 1 VALUE: 0x0108 ADDR: 0x01e0
INUM:      177 PC: 0x0416 REG: 1 VALUE: 0x01d8 ADDR: 0x0108
INUM:      178 PC: 0x0418 REG: 1 VALUE: 0x014c ADDR: 0x01d8
INUM:      179 PC: 0x041a REG: 1 VALUE: 0x001c ADDR: 0x014c
INUM:      180 PC: 0x041c REG: 0 VALUE: 0x007c
INUM:      181 PC: 0x041e
INUM:      182 PC: 0x0410 REG: 1 VALUE: 0x0394 ADDR: 0x001c
INUM:      183 PC: 0x0412 REG: 1 VALUE: 0x0364 ADDR: 0x0394
INUM:      184 PC: 0x0414 REG: 1 VALUE: 0x0386 ADDR: 0x0364
INUM:      185 PC: 0x0416 REG: 1 VALUE: 0x013c ADDR: 0x0386
INUM:      186 PC: 0x0418 REG: 1 VALUE: 0x02d6 ADDR: 0x013c
INUM:      187 PC: 0x041a REG: 1 VALUE: 0x020a ADDR: 0x02d6
INUM:      188 PC: 0x041c REG: 0 VALUE: 0x007b
INUM:      189 PC: 0x041e
INUM:      190 PC: 0x0410 REG: 1 VALUE: 0x039e ADDR: 0x020a
INUM:      191 PC: 0x0412 REG: 1 VALUE: 0x02b6 ADDR: 0x039e
INUM:      192 PC: 0x0414 REG: 1 VALUE: 0x03a0 ADDR: 0x02b6
INUM:      193 PC: 0x0416 REG: 1 VALUE: 0x017c ADDR: 0x03a0
INUM:      194 PC: 0x0418 REG: 1 VALUE: 0x03ec ADDR: 0x017c
INUM:      195 PC: 0x041a REG: 1 VALUE: 0x03dc ADDR: 0x03ec
INUM:      196 PC: 0x041c REG: 0 VALUE: 0x007a
INUM:      197 PC: 0x041e
INUM:      198 PC: 0x0410 REG: 1 VALUE: 0x01e0 ADDR: 0x03dc
INUM:      199 PC: 0x0412 REG: 1 VALUE: 0x0108 ADDR: 0x01e0
INUM:      200 PC: 0x0414 REG: 1 VALUE: 0x01d8 ADDR: 0x0108
INUM:      201 PC: 0x0416 REG: 1 VALUE: 0x014c ADDR: 0x01d8
INUM:      202 PC: 0x0418 REG: 1 VALUE: 0x001c ADDR: 0x014c
INUM:      203 PC: 0x041a REG: 1 VALUE: 0x0394 ADDR: 0x001c
INUM:      204 PC: 0x041c REG: 0 VALUE: 0x0079
INUM:      205 PC: 0x041e
INUM:      206 PC: 0x0410 REG: 1 VALUE: 0x0364 ADDR: 0x0394
INUM:      207 PC: 0x0412 REG: 1 VALUE: 0x0386 ADDR: 0x0364
INUM:      208 PC: 0x0414 REG: 1 VALUE: 0x013c ADDR: 0x0386
INUM:      209 PC: 0x0416 REG: 1 VALUE: 0x02d6 ADDR: 0x013c
INUM:      210 PC: 0x0418 REG: 1 VALUE: 0x020a ADDR: 0x02d6
INUM:      211 PC: 0x041a REG: 1 VALUE: 0x039e ADDR: 0x020a
INUM:      212 PC: 0x041c REG: 0 VALUE: 0x0078
INUM:      213 PC: 0x041e
INUM:      214 PC: 0x0410 REG: 1 VALUE: 0x02b6 ADDR: 0x039e
INUM:      215 PC: 0x0412 REG: 1 VALUE: 0x03a0 ADDR: 0x02b6
INUM:      216 PC: 0x0414 REG: 1 VALUE: 0x017c ADDR: 0x03a0
INUM:      217 PC: 0x0416 REG: 1 VALUE: 0x03ec ADDR: 0x017c
INUM:      218 PC: 0x0418 REG: 1 VALUE: 0x03dc ADDR: 0x03ec
INUM:      219 PC: 0x041a REG: 1 VALUE: 0x01e0 ADDR: 0x03dc
INUM:      220 PC: 0x041c REG: 0 VALUE: 0x0077
INUM:      221 PC: 0x041e
INUM:      222 PC: 0x0410 REG: 1 VALUE: 0x0108 ADDR: 0x01e0
INUM:      223 PC: 0x0412 REG: 1 VALUE: 0x01d8 ADDR: 0x0108
INUM:      224 PC: 0x0414 REG: 1 VALUE: 0x014c ADDR: 0x01d8
INUM:      225 PC: 0x0416 REG: 1 VALUE: 0x001c ADDR: 0x014c
INUM:      226 PC: 0x0418 REG: 1 VALUE: 0x0394 ADDR: 0x001c
INUM:      227 PC: 0x041a REG: 1 VALUE: 0x0364 ADDR: 0x0394
INUM:      228 PC: 0x041c REG: 0 VALUE: 0x0076
INUM:      229 PC: 0x041e
INUM:      230 PC: 0x0410 REG: 1 VALUE: 0x0386 ADDR: 0x0364
INUM:      231 PC: 0x0412 REG: 1 VALUE: 0x013c ADDR: 0x0386
INUM:      232 PC: 0x0414 REG: 1 VALUE: 0x02d6 ADDR: 0x013c
INUM:      233 PC: 0x0416 REG: 1 VALUE: 0x020a ADDR: 0x02d6
INUM:      234 PC: 0x0418 REG: 1 VALUE: 0x039e ADDR: 0x020a
INUM:      235 PC: 0x041a REG: 1 VALUE: 0x02b6 ADDR: 0x039e
INUM:      236 PC: 0x041c REG: 0 VALUE: 0x0075
INUM:      237 PC: 0x041e
INUM:      238 PC: 0x0410 REG: 1 VALUE: 0x03a0 ADDR: 0x02b6
INUM:      239 PC: 0x0412 REG: 1 VALUE: 0x017c ADDR: 0x03a0
INUM:      240 PC: 0x0414 REG: 1 VALUE: 0x03ec ADDR: 0x017c
INUM:      241 PC: 0x0416 REG: 1 VALUE: 0x03dc ADDR: 0x03ec
INUM:      242 PC: 0x0418 REG: 1 VALUE: 0x01e0 ADDR: 0x03dc
INUM:      243 PC: 0x041a REG: 1 VALUE: 0x0108 ADDR: 0x01e0
INUM:      244 PC: 0x041c REG: 0 VALUE: 0x0074
INUM:      245 PC: 0x041e
INUM:      246 PC: 0x0410 REG: 1 VALUE: 0x01d8 ADDR: 0x0108
INUM:      247 PC: 0x0412 REG: 1 VALUE: 0x014c ADDR: 0x01d8
INUM:      248 PC: 0x0414 REG: 1 VALUE: 0x001c ADDR: 0x014c
INUM:      249 PC: 0x0416 REG: 1 VALUE: 0x0394 ADDR: 0x001c
INUM:      250 PC: 0x0418 REG: 1 VALUE: 0x0364 ADDR: 0x0394
INUM:      251 PC: 0x041a REG: 1 VALUE: 0x0386 ADDR: 0x0364
INUM:      252 PC: 0x041c REG: 0 VALUE: 0x0073
INUM:      253 PC: 0x041e
INUM:      254 PC: 0x0410 REG: 1 VALUE: 0x013c ADDR: 0x0386
INUM:      255 PC: 0x0412 REG: 1 VALUE: 0x02d6 ADDR: 0x013c
INUM:      256 PC: 0x0414 REG: 1 VALUE: 0x020a ADDR: 0x02d6
INUM:      257 PC: 0x0416 REG: 1 VALUE: 0x039e ADDR: 0x020a
INUM:      258 PC: 0x0418 REG: 1 VALUE: 0x02b6 ADDR: 0x039e
INUM:      259 PC: 0x041a REG: 1 VALUE: 0x03a0 ADDR: 0x02b6
INUM:      260 PC: 0x041c REG: 0 VALUE: 0x0072
INUM:      261 PC: 0x041e
INUM:      262 PC: 0x0410 REG: 1 VALUE: 0x017c ADDR: 0x03a0
INUM:      263 PC: 0x0412 REG: 1 VALUE: 0x03ec ADDR: 0x017c
INUM:      264 PC: 0x0414 REG: 1 VALUE: 0x03dc ADDR: 0x03ec
INUM:      265 PC: 0x0416 REG: 1 VALUE: 0x01e0 ADDR: 0x03dc
INUM:      266 PC: 0x0418 REG: 1 VALUE: 0x0108 ADDR: 0x01e0
INUM:      267 PC: 0x041a REG: 1 VALUE: 0x01d8 ADDR: 0x0108
INUM:      268 PC: 0x041c REG: 0 VALUE: 0x0071
INUM:      269 PC: 0x041e
INUM:      270 PC: 0x0410 REG: 1 VALUE: 0x014c ADDR: 0x01d8
INUM:      271 PC: 0x0412 REG: 1 VALUE: 0x001c ADDR: 0x014c
INUM:      272 PC: 0x0414 REG: 1 VALUE: 0x0394 ADDR: 0x001c
INUM:      273 PC: 0x0416 REG: 1 VALUE: 0x0364 ADDR: 0x0394
INUM:      274 PC: 0x0418 REG: 1 VALUE: 0x0386 ADDR: 0x0364
INUM:      275 PC: 0x041a REG: 1 VALUE: 0x013c ADDR: 0x0386
INUM:      276 PC: 0x041c REG: 0 VALUE: 0x0070
INUM:      277 PC: 0x041e
INUM:      278 PC: 0x0410 REG: 1 VALUE: 0x02d6 ADDR: 0x013c
INUM:      279 PC: 0x0412 REG: 1 VALUE: 0x020a ADDR: 0x02d6
INUM:      280 PC: 0x0414 REG: 1 VALUE: 0x039e ADDR: 0x020a
INUM:      281 PC: 0x0416 REG: 1 VALUE: 0x02b6 ADDR: 0x039e
INUM:      282 PC: 0x0418 REG: 1 VALUE: 0x03a0 ADDR: 0x02b6
INUM:      283 PC: 0x041a REG: 1 VALUE: 0x017c ADDR: 0x03a0
INUM:      284 PC: 0x041c REG: 0 VALUE: 0x006f
INUM:      285 PC: 0x041e
INUM:      286 PC: 0x0410 REG: 1 VALUE: 0x03ec ADDR: 0x017c
INUM:      287 PC: 0x0412 REG: 1 VALUE: 0x03dc ADDR: 0x03ec
INUM:      288 PC: 0x0414 REG: 1 VALUE: 0x01e0 ADDR: 0x03dc
INUM:      289 PC: 0x0416 REG: 1 VALUE: 0x0108 ADDR: 0x01e0
INUM:      290 PC: 0x0418 REG: 1 VALUE: 0x01d8 ADDR: 0x0108
INUM:      291 PC: 0x041a REG: 1 VALUE: 0x014c ADDR: 0x01d8
INUM:      292 PC: 0x041c REG: 0 VALUE: 0x006e
INUM:      293 PC: 0x041e
INUM:      294 PC: 0x0410 REG: 1 VALUE: 0x001c ADDR: 0x014c
INUM:      295 PC: 0x0412 REG: 1 VALUE: 0x0394 ADDR: 0x001c
INUM:      296 PC: 0x0414 REG: 1 VALUE: 0x0364 ADDR: 0x0394
INUM:      297 PC: 0x0416 REG: 1 VALUE: 0x0386 ADDR: 0x0364
INUM:      298 PC: 0x0418 REG: 1 VALUE: 0x013c ADDR: 0x0386
INUM:      299 PC: 0x041a REG: 1 VALUE: 0x02d6 ADDR: 0x013c
INUM:      300 PC: 0x041c REG: 0 VALUE: 0x006d
INUM:      301 PC: 0x041e
INUM:      302 PC: 0x0410 REG: 1 VALUE: 0x020a ADDR: 0x02d6
INUM:      303 PC: 0x0412 REG: 1 VALUE: 0x039e ADDR: 0x020a
INUM:      304 PC: 0x0414 REG: 1 VALUE: 0x02b6 ADDR: 0x039e
INUM:      305 PC: 0x0416 REG: 1 VALUE: 0x03a0 ADDR: 0x02b6
INUM:      306 PC: 0x0418 REG: 1 VALUE: 0x017c ADDR: 0x03a0
INUM:      307 PC: 0x041a REG: 1 VALUE: 0x03ec ADDR: 0x017c
INUM:      308 PC: 0x041c REG: 0 VALUE: 0x006c
INUM:      309 PC: 0x041e
INUM:      310 PC: 0x0410 REG: 1 VALUE: 0x03dc ADDR: 0x03ec
INUM:      311 PC: 0x0412 REG: 1 VALUE: 0x01e0 ADDR: 0x03dc
INUM:      312 PC: 0x0414 REG: 1 VALUE: 0x0108 ADDR: 0x01e0
INUM:      313 PC: 0x0416 REG: 1 VALUE: 0x01d8 ADDR: 0x0108
INUM:      314 PC: 0x0418 REG: 1 VALUE: 0x014c ADDR: 0x01d8
INUM:      315 PC: 0x041a REG: 1 VALUE: 0x001c ADDR: 0x014c
INUM:      316 PC: 0x041c REG: 0 VALUE: 0x006b
INUM:      317 PC: 0x041e
INUM:      318 PC: 0x0410 REG: 1 VALUE: 0x0394 ADDR: 0x001c
INUM:      319 PC: 0x0412 REG: 1 VALUE: 0x0364 ADDR: 0x0394
INUM:      320 PC: 0x0414 REG: 1 VALUE: 0x0386 ADDR: 0x0364
INUM:      321 PC: 0x0416 REG: 1 VALUE: 0x013c ADDR: 0x0386
INUM:      322 PC: 0x0418 REG: 1 VALUE: 0x02d6 ADDR: 0x013c
INUM:      323 PC: 0x041a REG: 1 VALUE: 0x020a ADDR: 0x02d6
INUM:      324 PC: 0x041c REG: 0 VALUE: 0x006a
INUM:      325 PC: 0x041e
INUM:      326 PC: 0x0410 REG: 1 VALUE: 0x039e ADDR: 0x020a
INUM:      327 PC: 0x0412 REG: 1 VALUE: 0x02b6 ADDR: 0x039e
INUM:      328 PC: 0x0414 REG: 1 VALUE: 0x03a0 ADDR: 0x02b6
INUM:      329 PC: 0x0416 REG: 1 VALUE: 0x017c ADDR: 0x03a0
INUM:      330 PC: 0x0418 REG: 1 VALUE: 0x03ec ADDR: 0x017c
INUM:      331 PC: 0x041a REG: 1 VALUE: 0x03dc ADDR: 0x03ec
INUM:      332 PC: 0x041c REG: 0 VALUE: 0x0069
INUM:      333 PC: 0x041e
INUM:      334 PC: 0x0410 REG: 1 VALUE: 0x01e0 ADDR: 0x03dc
INUM:      335 PC: 0x0412 REG: 1 VALUE: 0x0108 ADDR: 0x01e0
INUM:      336 PC: 0x0414 REG: 1 VALUE: 0x01d8 ADDR: 0x0108
INUM:      337 PC: 0x0416 REG: 1 VALUE: 0x014c ADDR: 0x01d8
INUM:      338 PC: 0x0418 REG: 1 VALUE: 0x001c ADDR: 0x014c
INUM:      339 PC: 0x041a REG: 1 VALUE: 0x0394 ADDR: 0x001c
INUM:      340 PC: 0x041c REG: 0 VALUE: 0x0068
INUM:      341 PC: 0x041e
INUM:      342 PC: 0x0410 REG: 1 VALUE: 0x0364 ADDR: 0x0394
INUM:      343 PC: 0x0412 REG: 1 VALUE: 0x0386 ADDR: 0x0364
INUM:      344 PC: 0x0414 REG: 1 VALUE: 0x013c ADDR: 0x0386
INUM:      345 PC: 0x0416 REG: 1 VALUE: 0x02d6 ADDR: 0x013c
INUM:      346 PC: 0x0418 REG: 1 VALUE: 0x020a ADDR: 0x02d6
INUM:      347 PC: 0x041a REG: 1 VALUE: 0x039e ADDR: 0x020a
INUM:      348 PC: 0x041c REG: 0 VALUE: 0x0067
INUM:      349 PC: 0x041e
INUM:      350 PC: 0x0410 REG: 1 VALUE: 0x02b6 ADDR: 0x039e
INUM:      351 PC: 0x0412 REG: 1 VALUE: 0x03a0 ADDR: 0x02b6
INUM:      352 PC: 0x0414 REG: 1 VALUE: 0x017c ADDR: 0x03a0
INUM:      353 PC: 0x0416 REG: 1 VALUE: 0x03ec ADDR: 0x017c
INUM:      354 PC: 0x0418 REG: 1 VALUE: 0x03dc ADDR: 0x03ec
INUM:      355 PC: 0x041a REG: 1 VALUE: 0x01e0 ADDR: 0x03dc
INUM:      356 PC: 0x041c REG: 0 VALUE: 0x0066
INUM:      357 PC: 0x041e
INUM:      358 PC: 0x0410 REG: 1 VALUE: 0x0108 ADDR: 0x01e0
INUM:      359 PC: 0x0412 REG: 1 VALUE: 0x01d8 ADDR: 0x0108
INUM:      360 PC: 0x0414 REG: 1 VALUE: 0x014c ADDR: 0x01d8
INUM:      361 PC: 0x0416 REG: 1 VALUE: 0x001c ADDR: 0x014c
INUM:      362 PC: 0x0418 REG: 1 VALUE: 0x0394 ADDR: 0x001c
INUM:      363 PC: 0x041a REG: 1 VALUE: 0x0364 ADDR: 0x0394
INUM:      364 PC: 0x041c REG: 0 VALUE: 0x0065
INUM:      365 PC: 0x041e
INUM:      366 PC: 0x0410 REG: 1 VALUE: 0x0386 ADDR: 0x0364
INUM:      367 PC: 0x0412 REG: 1 VALUE: 0x013c ADDR: 0x0386
INUM:      368 PC: 0x0414 REG: 1 VALUE: 0x02d6 ADDR: 0x013c
INUM:      369 PC: 0x0416 REG: 1 VALUE: 0x020a ADDR: 0x02d6
INUM:      370 PC: 0x0418 REG: 1 VALUE: 0x039e ADDR: 0x020a
INUM:      371 PC: 0x041a REG: 1 VALUE: 0x02b6 ADDR: 0x039e
INUM:      372 PC: 0x041c REG: 0 VALUE: 0x0064
INUM:      373 PC: 0x041e
INUM:      374 PC: 0x0410 REG: 1 VALUE: 0x03a0 ADDR: 0x02b6
INUM:      375 PC: 0x0412 REG: 1 VALUE: 0x017c ADDR: 0x03a0
INUM:      376 PC: 0x0414 REG: 1 VALUE: 0x03ec ADDR: 0x017c
INUM:      377 PC: 0x0416 REG: 1 VALUE: 0x03dc ADDR: 0x03ec
INUM:      378 PC: 0x0418 REG: 1 VALUE: 0x01e0 ADDR: 0x03dc
INUM:      379 PC: 0x041a REG: 1 VALUE: 0x0108 ADDR: 0x01e0
INUM:      380 PC: 0x041c REG: 0 VALUE: 0x0063
INUM:      381 PC: 0x041e
INUM:      382 PC: 0x0410 REG: 1 VALUE: 0x01d8 ADDR: 0x0108
INUM:      383 PC: 0x0412 REG: 1 VALUE: 0x014c ADDR: 0x01d8
INUM:      384 PC: 0x0414 REG: 1 VALUE: 0x001c ADDR: 0x014c
INUM:      385 PC: 0x0416 REG: 1 VALUE: 0x0394 ADDR: 0x001c
INUM:      386 PC: 0x0418 REG: 1 VALUE: 0x0364 ADDR: 0x0394
INUM:      387 PC: 0x041a REG: 1 VALUE: 0x0386 ADDR: 0x0364
INUM:      388 PC: 0x041c REG: 0 VALUE: 0x0062
INUM:      389 PC: 0x041e
INUM:      390 PC: 0x0410 REG: 1 VALUE: 0x013c ADDR: 0x0386
INUM:      391 PC: 0x0412 REG: 1 VALUE: 0x02d6 ADDR: 0x013c
INUM:      392 PC: 0x0414 REG: 1 VALUE: 0x020a ADDR: 0x02d6
INUM:      393 PC: 0x0416 REG: 1 VALUE: 0x039e ADDR: 0x020a
INUM:      394 PC: 0x0418 REG: 1 VALUE: 0x02b6 ADDR: 0x039e
INUM:      395 PC: 0x041a REG: 1 VALUE: 0x03a0 ADDR: 0x02b6
INUM:      396 PC: 0x041c REG: 0 VALUE: 0x0061
INUM:      397 PC: 0x041e
INUM:      398 PC: 0x0410 REG: 1 VALUE: 0x017c ADDR: 0x03a0
INUM:      399 PC: 0x0412 REG: 1 VALUE: 0x03ec ADDR: 0x017c
INUM:      400 PC: 0x0414 REG: 1 VALUE: 0x03dc ADDR: 0x03ec
INUM:      401 PC: 0x0416 REG: 1 VALUE: 0x01e0 ADDR: 0x03dc
INUM:      402 PC: 0x0418 REG: 1 VALUE: 0x0108 ADDR: 0x01e0
INUM:      403 PC: 0x041a REG: 1 VALUE: 0x01d8 ADDR: 0x0108
INUM:      404 PC: 0x041c REG: 0 VALUE: 0x0060
INUM:      405 PC: 0x041e
INUM:      406 PC: 0x0410 REG: 1 VALUE: 0x014c ADDR: 0x01d8
INUM:      407 PC: 0x0412 REG: 1 VALUE: 0x001c ADDR: 0x014c
INUM:      408 PC: 0x0414 REG: 1 VALUE: 0x0394 ADDR: 0x001c
INUM:      409 PC: 0x0416 REG: 1 VALUE: 0x0364 ADDR: 0x0394
INUM:      410 PC: 0x0418 REG: 1 VALUE: 0x0386 ADDR: 0x0364
INUM:      411 PC: 0x041a REG: 1 VALUE: 0x013c ADDR: 0x0386
INUM:      412 PC: 0x041c REG: 0 VALUE: 0x005f
INUM:      413 PC: 0x041e
INUM:      414 PC: 0x0410 REG: 1 VALUE: 0x02d6 ADDR: 0x013c
INUM:      415 PC: 0x0412 REG: 1 VALUE: 0x020a ADDR: 0x02d6
INUM:      416 PC: 0x0414 REG: 1 VALUE: 0x039e ADDR: 0x020a
INUM:      417 PC: 0x0416 REG: 1 VALUE: 0x02b6 ADDR: 0x039e
INUM:      418 PC: 0x0418 REG: 1 VALUE: 0x03a0 ADDR: 0x02b6
INUM:      419 PC: 0x041a REG: 1 VALUE: 0x017c ADDR: 0x03a0
INUM:      420 PC: 0x041c REG: 0 VALUE: 0x005e
INUM:      421 PC: 0x041e
INUM:      422 PC: 0x0410 REG: 1 VALUE: 0x03ec ADDR: 0x017c
INUM:      423 PC: 0x0412 REG: 1 VALUE: 0x03dc ADDR: 0x03ec
INUM:      424 PC: 0x0414 REG: 1 VALUE: 0x01e0 ADDR: 0x03dc
INUM:      425 PC: 0x0416 REG: 1 VALUE: 0x0108 ADDR: 0x01e0
INUM:      426 PC: 0x0418 REG: 1 VALUE: 0x01d8 ADDR: 0x0108
INUM:      427 PC: 0x041a REG: 1 VALUE: 0x014c ADDR: 0x01d8
INUM:      428 PC: 0x041c REG: 0 VALUE: 0x005d
INUM:      429 PC: 0x041e
INUM:      430 PC: 0x0410 REG: 1 VALUE: 0x001c ADDR: 0x014c
INUM:      431 PC: 0x0412 REG: 1 VALUE: 0x0394 ADDR: 0x001c
INUM:      432 PC: 0x0414 REG: 1 VALUE: 0x0364 ADDR: 0x0394
INUM:      433 PC: 0x0416 REG: 1 VALUE: 0x0386 ADDR: 0x0364
INUM:      434 PC: 0x0418 REG: 1 VALUE: 0x013c ADDR: 0x0386
INUM:      435 PC: 0x041a REG: 1 VALUE: 0x02d6 ADDR: 0x013c
INUM:      436 PC: 0x041c REG: 0 VALUE: 0x005c
INUM:      437 PC: 0x041e
INUM:      438 PC: 0x0410 REG: 1 VALUE: 0x020a ADDR: 0x02d6
INUM:      439 PC: 0x0412 REG: 1 VALUE: 0x039e ADDR: 0x020a
INUM:      440 PC: 0x0414 REG: 1 VALUE: 0x02b6 ADDR: 0x039e
INUM:      441 PC: 0x0416 REG: 1 VALUE: 0x03a0 ADDR: 0x02b6
INUM:      442 PC: 0x0418 REG: 1 VALUE: 0x017c ADDR: 0x03a0
INUM:      443 PC: 0x041a REG: 1 VALUE: 0x03ec ADDR: 0x017c
INUM:      444 PC: 0x041c REG: 0 VALUE: 0x005b
INUM:      445 PC: 0x041e
INUM:      446 PC: 0x0410 REG: 1 VALUE: 0x03dc ADDR: 0x03ec
INUM:      447 PC: 0x0412 REG: 1 VALUE: 0x01e0 ADDR: 0x03dc
INUM:      448 PC: 0x0414 REG: 1 VALUE: 0x0108 ADDR: 0x01e0
INUM:      449 PC: 0x0416 REG: 1 VALUE: 0x01d8 ADDR: 0x0108
INUM:      450 PC: 0x0418 REG: 1 VALUE: 0x014c ADDR: 0x01d8
INUM:      451 PC: 0x041a REG: 1 VALUE: 0x001c ADDR: 0x014c
INUM:      452 PC: 0x041c REG: 0 VALUE: 0x005a
INUM:      453 PC: 0x041e
INUM:      454 PC: 0x0410 REG: 1 VALUE: 0x0394 ADDR: 0x001c
INUM:      455 PC: 0x0412 REG: 1 VALUE: 0x0364 ADDR: 0x0394
INUM:      456 PC: 0x0414 REG: 1 VALUE: 0x0386 ADDR: 0x0364
INUM:      457 PC: 0x0416 REG: 1 VALUE: 0x013c ADDR: 0x0386
INUM:      458 PC: 0x0418 REG: 1 VALUE: 0x02d6 ADDR: 0x013c
INUM:      459 PC: 0x041a REG: 1 VALUE: 0x020a ADDR: 0x02d6
INUM:      460 PC: 0x041c REG: 0 VALUE: 0x0059
INUM:      461 PC: 0x041e
INUM:      462 PC: 0x0410 REG: 1 VALUE: 0x039e ADDR: 0x020a
INUM:      463 PC: 0x0412 REG: 1 VALUE: 0x02b6 ADDR: 0x039e
INUM:      464 PC: 0x0414 REG: 1 VALUE: 0x03a0 ADDR: 0x02b6
INUM:      465 PC: 0x0416 REG: 1 VALUE: 0x017c ADDR: 0x03a0
INUM:      466 PC: 0x0418 REG: 1 VALUE: 0x03ec ADDR: 0x017c
INUM:      467 PC: 0x041a REG: 1 VALUE: 0x03dc ADDR: 0x03ec
INUM:      468 PC: 0x041c REG: 0 VALUE: 0x0058
INUM:      469 PC: 0x041e
INUM:      470 PC: 0x0410 REG: 1 VALUE: 0x01e0 ADDR: 0x03dc
INUM:      471 PC: 0x0412 REG: 1 VALUE: 0x0108 ADDR: 0x01e0
INUM:      472 PC: 0x0414 REG: 1 VALUE: 0x01d8 ADDR: 0x0108
INUM:      473 PC: 0x0416 REG: 1 VALUE: 0x014c ADDR: 0x01d8
INUM:      474 PC: 0x0418 REG: 1 VALUE: 0x001c ADDR: 0x014c
INUM:      475 PC: 0x041a REG: 1 VALUE: 0x0394 ADDR: 0x001c
INUM:      476 PC: 0x041c REG: 0 VALUE: 0x0057
INUM:      477 PC: 0x041e
INUM:      478 PC: 0x0410 REG: 1 VALUE: 0x0364 ADDR: 0x0394
INUM:      479 PC: 0x0412 REG: 1 VALUE: 0x0386 ADDR: 0x0364
INUM:      480 PC: 0x0414 REG: 1 VALUE: 0x013c ADDR: 0x0386
INUM:      481 PC: 0x0416 REG: 1 VALUE: 0x02d6 ADDR: 0x013c
INUM:      482 PC: 0x0418 REG: 1 VALUE: 0x020a ADDR: 0x02d6
INUM:      483 PC: 0x041a REG: 1 VALUE: 0x039e ADDR: 0x020a
INUM:      484 PC: 0x041c REG: 0 VALUE: 0x0056
INUM:      485 PC: 0x041e
INUM:      486 PC: 0x0410 REG: 1 VALUE: 0x02b6 ADDR: 0x039e
INUM:      487 PC: 0x0412 REG: 1 VALUE: 0x03a0 ADDR: 0x02b6
INUM:      488 PC: 0x0414 REG: 1 VALUE: 0x017c ADDR: 0x03a0
INUM:      489 PC: 0x0416 REG: 1 VALUE: 0x03ec ADDR: 0x017c
INUM:      490 PC: 0x0418 REG: 1 VALUE: 0x03dc ADDR: 0x03ec
INUM:      491 PC: 0x041a REG: 1 VALUE: 0x01e0 ADDR: 0x03dc
INUM:      492 PC: 0x041c REG: 0 VALUE: 0x0055
INUM:      493 PC: 0x041e
INUM:      494 PC: 0x0410 REG: 1 VALUE: 0x0108 ADDR: 0x01e0
INUM:      495 PC: 0x0412 REG: 1 VALUE: 0x01d8 ADDR: 0x0108
INUM:      496 PC: 0x0414 REG: 1 VALUE: 0x014c ADDR: 0x01d8
INUM:      497 PC: 0x0416 REG: 1 VALUE: 0x001c ADDR: 0x014c
INUM:      498 PC: 0x0418 REG: 1 VALUE: 0x0394 ADDR: 0x001c
INUM:      499 PC: 0x041a REG: 1 VALUE: 0x0364 ADDR: 0x0394
INUM:      500 PC: 0x041c REG: 0 VALUE: 0x0054
INUM:      501 PC: 0x041e
INUM:      502 PC: 0x0410 REG: 1 VALUE: 0x0386 ADDR: 0x0364
INUM:      503 PC: 0x0412 REG: 1 VALUE: 0x013c ADDR: 0x0386
INUM:      504 PC: 0x0414 REG: 1 VALUE: 0x02d6 ADDR: 0x013c
INUM:      505 PC: 0x0416 REG: 1 VALUE: 0x020a ADDR: 0x02d6
INUM:      506 PC: 0x0418 REG: 1 VALUE: 0x039e ADDR: 0x020a
INUM:      507 PC: 0x041a REG: 1 VALUE: 0x02b6 ADDR: 0x039e
INUM:      508 PC: 0x041c REG: 0 VALUE: 0x0053
INUM:      509 PC: 0x041e
INUM:      510 PC: 0x0410 REG: 1 VALUE: 0x03a0 ADDR: 0x02b6
INUM:      511 PC: 0x0412 REG: 1 VALUE: 0x017c ADDR: 0x03a0
INUM:      512 PC: 0x0414 REG: 1 VALUE: 0x03ec ADDR: 0x017c
INUM:      513 PC: 0x0416 REG: 1 VALUE: 0x03dc ADDR: 0x03ec
INUM:      514 PC: 0x0418 REG: 1 VALUE: 0x01e0 ADDR: 0x03dc
INUM:      515 PC: 0x041a REG: 1 VALUE: 0x0108 ADDR: 0x01e0
INUM:      516 PC: 0x041c REG: 0 VALUE: 0x0052
INUM:      517 PC: 0x041e
INUM:      518 PC: 0x0410 REG: 1 VALUE: 0x01d8 ADDR: 0x0108
INUM:      519 PC: 0x0412 REG: 1 VALUE: 0x014c ADDR: 0x01d8
INUM:      520 PC: 0x0414 REG: 1 VALUE: 0x001c ADDR: 0x014c
INUM:      521 PC: 0x0416 REG: 1 VALUE: 0x0394 ADDR: 0x001c
INUM:      522 PC: 0x0418 REG: 1 VALUE: 0x0364 ADDR: 0x0394
INUM:      523 PC: 0x041a REG: 1 VALUE: 0x0386 ADDR: 0x0364
INUM:      524 PC: 0x041c REG: 0 VALUE: 0x0051
INUM:      525 PC: 0x041e
INUM:      526 PC: 0x0410 REG: 1 VALUE: 0x013c ADDR: 0x0386
INUM:      527 PC: 0x0412 REG: 1 VALUE: 0x02d6 ADDR: 0x013c
INUM:      528 PC: 0x0414 REG: 1 VALUE: 0x020a ADDR: 0x02d6
INUM:      529 PC: 0x0416 REG: 1 VALUE: 0x039e ADDR: 0x020a
INUM:      530 PC: 0x0418 REG: 1 VALUE: 0x02b6 ADDR: 0x039e
INUM:      531 PC: 0x041a REG: 1 VALUE: 0x03a0 ADDR: 0x02b6
INUM:      532 PC: 0x041c REG: 0 VALUE: 0x0050
INUM:      533 PC: 0x041e
INUM:      534 PC: 0x0410 REG: 1 VALUE: 0x017c ADDR: 0x03a0
INUM:      535 PC: 0x0412 REG: 1 VALUE: 0x03ec ADDR: 0x017c
INUM:      536 PC: 0x0414 REG: 1 VALUE: 0x03dc ADDR: 0x03ec
INUM:      537 PC: 0x0416 REG: 1 VALUE: 0x01e0 ADDR: 0x03dc
INUM:      538 PC: 0x0418 REG: 1 VALUE: 0x0108 ADDR: 0x01e0
INUM:      539 PC: 0x041a REG: 1 VALUE: 0x01d8 ADDR: 0x0108
INUM:      540 PC: 0x041c REG: 0 VALUE: 0x004f
INUM:      541 PC: 0x041e
INUM:      542 PC: 0x0410 REG: 1 VALUE: 0x014c ADDR: 0x01d8
INUM:      543 PC: 0x0412 REG: 1 VALUE: 0x001c ADDR: 0x014c
INUM:      544 PC: 0x0414 REG: 1 VALUE: 0x0394 ADDR: 0x001c
INUM:      545 PC: 0x0416 REG: 1 VALUE: 0x0364 ADDR: 0x0394
INUM:      546 PC: 0x0418 REG: 1 VALUE: 0x0386 ADDR: 0x0364
INUM:      547 PC: 0x041a REG: 1 VALUE: 0x013c ADDR: 0x0386
INUM:      548 PC: 0x041c REG: 0 VALUE: 0x004e
INUM:      549 PC: 0x041e
INUM:      550 PC: 0x0410 REG: 1 VALUE: 0x02d6 ADDR: 0x013c
INUM:      551 PC: 0x0412 REG: 1 VALUE: 0x020a ADDR: 0x02d6
INUM:      552 PC: 0x0414 REG: 1 VALUE: 0x039e ADDR: 0x020a
INUM:      553 PC: 0x0416 REG: 1 VALUE: 0x02b6 ADDR: 0x039e
INUM:      554 PC: 0x0418 REG: 1 VALUE: 0x03a0 ADDR: 0x02b6
INUM:      555 PC: 0x041a REG: 1 VALUE: 0x017c ADDR: 0x03a0
INUM:      556 PC: 0x041c REG: 0 VALUE: 0x004d
INUM:      557 PC: 0x041e
INUM:      558 PC: 0x0410 REG: 1 VALUE: 0x03ec ADDR: 0x017c
INUM:      559 PC: 0x0412 REG: 1 VALUE: 0x03dc ADDR: 0x03ec
INUM:      560 PC: 0x0414 REG: 1 VALUE: 0x01e0 ADDR: 0x03dc
INUM:      561 PC: 0x0416 REG: 1 VALUE: 0x0108 ADDR: 0x01e0
INUM:      562 PC: 0x0418 REG: 1 VALUE: 0x01d8 ADDR: 0x0108
INUM:      563 PC: 0x041a REG: 1 VALUE: 0x014c ADDR: 0x01d8
INUM:      564 PC: 0x041c REG: 0 VALUE: 0x004c
INUM:      565 PC: 0x041e
INUM:      566 PC: 0x0410 REG: 1 VALUE: 0x001c ADDR: 0x014c
INUM:      567 PC: 0x0412 REG: 1 VALUE: 0x0394 ADDR: 0x001c
INUM:      568 PC: 0x0414 REG: 1 VALUE: 0x0364 ADDR: 0x0394
INUM:      569 PC: 0x0416 REG: 1 VALUE: 0x0386 ADDR: 0x0364
INUM:      570 PC: 0x0418 REG: 1 VALUE: 0x013c ADDR: 0x0386
INUM:      571 PC: 0x041a REG: 1 VALUE: 0x02d6 ADDR: 0x013c
INUM:      572 PC: 0x041c REG: 0 VALUE: 0x004b
INUM:      573 PC: 0x041e
INUM:      574 PC: 0x0410 REG: 1 VALUE: 0x020a ADDR: 0x02d6
INUM:      575 PC: 0x0412 REG: 1 VALUE: 0x039e ADDR: 0x020a
INUM:      576 PC: 0x0414 REG: 1 VALUE: 0x02b6 ADDR: 0x039e
INUM:      577 PC: 0x0416 REG: 1 VALUE: 0x03a0 ADDR: 0x02b6
INUM:      578 PC: 0x0418 REG: 1 VALUE: 0x017c ADDR: 0x03a0
INUM:      579 PC: 0x041a REG: 1 VALUE: 0x03ec ADDR: 0x017c
INUM:      580 PC: 0x041c REG: 0 VALUE: 0x004a
INUM:      581 PC: 0x041e
INUM:      582 PC: 0x0410 REG: 1 VALUE: 0x03dc ADDR: 0x03ec
INUM:      583 PC: 0x0412 REG: 1 VALUE: 0x01e0 ADDR: 0x03dc
INUM:      584 PC: 0x0414 REG: 1 VALUE: 0x0108 ADDR: 0x01e0
INUM:      585 PC: 0x0416 REG: 1 VALUE: 0x01d8 ADDR: 0x0108
INUM:      586 PC: 0x0418 REG: 1 VALUE: 0x014c ADDR: 0x01d8
INUM:      587 PC: 0x041a REG: 1 VALUE: 0x001c ADDR: 0x014c
INUM:      588 PC: 0x041c REG: 0 VALUE: 0x0049
INUM:      589 PC: 0x041e
INUM:      590 PC: 0x0410 REG: 1 VALUE: 0x0394 ADDR: 0x001c
INUM:      591 PC: 0x0412 REG: 1 VALUE: 0x0364 ADDR: 0x0394
INUM:      592 PC: 0x0414 REG: 1 VALUE: 0x0386 ADDR: 0x0364
INUM:      593 PC: 0x0416 REG: 1 VALUE: 0x013c ADDR: 0x0386
INUM:      594 PC: 0x0418 REG: 1 VALUE: 0x02d6 ADDR: 0x013c
INUM:      595 PC: 0x041a REG: 1 VALUE: 0x020a ADDR: 0x02d6
INUM:      596 PC: 0x041c REG: 0 VALUE: 0x0048
INUM:      597 PC: 0x041e
INUM:      598 PC: 0x0410 REG: 1 VALUE: 0x039e ADDR: 0x020a
INUM:      599 PC: 0x0412 REG: 1 VALUE: 0x02b6 ADDR: 0x039e
INUM:      600 PC: 0x0414 REG: 1 VALUE: 0x03a0 ADDR: 0x02b6
INUM:      601 PC: 0x0416 REG: 1 VALUE: 0x017c ADDR: 0x03a0
INUM:      602 PC: 0x0418 REG: 1 VALUE: 0x03ec ADDR: 0x017c
INUM:      603 PC: 0x041a REG: 1 VALUE: 0x03dc ADDR: 0x03ec
INUM:      604 PC: 0x041c REG: 0 VALUE: 0x0047
INUM:      605 PC: 0x041e
INUM:      606 PC: 0x0410 REG: 1 VALUE: 0x01e0 ADDR: 0x03dc
INUM:      607 PC: 0x0412 REG: 1 VALUE: 0x0108 ADDR: 0x01e0
INUM:      608 PC: 0x0414 REG: 1 VALUE: 0x01d8 ADDR: 0x0108
INUM:      609 PC: 0x0416 REG: 1 VALUE: 0x014c ADDR: 0x01d8
INUM:      610 PC: 0x0418 REG: 1 VALUE: 0x001c ADDR: 0x014c
INUM:      611 PC: 0x041a REG: 1 VALUE: 0x0394 ADDR: 0x001c
INUM:      612 PC: 0x041c REG: 0 VALUE: 0x0046
INUM:      613 PC: 0x041e
INUM:      614 PC: 0x0410 REG: 1 VALUE: 0x0364 ADDR: 0x0394
INUM:      615 PC: 0x0412 REG: 1 VALUE: 0x0386 ADDR: 0x0364
INUM:      616 PC: 0x0414 REG: 1 VALUE: 0x013c ADDR: 0x0386
INUM:      617 PC: 0x0416 REG: 1 VALUE: 0x02d6 ADDR: 0x013c
INUM:      618 PC: 0x0418 REG: 1 VALUE: 0x020a ADDR: 0x02d6
INUM:      619 PC: 0x041a REG: 1 VALUE: 0x039e ADDR: 0x020a
INUM:      620 PC: 0x041c REG: 0 VALUE: 0x0045
INUM:      621 PC: 0x041e
INUM:      622 PC: 0x0410 REG: 1 VALUE: 0x02b6 ADDR: 0x039e
INUM:      623 PC: 0x0412 REG: 1 VALUE: 0x03a0 ADDR: 0x02b6
INUM:      624 PC: 0x0414 REG: 1 VALUE: 0x017c ADDR: 0x03a0
INUM:      625 PC: 0x0416 REG: 1 VALUE: 0x03ec ADDR: 0x017c
INUM:      626 PC: 0x0418 REG: 1 VALUE: 0x03dc ADDR: 0x03ec
INUM:      627 PC: 0x041a REG: 1 VALUE: 0x01e0 ADDR: 0x03dc
INUM:      628 PC: 0x041c REG: 0 VALUE: 0x0044
INUM:      629 PC: 0x041e
INUM:      630 PC: 0x0410 REG: 1 VALUE: 0x0108 ADDR: 0x01e0
INUM:      631 PC: 0x0412 REG: 1 VALUE: 0x01d8 ADDR: 0x0108
INUM:      632 PC: 0x0414 REG: 1 VALUE: 0x014c ADDR: 0x01d8
INUM:      633 PC: 0x0416 REG: 1 VALUE: 0x001c ADDR: 0x014c
INUM:      634 PC: 0x0418 REG: 1 VALUE: 0x0394 ADDR: 0x001c
INUM:      635 PC: 0x041a REG: 1 VALUE: 0x0364 ADDR: 0x0394
INUM:      636 PC: 0x041c REG: 0 VALUE: 0x0043
INUM:      637 PC: 0x041e
INUM:      638 PC: 0x0410 REG: 1 VALUE: 0x0386 ADDR: 0x0364
INUM:      639 PC: 0x0412 REG: 1 VALUE: 0x013c ADDR: 0x0386
INUM:      640 PC: 0x0414 REG: 1 VALUE: 0x02d6 ADDR: 0x013c
INUM:      641 PC: 0x0416 REG: 1 VALUE: 0x020a ADDR: 0x02d6
INUM:      642 PC: 0x0418 REG: 1 VALUE: 0x039e ADDR: 0x020a
INUM:      643 PC: 0x041a REG: 1 VALUE: 0x02b6 ADDR: 0x039e
INUM:      644 PC: 0x041c REG: 0 VALUE: 0x0042
INUM:      645 PC: 0x041e
INUM:      646 PC: 0x0410 REG: 1 VALUE: 0x03a0 ADDR: 0x02b6
INUM:      647 PC: 0x0412 REG: 1 VALUE: 0x017c ADDR: 0x03a0
INUM:      648 PC: 0x0414 REG: 1 VALUE: 0x03ec ADDR: 0x017c
INUM:      649 PC: 0x0416 REG: 1 VALUE: 0x03dc ADDR: 0x03ec
INUM:      650 PC: 0x0418 REG: 1 VALUE: 0x01e0 ADDR: 0x03dc
INUM:      651 PC: 0x041a REG: 1 VALUE: 0x0108 ADDR: 0x01e0
INUM:      652 PC: 0x041c REG: 0 VALUE: 0x0041
INUM:      653 PC: 0x041e
INUM:      654 PC: 0x0410 REG: 1 VALUE: 0x01d8 ADDR: 0x0108
INUM:      655 PC: 0x0412 REG: 1 VALUE: 0x014c ADDR: 0x01d8
INUM:      656 PC: 0x0414 REG: 1 VALUE: 0x001c ADDR: 0x014c
INUM:      657 PC: 0x0416 REG: 1 VALUE: 0x0394 ADDR: 0x001c
INUM:      658 PC: 0x0418 REG: 1 VALUE: 0x0364 ADDR: 0x0394
INUM:      659 PC: 0x041a REG: 1 VALUE: 0x0386 ADDR: 0x0364
INUM:      660 PC: 0x041c REG: 0 VALUE: 0x0040
INUM:      661 PC: 0x041e
INUM:      662 PC: 0x0410 REG: 1 VALUE: 0x013c ADDR: 0x0386
INUM:      663 PC: 0x0412 REG: 1 VALUE: 0x02d6 ADDR: 0x013c
INUM:      664 PC: 0x0414 REG: 1 VALUE: 0x020a ADDR: 0x02d6
INUM:      665 PC: 0x0416 REG: 1 VALUE: 0x039e ADDR: 0x020a
INUM:      666 PC: 0x0418 REG: 1 VALUE: 0x02b6 ADDR: 0x039e
INUM:      667 PC: 0x041a REG: 1 VALUE: 0x03a0 ADDR: 0x02b6
INUM:      668 PC: 0x041c REG: 0 VALUE: 0x003f
INUM:      669 PC: 0x041e
INUM:      670 PC: 0x0410 REG: 1 VALUE: 0x017c ADDR: 0x03a0
INUM:      671 PC: 0x0412 REG: 1 VALUE: 0x03ec ADDR: 0x017c
INUM:      672 PC: 0x0414 REG: 1 VALUE: 0x03dc ADDR: 0x03ec
INUM:      673 PC: 0x0416 REG: 1 VALUE: 0x01e0 ADDR: 0x03dc
INUM:      674 PC: 0x0418 REG: 1 VALUE: 0x0108 ADDR: 0x01e0
INUM:      675 PC: 0x041a REG: 1 VALUE: 0x01d8 ADDR: 0x0108
INUM:      676 PC: 0x041c REG: 0 VALUE: 0x003e
INUM:      677 PC: 0x041e
INUM:      678 PC: 0x0410 REG: 1 VALUE: 0x014c ADDR: 0x01d8
INUM:      679 PC: 0x0412 REG: 1 VALUE: 0x001c ADDR: 0x014c
INUM:      680 PC: 0x0414 REG: 1 VALUE: 0x0394 ADDR: 0x001c
INUM:      681 PC: 0x0416 REG: 1 VALUE: 0x0364 ADDR: 0x0394
INUM:      682 PC: 0x0418 REG: 1 VALUE: 0x0386 ADDR: 0x0364
INUM:      683 PC: 0x041a REG: 1 VALUE: 0x013c ADDR: 0x0386
INUM:      684 PC: 0x041c REG: 0 VALUE: 0x003d
INUM:      685 PC: 0x041e
INUM:      686 PC: 0x0410 REG: 1 VALUE: 0x02d6 ADDR: 0x013c
INUM:      687 PC: 0x0412 REG: 1 VALUE: 0x020a ADDR: 0x02d6
INUM:      688 PC: 0x0414 REG: 1 VALUE: 0x039e ADDR: 0x020a
INUM:      689 PC: 0x0416 REG: 1 VALUE: 0x02b6 ADDR: 0x039e
INUM:      690 PC: 0x0418 REG: 1 VALUE: 0x03a0 ADDR: 0x02b6
INUM:      691 PC: 0x041a REG: 1 VALUE: 0x017c ADDR: 0x03a0
INUM:      692 PC: 0x041c REG: 0 VALUE: 0x003c
INUM:      693 PC: 0x041e
INUM:      694 PC: 0x0410 REG: 1 VALUE: 0x03ec ADDR: 0x017c
INUM:      695 PC: 0x0412 REG: 1 VALUE: 0x03dc ADDR: 0x03ec
INUM:      696 PC: 0x0414 REG: 1 VALUE: 0x01e0 ADDR: 0x03dc
INUM:      697 PC: 0x0416 REG: 1 VALUE: 0x0108 ADDR: 0x01e0
INUM:      698 PC: 0x0418 REG: 1 VALUE: 0x01d8 ADDR: 0x0108
INUM:      699 PC: 0x041a REG: 1 VALUE: 0x014c ADDR: 0x01d8
INUM:      700 PC: 0x041c REG: 0 VALUE: 0x003b
INUM:      701 PC: 0x041e
INUM:      702 PC: 0x0410 REG: 1 VALUE: 0x001c ADDR: 0x014c
INUM:      703 PC: 0x0412 REG: 1 VALUE: 0x0394 ADDR: 0x001c
INUM:      704 PC: 0x0414 REG: 1 VALUE: 0x0364 ADDR: 0x0394
INUM:      705 PC: 0x0416 REG: 1 VALUE: 0x0386 ADDR: 0x0364
INUM:      706 PC: 0x0418 REG: 1 VALUE: 0x013c ADDR: 0x0386
INUM:      707 PC: 0x041a REG: 1 VALUE: 0x02d6 ADDR: 0x013c
INUM:      708 PC: 0x041c REG: 0 VALUE: 0x003a
INUM:      709 PC: 0x041e
INUM:      710 PC: 0x0410 REG: 1 VALUE: 0x020a ADDR: 0x02d6
INUM:      711 PC: 0x0412 REG: 1 VALUE: 0x039e ADDR: 0x020a
INUM:      712 PC: 0x0414 REG: 1 VALUE: 0x02b6 ADDR: 0x039e
INUM:      713 PC: 0x0416 REG: 1 VALUE: 0x03a0 ADDR: 0x02b6
INUM:      714 PC: 0x0418 REG: 1 VALUE: 0x017c ADDR: 0x03a0
INUM:      715 PC: 0x041a REG: 1 VALUE: 0x03ec ADDR: 0x017c
INUM:      716 PC: 0x041c REG: 0 VALUE: 0x0039
INUM:      717 PC: 0x041e
INUM:      718 PC: 0x0410 REG: 1 VALUE: 0x03dc ADDR: 0x03ec
INUM:      719 PC: 0x0412 REG: 1 VALUE: 0x01e0 ADDR: 0x03dc
INUM:      720 PC: 0x0414 REG: 1 VALUE: 0x0108 ADDR: 0x01e0
INUM:      721 PC: 0x0416 REG: 1 VALUE: 0x01d8 ADDR: 0x0108
INUM:      722 PC: 0x0418 REG: 1 VALUE: 0x014c ADDR: 0x01d8
INUM:      723 PC: 0x041a REG: 1 VALUE: 0x001c ADDR: 0x014c
INUM:      724 PC: 0x041c REG: 0 VALUE: 0x0038
INUM:      725 PC: 0x041e
INUM:      726 PC: 0x0410 REG: 1 VALUE: 0x0394 ADDR: 0x001c
INUM:      727 PC: 0x0412 REG: 1 VALUE: 0x0364 ADDR: 0x0394
INUM:      728 PC: 0x0414 REG: 1 VALUE: 0x0386 ADDR: 0x0364
INUM:      729 PC: 0x0416 REG: 1 VALUE: 0x013c ADDR: 0x0386
INUM:      730 PC: 0x0418 REG: 1 VALUE: 0x02d6 ADDR: 0x013c
INUM:      731 PC: 0x041a REG: 1 VALUE: 0x020a ADDR: 0x02d6
INUM:      732 PC: 0x041c REG: 0 VALUE: 0x0037
INUM:      733 PC: 0x041e
INUM:      734 PC: 0x0410 REG: 1 VALUE: 0x039e ADDR: 0x020a
INUM:      735 PC: 0x0412 REG: 1 VALUE: 0x02b6 ADDR: 0x039e
INUM:      736 PC: 0x0414 REG: 1 VALUE: 0x03a0 ADDR: 0x02b6
INUM:      737 PC: 0x0416 REG: 1 VALUE: 0x017c ADDR: 0x03a0
INUM:      738 PC: 0x0418 REG: 1 VALUE: 0x03ec ADDR: 0x017c
INUM:      739 PC: 0x041a REG: 1 VALUE: 0x03dc ADDR: 0x03ec
INUM:      740 PC: 0x041c REG: 0 VALUE: 0x0036
INUM:      741 PC: 0x041e
INUM:      742 PC: 0x0410 REG: 1 VALUE: 0x01e0 ADDR: 0x03dc
INUM:      743 PC: 0x0412 REG: 1 VALUE: 0x0108 ADDR: 0x01e0
INUM:      744 PC: 0x0414 REG: 1 VALUE: 0x01d8 ADDR: 0x0108
INUM:      745 PC: 0x0416 REG: 1 VALUE: 0x014c ADDR: 0x01d8
INUM:      746 PC: 0x0418 REG: 1 VALUE: 0x001c ADDR: 0x014c
INUM:      747 PC: 0x041a REG: 1 VALUE: 0x0394 ADDR: 0x001c
INUM:      748 PC: 0x041c REG: 0 VALUE: 0x0035
INUM:      749 PC: 0x041e
INUM:      750 PC: 0x0410 REG: 1 VALUE: 0x0364 ADDR: 0x0394
INUM:      751 PC: 0x0412 REG: 1 VALUE: 0x0386 ADDR: 0x0364
INUM:      752 PC: 0x0414 REG: 1 VALUE: 0x013c ADDR: 0x0386
INUM:      753 PC: 0x0416 REG: 1 VALUE: 0x02d6 ADDR: 0x013c
INUM:      754 PC: 0x0418 REG: 1 VALUE: 0x020a ADDR: 0x02d6
INUM:      755 PC: 0x041a REG: 1 VALUE: 0x039e ADDR: 0x020a
INUM:      756 PC: 0x041c REG: 0 VALUE: 0x0034
INUM:      757 PC: 0x041e
INUM:      758 PC: 0x0410 REG: 1 VALUE: 0x02b6 ADDR: 0x039e
INUM:      759 PC: 0x0412 REG: 1 VALUE: 0x03a0 ADDR: 0x02b6
INUM:      760 PC: 0x0414 REG: 1 VALUE: 0x017c ADDR: 0x03a0
INUM:      761 PC: 0x0416 REG: 1 VALUE: 0x03ec ADDR: 0x017c
INUM:      762 PC: 0x0418 REG: 1 VALUE: 0x03dc ADDR: 0x03ec
INUM:      763 PC: 0x041a REG: 1 VALUE: 0x01e0 ADDR: 0x03dc
INUM:      764 PC: 0x041c REG: 0 VALUE: 0x0033
INUM:      765 PC: 0x041e
INUM:      766 PC: 0x0410 REG: 1 VALUE: 0x0108 ADDR: 0x01e0
INUM:      767 PC: 0x0412 REG: 1 VALUE: 0x01d8 ADDR: 0x0108
INUM:      768 PC: 0x0414 REG: 1 VALUE: 0x014c ADDR: 0x01d8
INUM:      769 PC: 0x0416 REG: 1 VALUE: 0x001c ADDR: 0x014c
INUM:      770 PC: 0x0418 REG: 1 VALUE: 0x0394 ADDR: 0x001c
INUM:      771 PC: 0x041a REG: 1 VALUE: 0x0364 ADDR: 0x0394
INUM:      772 PC: 0x041c REG: 0 VALUE: 0x0032
INUM:      773 PC: 0x041e
INUM:      774 PC: 0x0410 REG: 1 VALUE: 0x0386 ADDR: 0x0364
INUM:      775 PC: 0x0412 REG: 1 VALUE: 0x013c ADDR: 0x0386
INUM:      776 PC: 0x0414 REG: 1 VALUE: 0x02d6 ADDR: 0x013c
INUM:      777 PC: 0x0416 REG: 1 VALUE: 0x020a ADDR: 0x02d6
INUM:      778 PC: 0x0418 REG: 1 VALUE: 0x039e ADDR: 0x020a
INUM:      779 PC: 0x041a REG: 1 VALUE: 0x02b6 ADDR: 0x039e
INUM:      780 PC: 0x041c REG: 0 VALUE: 0x0031
INUM:      781 PC: 0x041e
INUM:      782 PC: 0x0410 REG: 1 VALUE: 0x03a0 ADDR: 0x02b6
INUM:      783 PC: 0x0412 REG: 1 VALUE: 0x017c ADDR: 0x03a0
INUM:      784 PC: 0x0414 REG: 1 VALUE: 0x03ec ADDR: 0x017c
INUM:      785 PC: 0x0416 REG: 1 VALUE: 0x03dc ADDR: 0x03ec
INUM:      786 PC: 0x0418 REG: 1 VALUE: 0x01e0 ADDR: 0x03dc
INUM:      787 PC: 0x041a REG: 1 VALUE: 0x0108 ADDR: 0x01e0
INUM:      788 PC: 0x041c REG: 0 VALUE: 0x0030
INUM:      789 PC: 0x041e
INUM:      790 PC: 0x0410 REG: 1 VALUE: 0x01d8 ADDR: 0x0108
INUM:      791 PC: 0x0412 REG: 1 VALUE: 0x014c ADDR: 0x01d8
INUM:      792 PC: 0x0414 REG: 1 VALUE: 0x001c ADDR: 0x014c
INUM:      793 PC: 0x0416 REG: 1 VALUE: 0x0394 ADDR: 0x001c
INUM:      794 PC: 0x0418 REG: 1 VALUE: 0x0364 ADDR: 0x0394
INUM:      795 PC: 0x041a REG: 1 VALUE: 0x0386 ADDR: 0x0364
INUM:      796 PC: 0x041c REG: 0 VALUE: 0x002f
INUM:      797 PC: 0x041e
INUM:      798 PC: 0x0410 REG: 1 VALUE: 0x013c ADDR: 0x0386
INUM:      799 PC: 0x0412 REG: 1 VALUE: 0x02d6 ADDR: 0x013c
INUM:      800 PC: 0x0414 REG: 1 VALUE: 0x020a ADDR: 0x02d6
INUM:      801 PC: 0x0416 REG: 1 VALUE: 0x039e ADDR: 0x020a
INUM:      802 PC: 0x0418 REG: 1 VALUE: 0x02b6 ADDR: 0x039e
INUM:      803 PC: 0x041a REG: 1 VALUE: 0x03a0 ADDR: 0x02b6
INUM:      804 PC: 0x041c REG: 0 VALUE: 0x002e
INUM:      805 PC: 0x041e
INUM:      806 PC: 0x0410 REG: 1 VALUE: 0x017c ADDR: 0x03a0
INUM:      807 PC: 0x0412 REG: 1 VALUE: 0x03ec ADDR: 0x017c
INUM:      808 PC: 0x0414 REG: 1 VALUE: 0x03dc ADDR: 0x03ec
INUM:      809 PC: 0x0416 REG: 1 VALUE: 0x01e0 ADDR: 0x03dc
INUM:      810 PC: 0x0418 REG: 1 VALUE: 0x0108 ADDR: 0x01e0
INUM:      811 PC: 0x041a REG: 1 VALUE: 0x01d8 ADDR: 0x0108
INUM:      812 PC: 0x041c REG: 0 VALUE: 0x002d
INUM:      813 PC: 0x041e
INUM:      814 PC: 0x0410 REG: 1 VALUE: 0x014c ADDR: 0x01d8
INUM:      815 PC: 0x0412 REG: 1 VALUE: 0x001c ADDR: 0x014c
INUM:      816 PC: 0x0414 REG: 1 VALUE: 0x0394 ADDR: 0x001c
INUM:      817 PC: 0x0416 REG: 1 VALUE: 0x0364 ADDR: 0x0394
INUM:      818 PC: 0x0418 REG: 1 VALUE: 0x0386 ADDR: 0x0364
INUM:      819 PC: 0x041a REG: 1 VALUE: 0x013c ADDR: 0x0386
INUM:      820 PC: 0x041c REG: 0 VALUE: 0x002c
INUM:      821 PC: 0x041e
INUM:      822 PC: 0x0410 REG: 1 VALUE: 0x02d6 ADDR: 0x013c
INUM:      823 PC: 0x0412 REG: 1 VALUE: 0x020a ADDR: 0x02d6
INUM:      824 PC: 0x0414 REG: 1 VALUE: 0x039e ADDR: 0x020a
INUM:      825 PC: 0x0416 REG: 1 VALUE: 0x02b6 ADDR: 0x039e
INUM:      826 PC: 0x0418 REG: 1 VALUE: 0x03a0 ADDR: 0x02b6
INUM:      827 PC: 0x041a REG: 1 VALUE: 0x017c ADDR: 0x03a0
INUM:      828 PC: 0x041c REG: 0 VALUE: 0x002b
INUM:      829 PC: 0x041e
INUM:      830 PC: 0x0410 REG: 1 VALUE: 0x03ec ADDR: 0x017c
INUM:      831 PC: 0x0412 REG: 1 VALUE: 0x03dc ADDR: 0x03ec
INUM:      832 PC: 0x0414 REG: 1 VALUE: 0x01e0 ADDR: 0x03dc
INUM:      833 PC: 0x0416 REG: 1 VALUE: 0x0108 ADDR: 0x01e0
INUM:      834 PC: 0x0418 REG: 1 VALUE: 0x01d8 ADDR: 0x0108
INUM:      835 PC: 0x041a REG: 1 VALUE: 0x014c ADDR: 0x01d8
INUM:      836 PC: 0x041c REG: 0 VALUE: 0x002a
INUM:      837 PC: 0x041e
INUM:      838 PC: 0x0410 REG: 1 VALUE: 0x001c ADDR: 0x014c
INUM:      839 PC: 0x0412 REG: 1 VALUE: 0x0394 ADDR: 0x001c
INUM:      840 PC: 0x0414 REG: 1 VALUE: 0x0364 ADDR: 0x0394
INUM:      841 PC: 0x0416 REG: 1 VALUE: 0x0386 ADDR: 0x0364
INUM:      842 PC: 0x0418 REG: 1 VALUE: 0x013c ADDR: 0x0386
INUM:      843 PC: 0x041a REG: 1 VALUE: 0x02d6 ADDR: 0x013c
INUM:      844 PC: 0x041c REG: 0 VALUE: 0x0029
INUM:      845 PC: 0x041e
INUM:      846 PC: 0x0410 REG: 1 VALUE: 0x020a ADDR: 0x02d6
INUM:      847 PC: 0x0412 REG: 1 VALUE: 0x039e ADDR: 0x020a
INUM:      848 PC: 0x0414 REG: 1 VALUE: 0x02b6 ADDR: 0x039e
INUM:      849 PC: 0x0416 REG: 1 VALUE: 0x03a0 ADDR: 0x02b6
INUM:      850 PC: 0x0418 REG: 1 VALUE: 0x017c ADDR: 0x03a0
INUM:      851 PC: 0x041a REG: 1 VALUE: 0x03ec ADDR: 0x017c
INUM:      852 PC: 0x041c REG: 0 VALUE: 0x0028
INUM:      853 PC: 0x041e
INUM:      854 PC: 0x0410 REG: 1 VALUE: 0x03dc ADDR: 0x03ec
INUM:      855 PC: 0x0412 REG: 1 VALUE: 0x01e0 ADDR: 0x03dc
INUM:      856 PC: 0x0414 REG: 1 VALUE: 0x0108 ADDR: 0x01e0
INUM:      857 PC: 0x0416 REG: 1 VALUE: 0x01d8 ADDR: 0x0108
INUM:      858 PC: 0x0418 REG: 1 VALUE: 0x014c ADDR: 0x01d8
INUM:      859 PC: 0x041a REG: 1 VALUE: 0x001c ADDR: 0x014c
INUM:      860 PC: 0x041c REG: 0 VALUE: 0x0027
INUM:      861 PC: 0x041e
INUM:      862 PC: 0x0410 REG: 1 VALUE: 0x0394 ADDR: 0x001c
INUM:      863 PC: 0x0412 REG: 1 VALUE: 0x0364 ADDR: 0x0394
INUM:      864 PC: 0x0414 REG: 1 VALUE: 0x0386 ADDR: 0x0364
INUM:      865 PC: 0x0416 REG: 1 VALUE: 0x013c ADDR: 0x0386
INUM:      866 PC: 0x0418 REG: 1 VALUE: 0x02d6 ADDR: 0x013c
INUM:      867 PC: 0x041a REG: 1 VALUE: 0x020a ADDR: 0x02d6
INUM:      868 PC: 0x041c REG: 0 VALUE: 0x0026
INUM:      869 PC: 0x041e
INUM:      870 PC: 0x0410 REG: 1 VALUE: 0x039e ADDR: 0x020a
INUM:      871 PC: 0x0412 REG: 1 VALUE: 0x02b6 ADDR: 0x039e
INUM:      872 PC: 0x0414 REG: 1 VALUE: 0x03a0 ADDR: 0x02b6
INUM:      873 PC: 0x0416 REG: 1 VALUE: 0x017c ADDR: 0x03a0
INUM:      874 PC: 0x0418 REG: 1 VALUE: 0x03ec ADDR: 0x017c
INUM:      875 PC: 0x041a REG: 1 VALUE: 0x03dc ADDR: 0x03ec
INUM:      876 PC: 0x041c REG: 0 VALUE: 0x0025
INUM:      877 PC: 0x041e
INUM:      878 PC: 0x0410 REG: 1 VALUE: 0x01e0 ADDR: 0x03dc
INUM:      879 PC: 0x0412 REG: 1 VALUE: 0x0108 ADDR: 0x01e0
INUM:      880 PC: 0x0414 REG: 1 VALUE: 0x01d8 ADDR: 0x0108
INUM:      881 PC: 0x0416 REG: 1 VALUE: 0x014c ADDR: 0x01d8
INUM:      882 PC: 0x0418 REG: 1 VALUE: 0x001c ADDR: 0x014c
INUM:      883 PC: 0x041a REG: 1 VALUE: 0x0394 ADDR: 0x001c
INUM:      884 PC: 0x041c REG: 0 VALUE: 0x0024
INUM:      885 PC: 0x041e
INUM:      886 PC: 0x0410 REG: 1 VALUE: 0x0364 ADDR: 0x0394
INUM:      887 PC: 0x0412 REG: 1 VALUE: 0x0386 ADDR: 0x0364
INUM:      888 PC: 0x0414 REG: 1 VALUE: 0x013c ADDR: 0x0386
INUM:      889 PC: 0x0416 REG: 1 VALUE: 0x02d6 ADDR: 0x013c
INUM:      890 PC: 0x0418 REG: 1 VALUE: 0x020a ADDR: 0x02d6
INUM:      891 PC: 0x041a REG: 1 VALUE: 0x039e ADDR: 0x020a
INUM:      892 PC: 0x041c REG: 0 VALUE: 0x0023
INUM:      893 PC: 0x041e
INUM:      894 PC: 0x0410 REG: 1 VALUE: 0x02b6 ADDR: 0x039e
INUM:      895 PC: 0x0412 REG: 1 VALUE: 0x03a0 ADDR: 0x02b6
INUM:      896 PC: 0x0414 REG: 1 VALUE: 0x017c ADDR: 0x03a0
INUM:      897 PC: 0x0416 REG: 1 VALUE: 0x03ec ADDR: 0x017c
INUM:      898 PC: 0x0418 REG: 1 VALUE: 0x03dc ADDR: 0x03ec
INUM:      899 PC: 0x041a REG: 1 VALUE: 0x01e0 ADDR: 0x03dc
INUM:      900 PC: 0x041c REG: 0 VALUE: 0x0022
INUM:      901 PC: 0x041e
INUM:      902 PC: 0x0410 REG: 1 VALUE: 0x0108 ADDR: 0x01e0
INUM:      903 PC: 0x0412 REG: 1 VALUE: 0x01d8 ADDR: 0x0108
INUM:      904 PC: 0x0414 REG: 1 VALUE: 0x014c ADDR: 0x01d8
INUM:      905 PC: 0x0416 REG: 1 VALUE: 0x001c ADDR: 0x014c
INUM:      906 PC: 0x0418 REG: 1 VALUE: 0x0394 ADDR: 0x001c
INUM:      907 PC: 0x041a REG: 1 VALUE: 0x0364 ADDR: 0x0394
INUM:      908 PC: 0x041c REG: 0 VALUE: 0x0021
INUM:      909 PC: 0x041e
INUM:      910 PC: 0x0410 REG: 1 VALUE: 0x0386 ADDR: 0x0364
INUM:      911 PC: 0x0412 REG: 1 VALUE: 0x013c ADDR: 0x0386
INUM:      912 PC: 0x0414 REG: 1 VALUE: 0x02d6 ADDR: 0x013c
INUM:      913 PC: 0x0416 REG: 1 VALUE: 0x020a ADDR: 0x02d6
INUM:      914 PC: 0x0418 REG: 1 VALUE: 0x039e ADDR: 0x020a
INUM:      915 PC: 0x041a REG: 1 VALUE: 0x02b6 ADDR: 0x039e
INUM:      916 PC: 0x041c REG: 0 VALUE: 0x0020
INUM:      917 PC: 0x041e
INUM:      918 PC: 0x0410 REG: 1 VALUE: 0x03a0 ADDR: 0x02b6
INUM:      919 PC: 0x0412 REG: 1 VALUE: 0x017c ADDR: 0x03a0
INUM:      920 PC: 0x0414 REG: 1 VALUE: 0x03ec ADDR: 0x017c
INUM:      921 PC: 0x0416 REG: 1 VALUE: 0x03dc ADDR: 0x03ec
INUM:      922 PC: 0x0418 REG: 1 VALUE: 0x01e0 ADDR: 0x03dc
INUM:      923 PC: 0x041a REG: 1 VALUE: 0x0108 ADDR: 0x01e0
INUM:      924 PC: 0x041c REG: 0 VALUE: 0x001f
INUM:      925 PC: 0x041e
INUM:      926 PC: 0x0410 REG: 1 VALUE: 0x01d8 ADDR: 0x0108
INUM:      927 PC: 0x0412 REG: 1 VALUE: 0x014c ADDR: 0x01d8
INUM:      928 PC: 0x0414 REG: 1 VALUE: 0x001c ADDR: 0x014c
INUM:      929 PC: 0x0416 REG: 1 VALUE: 0x0394 ADDR: 0x001c
INUM:      930 PC: 0x0418 REG: 1 VALUE: 0x0364 ADDR: 0x0394
INUM:      931 PC: 0x041a REG: 1 VALUE: 0x0386 ADDR: 0x0364
INUM:      932 PC: 0x041c REG: 0 VALUE: 0x001e
INUM:      933 PC: 0x041e
INUM:      934 PC: 0x0410 REG: 1 VALUE: 0x013c ADDR: 0x0386
INUM:      935 PC: 0x0412 REG: 1 VALUE: 0x02d6 ADDR: 0x013c
INUM:      936 PC: 0x0414 REG: 1 VALUE: 0x020a ADDR: 0x02d6
INUM:      937 PC: 0x0416 REG: 1 VALUE: 0x039e ADDR: 0x020a
INUM:      938 PC: 0x0418 REG: 1 VALUE: 0x02b6 ADDR: 0x039e
INUM:      939 PC: 0x041a REG: 1 VALUE: 0x03a0 ADDR: 0x02b6
INUM:      940 PC: 0x041c REG: 0 VALUE: 0x001d
INUM:      941 PC: 0x041e
INUM:      942 PC: 0x0410 REG: 1 VALUE: 0x017c ADDR: 0x03a0
INUM:      943 PC: 0x0412 REG: 1 VALUE: 0x03ec ADDR: 0x017c
INUM:      944 PC: 0x0414 REG: 1 VALUE: 0x03dc ADDR: 0x03ec
INUM:      945 PC: 0x0416 REG: 1 VALUE: 0x01e0 ADDR: 0x03dc
INUM:      946 PC: 0x0418 REG: 1 VALUE: 0x0108 ADDR: 0x01e0
INUM:      947 PC: 0x041a REG: 1 VALUE: 0x01d8 ADDR: 0x0108
INUM:      948 PC: 0x041c REG: 0 VALUE: 0x001c
INUM:      949 PC: 0x041e
INUM:      950 PC: 0x0410 REG: 1 VALUE: 0x014c ADDR: 0x01d8
INUM:      951 PC: 0x0412 REG: 1 VALUE: 0x001c ADDR: 0x014c
INUM:      952 PC: 0x0414 REG: 1 VALUE: 0x0394 ADDR: 0x001c
INUM:      953 PC: 0x0416 REG: 1 VALUE: 0x0364 ADDR: 0x0394
INUM:      954 PC: 0x0418 REG: 1 VALUE: 0x0386 ADDR: 0x0364
INUM:      955 PC: 0x041a REG: 1 VALUE: 0x013c ADDR: 0x0386
INUM:      956 PC: 0x041c REG: 0 VALUE: 0x001b
INUM:      957 PC: 0x041e
INUM:      958 PC: 0x0410 REG: 1 VALUE: 0x02d6 ADDR: 0x013c
INUM:      959 PC: 0x0412 REG: 1 VALUE: 0x020a ADDR: 0x02d6
INUM:      960 PC: 0x0414 REG: 1 VALUE: 0x039e ADDR: 0x020a
INUM:      961 PC: 0x0416 REG: 1 VALUE: 0x02b6 ADDR: 0x039e
INUM:      962 PC: 0x0418 REG: 1 VALUE: 0x03a0 ADDR: 0x02b6
INUM:      963 PC: 0x041a REG: 1 VALUE: 0x017c ADDR: 0x03a0
INUM:      964 PC: 0x041c REG: 0 VALUE: 0x001a
INUM:      965 PC: 0x041e
INUM:      966 PC: 0x0410 REG: 1 VALUE: 0x03ec ADDR: 0x017c
INUM:      967 PC: 0x0412 REG: 1 VALUE: 0x03dc ADDR: 0x03ec
INUM:      968 PC: 0x0414 REG: 1 VALUE: 0x01e0 ADDR: 0x03dc
INUM:      969 PC: 0x0416 REG: 1 VALUE: 0x0108 ADDR: 0x01e0
INUM:      970 PC: 0x0418 REG: 1 VALUE: 0x01d8 ADDR: 0x0108
INUM:      971 PC: 0x041a REG: 1 VALUE: 0x014c ADDR: 0x01d8
INUM:      972 PC: 0x041c REG: 0 VALUE: 0x0019
INUM:      973 PC: 0x041e
INUM:      974 PC: 0x0410 REG: 1 VALUE: 0x001c ADDR: 0x014c
INUM:      975 PC: 0x0412 REG: 1 VALUE: 0x0394 ADDR: 0x001c
INUM:      976 PC: 0x0414 REG: 1 VALUE: 0x0364 ADDR: 0x0394
INUM:      977 PC: 0x0416 REG: 1 VALUE: 0x0386 ADDR: 0x0364
INUM:      978 PC: 0x0418 REG: 1 VALUE: 0x013c ADDR: 0x0386
INUM:      979 PC: 0x041a REG: 1 VALUE: 0x02d6 ADDR: 0x013c
INUM:      980 PC: 0x041c REG: 0 VALUE: 0x0018
INUM:      981 PC: 0x041e
INUM:      982 PC: 0x0410 REG: 1 VALUE: 0x020a ADDR: 0x02d6
INUM:      983 PC: 0x0412 REG: 1 VALUE: 0x039e ADDR: 0x020a
INUM:      984 PC: 0x0414 REG: 1 VALUE: 0x02b6 ADDR: 0x039e
INUM:      985 PC: 0x0416 REG: 1 VALUE: 0x03a0 ADDR: 0x02b6
INUM:      986 PC: 0x0418 REG: 1 VALUE: 0x017c ADDR: 0x03a0
INUM:      987 PC: 0x041a REG: 1 VALUE: 0x03ec ADDR: 0x017c
INUM:      988 PC: 0x041c REG: 0 VALUE: 0x0017
INUM:      989 PC: 0x041e
INUM:      990 PC: 0x0410 REG: 1 VALUE: 0x03dc ADDR: 0x03ec
INUM:      991 PC: 0x0412 REG: 1 VALUE: 0x01e0 ADDR: 0x03dc
INUM:      992 PC: 0x0414 REG: 1 VALUE: 0x0108 ADDR: 0x01e0
INUM:      993 PC: 0x0416 REG: 1 VALUE: 0x01d8 ADDR: 0x0108
INUM:      994 PC: 0x0418 REG: 1 VALUE: 0x014c ADDR: 0x01d8
INUM:      995 PC: 0x041a REG: 1 VALUE: 0x001c ADDR: 0x014c
INUM:      996 PC: 0x041c REG: 0 VALUE: 0x0016
INUM:      997 PC: 0x041e
INUM:      998 PC: 0x0410 REG: 1 VALUE: 0x0394 ADDR: 0x001c
INUM:      999 PC: 0x0412 REG: 1 VALUE: 0x0364 ADDR: 0x0394
INUM:     1000 PC: 0x0414 REG: 1 VALUE: 0x0386 ADDR: 0x0364
INUM:     1001 PC: 0x0416 REG: 1 VALUE: 0x013c ADDR: 0x0386
INUM:     1002 PC: 0x0418 REG: 1 VALUE: 0x02d6 ADDR: 0x013c
INUM:     1003 PC: 0x041a REG: 1 VALUE: 0x020a ADDR: 0x02d6
INUM:     1004 PC: 0x041c REG: 0 VALUE: 0x0015
INUM:     1005 PC: 0x041e
INUM:     1006 PC: 0x0410 REG: 1 VALUE: 0x039e ADDR: 0x020a
INUM:     1007 PC: 0x0412 REG: 1 VALUE: 0x02b6 ADDR: 0x039e
INUM:     1008 PC: 0x0414 REG: 1 VALUE: 0x03a0 ADDR: 0x02b6
INUM:     1009 PC: 0x0416 REG: 1 VALUE: 0x017c ADDR: 0x03a0
INUM:     1010 PC: 0x0418 REG: 1 VALUE: 0x03ec ADDR: 0x017c
INUM:     1011 PC: 0x041a REG: 1 VALUE: 0x03dc ADDR: 0x03ec
INUM:     1012 PC: 0x041c REG: 0 VALUE: 0x0014
INUM:     1013 PC: 0x041e
INUM:     1014 PC: 0x0410 REG: 1 VALUE: 0x01e0 ADDR: 0x03dc
INUM:     1015 PC: 0x0412 REG: 1 VALUE: 0x0108 ADDR: 0x01e0
INUM:     1016 PC: 0x0414 REG: 1 VALUE: 0x01d8 ADDR: 0x0108
INUM:     1017 PC: 0x0416 REG: 1 VALUE: 0x014c ADDR: 0x01d8
INUM:     1018 PC: 0x0418 REG: 1 VALUE: 0x001c ADDR: 0x014c
INUM:     1019 PC: 0x041a REG: 1 VALUE: 0x0394 ADDR: 0x001c
INUM:     1020 PC: 0x041c REG: 0 VALUE: 0x0013
INUM:     1021 PC: 0x041e
INUM:     1022 PC: 0x0410 REG: 1 VALUE: 0x0364 ADDR: 0x0394
INUM:     1023 PC: 0x0412 REG: 1 VALUE: 0x0386 ADDR: 0x0364
INUM:     1024 PC: 0x0414 REG: 1 VALUE: 0x013c ADDR: 0x0386
INUM:     1025 PC: 0x0416 REG: 1 VALUE: 0x02d6 ADDR: 0x013c
INUM:     1026 PC: 0x0418 REG: 1 VALUE: 0x020a ADDR: 0x02d6
INUM:     1027 PC: 0x041a REG: 1 VALUE: 0x039e ADDR: 0x020a
INUM:     1028 PC: 0x041c REG: 0 VALUE: 0x0012
INUM:     1029 PC: 0x041e
INUM:     1030 PC: 0x0410 REG: 1 VALUE: 0x02b6 ADDR: 0x039e
INUM:     1031 PC: 0x0412 REG: 1 VALUE: 0x03a0 ADDR: 0x02b6
INUM:     1032 PC: 0x0414 REG: 1 VALUE: 0x017c ADDR: 0x03a0
INUM:     1033 PC: 0x0416 REG: 1 VALUE: 0x03ec ADDR: 0x017c
INUM:     1034 PC: 0x0418 REG: 1 VALUE: 0x03dc ADDR: 0x03ec
INUM:     1035 PC: 0x041a REG: 1 VALUE: 0x01e0 ADDR: 0x03dc
INUM:     1036 PC: 0x041c REG: 0 VALUE: 0x0011
INUM:     1037 PC: 0x041e
INUM:     1038 PC: 0x0410 REG: 1 VALUE: 0x0108 ADDR: 0x01e0
INUM:     1039 PC: 0x0412 REG: 1 VALUE: 0x01d8 ADDR: 0x0108
INUM:     1040 PC: 0x0414 REG: 1 VALUE: 0x014c ADDR: 0x01d8
INUM:     1041 PC: 0x0416 REG: 1 VALUE: 0x001c ADDR: 0x014c
INUM:     1042 PC: 0x0418 REG: 1 VALUE: 0x0394 ADDR: 0x001c
INUM:     1043 PC: 0x041a REG: 1 VALUE: 0x0364 ADDR: 0x0394
INUM:     1044 PC: 0x041c REG: 0 VALUE: 0x0010
INUM:     1045 PC: 0x041e
INUM:     1046 PC: 0x0410 REG: 1 VALUE: 0x0386 ADDR: 0x0364
INUM:     1047 PC: 0x0412 REG: 1 VALUE: 0x013c ADDR: 0x0386
INUM:     1048 PC: 0x0414 REG: 1 VALUE: 0x02d6 ADDR: 0x013c
INUM:     1049 PC: 0x0416 REG: 1 VALUE: 0x020a ADDR: 0x02d6
INUM:     1050 PC: 0x0418 REG: 1 VALUE: 0x039e ADDR: 0x020a
INUM:     1051 PC: 0x041a REG: 1 VALUE: 0x02b6 ADDR: 0x039e
INUM:     1052 PC: 0x041c REG: 0 VALUE: 0x000f
INUM:     1053 PC: 0x041e
INUM:     1054 PC: 0x0410 REG: 1 VALUE: 0x03a0 ADDR: 0x02b6
INUM:     1055 PC: 0x0412 REG: 1 VALUE: 0x017c ADDR: 0x03a0
INUM:     1056 PC: 0x0414 REG: 1 VALUE: 0x03ec ADDR: 0x017c
INUM:     1057 PC: 0x0416 REG: 1 VALUE: 0x03dc ADDR: 0x03ec
INUM:     1058 PC: 0x0418 REG: 1 VALUE: 0x01e0 ADDR: 0x03dc
INUM:     1059 PC: 0x041a REG: 1 VALUE: 0x0108 ADDR: 0x01e0
INUM:     1060 PC: 0x041c REG: 0 VALUE: 0x000e
INUM:     1061 PC: 0x041e
INUM:     1062 PC: 0x0410 REG: 1 VALUE: 0x01d8 ADDR: 0x0108
INUM:     1063 PC: 0x0412 REG: 1 VALUE: 0x014c ADDR: 0x01d8
INUM:     1064 PC: 0x0414 REG: 1 VALUE: 0x001c ADDR: 0x014c
INUM:     1065 PC: 0x0416 REG: 1 VALUE: 0x0394 ADDR: 0x001c
INUM:     1066 PC: 0x0418 REG: 1 VALUE: 0x0364 ADDR: 0x0394
INUM:     1067 PC: 0x041a REG: 1 VALUE: 0x0386 ADDR: 0x0364
INUM:     1068 PC: 0x041c REG: 0 VALUE: 0x000d
INUM:     1069 PC: 0x041e
INUM:     1070 PC: 0x0410 REG: 1 VALUE: 0x013c ADDR: 0x0386
INUM:     1071 PC: 0x0412 REG: 1 VALUE: 0x02d6 ADDR: 0x013c
INUM:     1072 PC: 0x0414 REG: 1 VALUE: 0x020a ADDR: 0x02d6
INUM:     1073 PC: 0x0416 REG: 1 VALUE: 0x039e ADDR: 0x020a
INUM:     1074 PC: 0x0418 REG: 1 VALUE: 0x02b6 ADDR: 0x039e
INUM:     1075 PC: 0x041a REG: 1 VALUE: 0x03a0 ADDR: 0x02b6
INUM:     1076 PC: 0x041c REG: 0 VALUE: 0x000c
INUM:     1077 PC: 0x041e
INUM:     1078 PC: 0x0410 REG: 1 VALUE: 0x017c ADDR: 0x03a0
INUM:     1079 PC: 0x0412 REG: 1 VALUE: 0x03ec ADDR: 0x017c
INUM:     1080 PC: 0x0414 REG: 1 VALUE: 0x03dc ADDR: 0x03ec
INUM:     1081 PC: 0x0416 REG: 1 VALUE: 0x01e0 ADDR: 0x03dc
INUM:     1082 PC: 0x0418 REG: 1 VALUE: 0x0108 ADDR: 0x01e0
INUM:     1083 PC: 0x041a REG: 1 VALUE: 0x01d8 ADDR: 0x0108
INUM:     1084 PC: 0x041c REG: 0 VALUE: 0x000b
INUM:     1085 PC: 0x041e
INUM:     1086 PC: 0x0410 REG: 1 VALUE: 0x014c ADDR: 0x01d8
INUM:     1087 PC: 0x0412 REG: 1 VALUE: 0x001c ADDR: 0x014c
INUM:     1088 PC: 0x0414 REG: 1 VALUE: 0x0394 ADDR: 0x001c
INUM:     1089 PC: 0x0416 REG: 1 VALUE: 0x0364 ADDR: 0x0394
INUM:     1090 PC: 0x0418 REG: 1 VALUE: 0x0386 ADDR: 0x0364
INUM:     1091 PC: 0x041a REG: 1 VALUE: 0x013c ADDR: 0x0386
INUM:     1092 PC: 0x041c REG: 0 VALUE: 0x000a
INUM:     1093 PC: 0x041e
INUM:     1094 PC: 0x0410 REG: 1 VALUE: 0x02d6 ADDR: 0x013c
INUM:     1095 PC: 0x0412 REG: 1 VALUE: 0x020a ADDR: 0x02d6
INUM:     1096 PC: 0x0414 REG: 1 VALUE: 0x039e ADDR: 0x020a
INUM:     1097 PC: 0x0416 REG: 1 VALUE: 0x02b6 ADDR: 0x039e
INUM:     1098 PC: 0x0418 REG: 1 VALUE: 0x03a0 ADDR: 0x02b6
INUM:     1099 PC: 0x041a REG: 1 VALUE: 0x017c ADDR: 0x03a0
INUM:     1100 PC: 0x041c REG: 0 VALUE: 0x0009
INUM:     1101 PC: 0x041e
INUM:     1102 PC: 0x0410 REG: 1 VALUE: 0x03ec ADDR: 0x017c
INUM:     1103 PC: 0x0412 REG: 1 VALUE: 0x03dc ADDR: 0x03ec
INUM:     1104 PC: 0x0414 REG: 1 VALUE: 0x01e0 ADDR: 0x03dc
INUM:     1105 PC: 0x0416 REG: 1 VALUE: 0x0108 ADDR: 0x01e0
INUM:     1106 PC: 0x0418 REG: 1 VALUE: 0x01d8 ADDR: 0x0108
INUM:     1107 PC: 0x041a REG: 1 VALUE: 0x014c ADDR: 0x01d8
INUM:     1108 PC: 0x041c REG: 0 VALUE: 0x0008
INUM:     1109 PC: 0x041e
INUM:     1110 PC: 0x0410 REG: 1 VALUE: 0x001c ADDR: 0x014c
INUM:     1111 PC: 0x0412 REG: 1 VALUE: 0x0394 ADDR: 0x001c
INUM:     1112 PC: 0x0414 REG: 1 VALUE: 0x0364 ADDR: 0x0394
INUM:     1113 PC: 0x0416 REG: 1 VALUE: 0x0386 ADDR: 0x0364
INUM:     1114 PC: 0x0418 REG: 1 VALUE: 0x013c ADDR: 0x0386
INUM:     1115 PC: 0x041a REG: 1 VALUE: 0x02d6 ADDR: 0x013c
INUM:     1116 PC: 0x041c REG: 0 VALUE: 0x0007
INUM:     1117 PC: 0x041e
INUM:     1118 PC: 0x0410 REG: 1 VALUE: 0x020a ADDR: 0x02d6
INUM:     1119 PC: 0x0412 REG: 1 VALUE: 0x039e ADDR: 0x020a
INUM:     1120 PC: 0x0414 REG: 1 VALUE: 0x02b6 ADDR: 0x039e
INUM:     1121 PC: 0x0416 REG: 1 VALUE: 0x03a0 ADDR: 0x02b6
INUM:     1122 PC: 0x0418 REG: 1 VALUE: 0x017c ADDR: 0x03a0
INUM:     1123 PC: 0x041a REG: 1 VALUE: 0x03ec ADDR: 0x017c
INUM:     1124 PC: 0x041c REG: 0 VALUE: 0x0006
INUM:     1125 PC: 0x041e
INUM:     1126 PC: 0x0410 REG: 1 VALUE: 0x03dc ADDR: 0x03ec
INUM:     1127 PC: 0x0412 REG: 1 VALUE: 0x01e0 ADDR: 0x03dc
INUM:     1128 PC: 0x0414 REG: 1 VALUE: 0x0108 ADDR: 0x01e0
INUM:     1129 PC: 0x0416 REG: 1 VALUE: 0x01d8 ADDR: 0x0108
INUM:     1130 PC: 0x0418 REG: 1 VALUE: 0x014c ADDR: 0x01d8
INUM:     1131 PC: 0x041a REG: 1 VALUE: 0x001c ADDR: 0x014c
INUM:     1132 PC: 0x041c REG: 0 VALUE: 0x0005
INUM:     1133 PC: 0x041e
INUM:     1134 PC: 0x0410 REG: 1 VALUE: 0x0394 ADDR: 0x001c
INUM:     1135 PC: 0x0412 REG: 1 VALUE: 0x0364 ADDR: 0x0394
INUM:     1136 PC: 0x0414 REG: 1 VALUE: 0x0386 ADDR: 0x0364
INUM:     1137 PC: 0x0416 REG: 1 VALUE: 0x013c ADDR: 0x0386
INUM:     1138 PC: 0x0418 REG: 1 VALUE: 0x02d6 ADDR: 0x013c
INUM:     1139 PC: 0x041a REG: 1 VALUE: 0x020a ADDR: 0x02d6
INUM:     1140 PC: 0x041c REG: 0 VALUE: 0x0004
INUM:     1141 PC: 0x041e
INUM:     1142 PC: 0x0410 REG: 1 VALUE: 0x039e ADDR: 0x020a
INUM:     1143 PC: 0x0412 REG: 1 VALUE: 0x02b6 ADDR: 0x039e
INUM:     1144 PC: 0x0414 REG: 1 VALUE: 0x03a0 ADDR: 0x02b6
INUM:     1145 PC: 0x0416 REG: 1 VALUE: 0x017c ADDR: 0x03a0
INUM:     1146 PC: 0x0418 REG: 1 VALUE: 0x03ec ADDR: 0x017c
INUM:     1147 PC: 0x041a REG: 1 VALUE: 0x03dc ADDR: 0x03ec
INUM:     1148 PC: 0x041c REG: 0 VALUE: 0x0003
INUM:     1149 PC: 0x041e
INUM:     1150 PC: 0x0410 REG: 1 VALUE: 0x01e0 ADDR: 0x03dc
INUM:     1151 PC: 0x0412 REG: 1 VALUE: 0x0108 ADDR: 0x01e0
INUM:     1152 PC: 0x0414 REG: 1 VALUE: 0x01d8 ADDR: 0x0108
INUM:     1153 PC: 0x0416 REG: 1 VALUE: 0x014c ADDR: 0x01d8
INUM:     1154 PC: 0x0418 REG: 1 VALUE: 0x001c ADDR: 0x014c
INUM:     1155 PC: 0x041a REG: 1 VALUE: 0x0394 ADDR: 0x001c
INUM:     1156 PC: 0x041c REG: 0 VALUE: 0x0002
INUM:     1157 PC: 0x041e
INUM:     1158 PC: 0x0410 REG: 1 VALUE: 0x0364 ADDR: 0x0394
INUM:     1159 PC: 0x0412 REG: 1 VALUE: 0x0386 ADDR: 0x0364
INUM:     1160 PC: 0x0414 REG: 1 VALUE: 0x013c ADDR: 0x0386
INUM:     1161 PC: 0x0416 REG: 1 VALUE: 0x02d6 ADDR: 0x013c
INUM:     1162 PC: 0x0418 REG: 1 VALUE: 0x020a ADDR: 0x02d6
INUM:     1163 PC: 0x041a REG: 1 VALUE: 0x039e ADDR: 0x020a
INUM:     1164 PC: 0x041c REG: 0 VALUE: 0x0001
INUM:     1165 PC: 0x041e
INUM:     1166 PC: 0x0410 REG: 1 VALUE: 0x02b6 ADDR: 0x039e
INUM:     1167 PC: 0x0412 REG: 1 VALUE: 0x03a0 ADDR: 0x02b6
INUM:     1168 PC: 0x0414 REG: 1 VALUE: 0x017c ADDR: 0x03a0
INUM:     1169 PC: 0x0416 REG: 1 VALUE: 0x03ec ADDR: 0x017c
INUM:     1170 PC: 0x0418 REG: 1 VALUE: 0x03dc ADDR: 0x03ec
INUM:     1171 PC: 0x041a REG: 1 VALUE: 0x01e0 ADDR: 0x03dc
INUM:     1172 PC: 0x041c REG: 0 VALUE: 0x0000
INUM:     1173 PC: 0x041e
INUM:     1174 PC: 0x0410 REG: 1 VALUE: 0x0108 ADDR: 0x01e0
INUM:     1175 PC: 0x0412 REG: 1 VALUE: 0x01d8 ADDR: 0x0108
INUM:     1176 PC: 0x0414 REG: 1 VALUE: 0x014c ADDR: 0x01d8
INUM:     1177 PC: 0x0416 REG: 1 VALUE: 0x001c ADDR: 0x014c
INUM:     1178 PC: 0x0418 REG: 1 VALUE: 0x0394 ADDR: 0x001c
INUM:     1179 PC: 0x041a REG: 1 VALUE: 0x0364 ADDR: 0x0394
INUM:     1180 PC: 0x041c REG: 0 VALUE: 0xffff
INUM:     1181 PC: 0x041e
INUM:     1182 PC: 0x0420
