/u/k/a/karu/courses/cs552/spring2013/handouts/testprograms/public/rand_final/ldld_rand_large.asm SUCCESS CPI:2.6 CYCLES:2713 ICOUNT:1035 IHITRATE: 100.0 DHITRATE: 100.0
/u/k/a/karu/courses/cs552/spring2013/handouts/testprograms/public/rand_final/ldld_rand_small.asm SUCCESS CPI:2.6 CYCLES:2713 ICOUNT:1035 IHITRATE: 100.0 DHITRATE: 100.0
/u/k/a/karu/courses/cs552/spring2013/handouts/testprograms/public/rand_final/ldst_rand_large.asm SUCCESS CPI:2.3 CYCLES:3217 ICOUNT:1417 IHITRATE: 100.0 DHITRATE: 100.0
/u/k/a/karu/courses/cs552/spring2013/handouts/testprograms/public/rand_final/ldst_rand_small.asm SUCCESS CPI:2.3 CYCLES:3217 ICOUNT:1417 IHITRATE: 100.0 DHITRATE: 100.0
/u/k/a/karu/courses/cs552/spring2013/handouts/testprograms/public/rand_final/t_100_all.asm SUCCESS CPI:5.5 CYCLES:1823 ICOUNT:334 IHITRATE: 100.0 DHITRATE: 100.0
/u/k/a/karu/courses/cs552/spring2013/handouts/testprograms/public/rand_final/t_100_ctrl.asm SUCCESS CPI:5.5 CYCLES:3529 ICOUNT:647 IHITRATE: 100.0 DHITRATE: 100.0
/u/k/a/karu/courses/cs552/spring2013/handouts/testprograms/public/rand_final/t_100_icache.asm SUCCESS CPI:68.4 CYCLES:3899 ICOUNT:57 IHITRATE: 100.0 DHITRATE: 100.0
/u/k/a/karu/courses/cs552/spring2013/handouts/testprograms/public/rand_final/t_100_idcache.asm SUCCESS CPI:6.0 CYCLES:2421 ICOUNT:401 IHITRATE: 100.0 DHITRATE: 100.0
/u/k/a/karu/courses/cs552/spring2013/handouts/testprograms/public/rand_final/t_100_mem.asm SUCCESS CPI:6.1 CYCLES:8651 ICOUNT:1427 IHITRATE: 100.0 DHITRATE: 100.0
/u/k/a/karu/courses/cs552/spring2013/handouts/testprograms/public/rand_final/t_101_all.asm SUCCESS CPI:5.3 CYCLES:2369 ICOUNT:449 IHITRATE: 100.0 DHITRATE: 100.0
/u/k/a/karu/courses/cs552/spring2013/handouts/testprograms/public/rand_final/t_101_ctrl.asm SUCCESS CPI:5.2 CYCLES:4395 ICOUNT:850 IHITRATE: 100.0 DHITRATE: 100.0
/u/k/a/karu/courses/cs552/spring2013/handouts/testprograms/public/rand_final/t_101_icache.asm SUCCESS CPI:73.1 CYCLES:3875 ICOUNT:53 IHITRATE: 100.0 DHITRATE: 100.0
/u/k/a/karu/courses/cs552/spring2013/handouts/testprograms/public/rand_final/t_101_idcache.asm SUCCESS CPI:5.7 CYCLES:2355 ICOUNT:413 IHITRATE: 100.0 DHITRATE: 100.0
/u/k/a/karu/courses/cs552/spring2013/handouts/testprograms/public/rand_final/t_101_mem.asm SUCCESS CPI:6.1 CYCLES:8687 ICOUNT:1422 IHITRATE: 100.0 DHITRATE: 100.0
/u/k/a/karu/courses/cs552/spring2013/handouts/testprograms/public/rand_final/t_102_all.asm SUCCESS CPI:5.3 CYCLES:1941 ICOUNT:365 IHITRATE: 100.0 DHITRATE: 100.0
/u/k/a/karu/courses/cs552/spring2013/handouts/testprograms/public/rand_final/t_102_ctrl.asm SUCCESS CPI:5.1 CYCLES:4407 ICOUNT:856 IHITRATE: 100.0 DHITRATE: 100.0
/u/k/a/karu/courses/cs552/spring2013/handouts/testprograms/public/rand_final/t_102_icache.asm SUCCESS CPI:79.2 CYCLES:3883 ICOUNT:49 IHITRATE: 100.0 DHITRATE: 100.0
/u/k/a/karu/courses/cs552/spring2013/handouts/testprograms/public/rand_final/t_102_idcache.asm SUCCESS CPI:6.6 CYCLES:2223 ICOUNT:335 IHITRATE: 100.0 DHITRATE: 100.0
/u/k/a/karu/courses/cs552/spring2013/handouts/testprograms/public/rand_final/t_102_mem.asm SUCCESS CPI:5.9 CYCLES:9011 ICOUNT:1529 IHITRATE: 100.0 DHITRATE: 100.0
/u/k/a/karu/courses/cs552/spring2013/handouts/testprograms/public/rand_final/t_103_all.asm SUCCESS CPI:5.0 CYCLES:2281 ICOUNT:453 IHITRATE: 100.0 DHITRATE: 100.0
/u/k/a/karu/courses/cs552/spring2013/handouts/testprograms/public/rand_final/t_103_ctrl.asm SUCCESS CPI:5.3 CYCLES:4301 ICOUNT:815 IHITRATE: 100.0 DHITRATE: 100.0
/u/k/a/karu/courses/cs552/spring2013/handouts/testprograms/public/rand_final/t_103_icache.asm SUCCESS CPI:69.3 CYCLES:3883 ICOUNT:56 IHITRATE: 100.0 DHITRATE: 100.0
/u/k/a/karu/courses/cs552/spring2013/handouts/testprograms/public/rand_final/t_103_idcache.asm SUCCESS CPI:6.1 CYCLES:2291 ICOUNT:374 IHITRATE: 100.0 DHITRATE: 100.0
/u/k/a/karu/courses/cs552/spring2013/handouts/testprograms/public/rand_final/t_103_mem.asm SUCCESS CPI:6.0 CYCLES:8857 ICOUNT:1468 IHITRATE: 100.0 DHITRATE: 100.0
/u/k/a/karu/courses/cs552/spring2013/handouts/testprograms/public/rand_final/t_104_all.asm SUCCESS CPI:5.2 CYCLES:2369 ICOUNT:456 IHITRATE: 100.0 DHITRATE: 100.0
/u/k/a/karu/courses/cs552/spring2013/handouts/testprograms/public/rand_final/t_104_ctrl.asm SUCCESS CPI:5.3 CYCLES:4045 ICOUNT:766 IHITRATE: 100.0 DHITRATE: 100.0
/u/k/a/karu/courses/cs552/spring2013/handouts/testprograms/public/rand_final/t_104_icache.asm SUCCESS CPI:65.5 CYCLES:3867 ICOUNT:59 IHITRATE: 100.0 DHITRATE: 100.0
/u/k/a/karu/courses/cs552/spring2013/handouts/testprograms/public/rand_final/t_104_idcache.asm SUCCESS CPI:6.8 CYCLES:2119 ICOUNT:311 IHITRATE: 100.0 DHITRATE: 100.0
/u/k/a/karu/courses/cs552/spring2013/handouts/testprograms/public/rand_final/t_104_mem.asm SUCCESS CPI:5.9 CYCLES:9091 ICOUNT:1550 IHITRATE: 100.0 DHITRATE: 100.0
/u/k/a/karu/courses/cs552/spring2013/handouts/testprograms/public/rand_final/t_105_all.asm SUCCESS CPI:5.2 CYCLES:2359 ICOUNT:453 IHITRATE: 100.0 DHITRATE: 100.0
/u/k/a/karu/courses/cs552/spring2013/handouts/testprograms/public/rand_final/t_105_ctrl.asm SUCCESS CPI:5.3 CYCLES:4223 ICOUNT:798 IHITRATE: 100.0 DHITRATE: 100.0
/u/k/a/karu/courses/cs552/spring2013/handouts/testprograms/public/rand_final/t_105_icache.asm SUCCESS CPI:78.7 CYCLES:3859 ICOUNT:49 IHITRATE: 100.0 DHITRATE: 100.0
/u/k/a/karu/courses/cs552/spring2013/handouts/testprograms/public/rand_final/t_105_idcache.asm SUCCESS CPI:6.5 CYCLES:2167 ICOUNT:335 IHITRATE: 100.0 DHITRATE: 100.0
/u/k/a/karu/courses/cs552/spring2013/handouts/testprograms/public/rand_final/t_105_mem.asm SUCCESS CPI:6.0 CYCLES:8659 ICOUNT:1440 IHITRATE: 100.0 DHITRATE: 100.0
/u/k/a/karu/courses/cs552/spring2013/handouts/testprograms/public/rand_final/t_106_all.asm SUCCESS CPI:5.2 CYCLES:2443 ICOUNT:472 IHITRATE: 100.0 DHITRATE: 100.0
/u/k/a/karu/courses/cs552/spring2013/handouts/testprograms/public/rand_final/t_106_ctrl.asm SUCCESS CPI:5.1 CYCLES:4171 ICOUNT:812 IHITRATE: 100.0 DHITRATE: 100.0
/u/k/a/karu/courses/cs552/spring2013/handouts/testprograms/public/rand_final/t_106_icache.asm SUCCESS CPI:69.0 CYCLES:3867 ICOUNT:56 IHITRATE: 100.0 DHITRATE: 100.0
/u/k/a/karu/courses/cs552/spring2013/handouts/testprograms/public/rand_final/t_106_idcache.asm SUCCESS CPI:7.0 CYCLES:2285 ICOUNT:326 IHITRATE: 100.0 DHITRATE: 100.0
/u/k/a/karu/courses/cs552/spring2013/handouts/testprograms/public/rand_final/t_106_mem.asm SUCCESS CPI:6.1 CYCLES:8663 ICOUNT:1427 IHITRATE: 100.0 DHITRATE: 100.0
/u/k/a/karu/courses/cs552/spring2013/handouts/testprograms/public/rand_final/t_107_all.asm SUCCESS CPI:5.2 CYCLES:2219 ICOUNT:428 IHITRATE: 100.0 DHITRATE: 100.0
/u/k/a/karu/courses/cs552/spring2013/handouts/testprograms/public/rand_final/t_107_ctrl.asm SUCCESS CPI:5.2 CYCLES:4147 ICOUNT:792 IHITRATE: 100.0 DHITRATE: 100.0
/u/k/a/karu/courses/cs552/spring2013/handouts/testprograms/public/rand_final/t_107_icache.asm SUCCESS CPI:73.7 CYCLES:3835 ICOUNT:52 IHITRATE: 100.0 DHITRATE: 100.0
/u/k/a/karu/courses/cs552/spring2013/handouts/testprograms/public/rand_final/t_107_idcache.asm SUCCESS CPI:7.3 CYCLES:2367 ICOUNT:326 IHITRATE: 100.0 DHITRATE: 100.0
/u/k/a/karu/courses/cs552/spring2013/handouts/testprograms/public/rand_final/t_107_mem.asm SUCCESS CPI:6.1 CYCLES:8591 ICOUNT:1417 IHITRATE: 100.0 DHITRATE: 100.0
/u/k/a/karu/courses/cs552/spring2013/handouts/testprograms/public/rand_final/t_108_all.asm SUCCESS CPI:5.0 CYCLES:2301 ICOUNT:464 IHITRATE: 100.0 DHITRATE: 100.0
/u/k/a/karu/courses/cs552/spring2013/handouts/testprograms/public/rand_final/t_108_ctrl.asm SUCCESS CPI:5.1 CYCLES:4277 ICOUNT:836 IHITRATE: 100.0 DHITRATE: 100.0
/u/k/a/karu/courses/cs552/spring2013/handouts/testprograms/public/rand_final/t_108_icache.asm SUCCESS CPI:63.3 CYCLES:3859 ICOUNT:61 IHITRATE: 100.0 DHITRATE: 100.0
/u/k/a/karu/courses/cs552/spring2013/handouts/testprograms/public/rand_final/t_108_idcache.asm SUCCESS CPI:6.7 CYCLES:2297 ICOUNT:341 IHITRATE: 100.0 DHITRATE: 100.0
/u/k/a/karu/courses/cs552/spring2013/handouts/testprograms/public/rand_final/t_108_mem.asm SUCCESS CPI:5.8 CYCLES:9043 ICOUNT:1562 IHITRATE: 100.0 DHITRATE: 100.0
/u/k/a/karu/courses/cs552/spring2013/handouts/testprograms/public/rand_final/t_109_all.asm SUCCESS CPI:5.3 CYCLES:1807 ICOUNT:339 IHITRATE: 100.0 DHITRATE: 100.0
/u/k/a/karu/courses/cs552/spring2013/handouts/testprograms/public/rand_final/t_109_ctrl.asm SUCCESS CPI:5.2 CYCLES:4399 ICOUNT:840 IHITRATE: 100.0 DHITRATE: 100.0
/u/k/a/karu/courses/cs552/spring2013/handouts/testprograms/public/rand_final/t_109_icache.asm SUCCESS CPI:77.0 CYCLES:3851 ICOUNT:50 IHITRATE: 100.0 DHITRATE: 100.0
/u/k/a/karu/courses/cs552/spring2013/handouts/testprograms/public/rand_final/t_109_idcache.asm SUCCESS CPI:6.4 CYCLES:2219 ICOUNT:347 IHITRATE: 100.0 DHITRATE: 100.0
/u/k/a/karu/courses/cs552/spring2013/handouts/testprograms/public/rand_final/t_109_mem.asm SUCCESS CPI:6.2 CYCLES:8539 ICOUNT:1385 IHITRATE: 100.0 DHITRATE: 100.0
/u/k/a/karu/courses/cs552/spring2013/handouts/testprograms/public/rand_final/t_10_mem.asm SUCCESS CPI:5.9 CYCLES:9235 ICOUNT:1576 IHITRATE: 100.0 DHITRATE: 100.0
/u/k/a/karu/courses/cs552/spring2013/handouts/testprograms/public/rand_final/t_110_all.asm SUCCESS CPI:5.1 CYCLES:2313 ICOUNT:457 IHITRATE: 100.0 DHITRATE: 100.0
/u/k/a/karu/courses/cs552/spring2013/handouts/testprograms/public/rand_final/t_110_ctrl.asm SUCCESS CPI:5.0 CYCLES:4597 ICOUNT:915 IHITRATE: 100.0 DHITRATE: 100.0
/u/k/a/karu/courses/cs552/spring2013/handouts/testprograms/public/rand_final/t_110_icache.asm SUCCESS CPI:78.6 CYCLES:3851 ICOUNT:49 IHITRATE: 100.0 DHITRATE: 100.0
/u/k/a/karu/courses/cs552/spring2013/handouts/testprograms/public/rand_final/t_110_idcache.asm SUCCESS CPI:6.2 CYCLES:2409 ICOUNT:386 IHITRATE: 100.0 DHITRATE: 100.0
/u/k/a/karu/courses/cs552/spring2013/handouts/testprograms/public/rand_final/t_110_mem.asm SUCCESS CPI:5.9 CYCLES:8827 ICOUNT:1502 IHITRATE: 100.0 DHITRATE: 100.0
/u/k/a/karu/courses/cs552/spring2013/handouts/testprograms/public/rand_final/t_111_all.asm SUCCESS CPI:5.5 CYCLES:2179 ICOUNT:396 IHITRATE: 100.0 DHITRATE: 100.0
/u/k/a/karu/courses/cs552/spring2013/handouts/testprograms/public/rand_final/t_111_ctrl.asm SUCCESS CPI:5.1 CYCLES:4669 ICOUNT:912 IHITRATE: 100.0 DHITRATE: 100.0
/u/k/a/karu/courses/cs552/spring2013/handouts/testprograms/public/rand_final/t_111_icache.asm SUCCESS CPI:68.1 CYCLES:3883 ICOUNT:57 IHITRATE: 100.0 DHITRATE: 100.0
/u/k/a/karu/courses/cs552/spring2013/handouts/testprograms/public/rand_final/t_111_idcache.asm SUCCESS CPI:6.0 CYCLES:2363 ICOUNT:392 IHITRATE: 100.0 DHITRATE: 100.0
/u/k/a/karu/courses/cs552/spring2013/handouts/testprograms/public/rand_final/t_111_mem.asm SUCCESS CPI:6.0 CYCLES:8479 ICOUNT:1405 IHITRATE: 100.0 DHITRATE: 100.0
/u/k/a/karu/courses/cs552/spring2013/handouts/testprograms/public/rand_final/t_112_all.asm SUCCESS CPI:5.3 CYCLES:1997 ICOUNT:375 IHITRATE: 100.0 DHITRATE: 100.0
/u/k/a/karu/courses/cs552/spring2013/handouts/testprograms/public/rand_final/t_112_ctrl.asm SUCCESS CPI:5.2 CYCLES:3929 ICOUNT:751 IHITRATE: 100.0 DHITRATE: 100.0
/u/k/a/karu/courses/cs552/spring2013/handouts/testprograms/public/rand_final/t_112_icache.asm SUCCESS CPI:65.8 CYCLES:3883 ICOUNT:59 IHITRATE: 100.0 DHITRATE: 100.0
/u/k/a/karu/courses/cs552/spring2013/handouts/testprograms/public/rand_final/t_112_idcache.asm SUCCESS CPI:6.1 CYCLES:2467 ICOUNT:407 IHITRATE: 100.0 DHITRATE: 100.0
/u/k/a/karu/courses/cs552/spring2013/handouts/testprograms/public/rand_final/t_112_mem.asm SUCCESS CPI:6.2 CYCLES:8139 ICOUNT:1310 IHITRATE: 100.0 DHITRATE: 100.0
/u/k/a/karu/courses/cs552/spring2013/handouts/testprograms/public/rand_final/t_113_all.asm SUCCESS CPI:5.2 CYCLES:1813 ICOUNT:347 IHITRATE: 100.0 DHITRATE: 100.0
/u/k/a/karu/courses/cs552/spring2013/handouts/testprograms/public/rand_final/t_113_ctrl.asm SUCCESS CPI:5.3 CYCLES:4063 ICOUNT:762 IHITRATE: 100.0 DHITRATE: 100.0
/u/k/a/karu/courses/cs552/spring2013/handouts/testprograms/public/rand_final/t_113_icache.asm SUCCESS CPI:77.5 CYCLES:3875 ICOUNT:50 IHITRATE: 100.0 DHITRATE: 100.0
/u/k/a/karu/courses/cs552/spring2013/handouts/testprograms/public/rand_final/t_113_idcache.asm SUCCESS CPI:5.9 CYCLES:2387 ICOUNT:404 IHITRATE: 100.0 DHITRATE: 100.0
/u/k/a/karu/courses/cs552/spring2013/handouts/testprograms/public/rand_final/t_113_mem.asm SUCCESS CPI:5.9 CYCLES:8891 ICOUNT:1496 IHITRATE: 100.0 DHITRATE: 100.0
/u/k/a/karu/courses/cs552/spring2013/handouts/testprograms/public/rand_final/t_114_all.asm SUCCESS CPI:4.8 CYCLES:2875 ICOUNT:605 IHITRATE: 100.0 DHITRATE: 100.0
/u/k/a/karu/courses/cs552/spring2013/handouts/testprograms/public/rand_final/t_114_ctrl.asm SUCCESS CPI:5.1 CYCLES:4527 ICOUNT:887 IHITRATE: 100.0 DHITRATE: 100.0
/u/k/a/karu/courses/cs552/spring2013/handouts/testprograms/public/rand_final/t_114_icache.asm SUCCESS CPI:63.1 CYCLES:3851 ICOUNT:61 IHITRATE: 100.0 DHITRATE: 100.0
/u/k/a/karu/courses/cs552/spring2013/handouts/testprograms/public/rand_final/t_114_idcache.asm SUCCESS CPI:6.3 CYCLES:2243 ICOUNT:356 IHITRATE: 100.0 DHITRATE: 100.0
/u/k/a/karu/courses/cs552/spring2013/handouts/testprograms/public/rand_final/t_114_mem.asm SUCCESS CPI:5.9 CYCLES:8603 ICOUNT:1449 IHITRATE: 100.0 DHITRATE: 100.0
/u/k/a/karu/courses/cs552/spring2013/handouts/testprograms/public/rand_final/t_115_all.asm SUCCESS CPI:5.1 CYCLES:2341 ICOUNT:455 IHITRATE: 100.0 DHITRATE: 100.0
/u/k/a/karu/courses/cs552/spring2013/handouts/testprograms/public/rand_final/t_115_ctrl.asm SUCCESS CPI:5.2 CYCLES:4555 ICOUNT:881 IHITRATE: 100.0 DHITRATE: 100.0
/u/k/a/karu/courses/cs552/spring2013/handouts/testprograms/public/rand_final/t_115_icache.asm SUCCESS CPI:78.4 CYCLES:3843 ICOUNT:49 IHITRATE: 100.0 DHITRATE: 100.0
/u/k/a/karu/courses/cs552/spring2013/handouts/testprograms/public/rand_final/t_115_idcache.asm SUCCESS CPI:5.9 CYCLES:2515 ICOUNT:428 IHITRATE: 100.0 DHITRATE: 100.0
/u/k/a/karu/courses/cs552/spring2013/handouts/testprograms/public/rand_final/t_115_mem.asm SUCCESS CPI:6.1 CYCLES:8563 ICOUNT:1414 IHITRATE: 100.0 DHITRATE: 100.0
/u/k/a/karu/courses/cs552/spring2013/handouts/testprograms/public/rand_final/t_116_all.asm SUCCESS CPI:4.8 CYCLES:2843 ICOUNT:587 IHITRATE: 100.0 DHITRATE: 100.0
/u/k/a/karu/courses/cs552/spring2013/handouts/testprograms/public/rand_final/t_116_ctrl.asm SUCCESS CPI:4.8 CYCLES:5301 ICOUNT:1102 IHITRATE: 100.0 DHITRATE: 100.0
/u/k/a/karu/courses/cs552/spring2013/handouts/testprograms/public/rand_final/t_116_icache.asm SUCCESS CPI:83.6 CYCLES:3931 ICOUNT:47 IHITRATE: 100.0 DHITRATE: 100.0
/u/k/a/karu/courses/cs552/spring2013/handouts/testprograms/public/rand_final/t_116_idcache.asm SUCCESS CPI:6.6 CYCLES:2303 ICOUNT:350 IHITRATE: 100.0 DHITRATE: 100.0
/u/k/a/karu/courses/cs552/spring2013/handouts/testprograms/public/rand_final/t_116_mem.asm SUCCESS CPI:5.9 CYCLES:8875 ICOUNT:1492 IHITRATE: 100.0 DHITRATE: 100.0
/u/k/a/karu/courses/cs552/spring2013/handouts/testprograms/public/rand_final/t_117_all.asm SUCCESS CPI:5.1 CYCLES:2415 ICOUNT:475 IHITRATE: 100.0 DHITRATE: 100.0
/u/k/a/karu/courses/cs552/spring2013/handouts/testprograms/public/rand_final/t_117_ctrl.asm SUCCESS CPI:5.1 CYCLES:4621 ICOUNT:898 IHITRATE: 100.0 DHITRATE: 100.0
/u/k/a/karu/courses/cs552/spring2013/handouts/testprograms/public/rand_final/t_117_icache.asm SUCCESS CPI:67.8 CYCLES:3867 ICOUNT:57 IHITRATE: 100.0 DHITRATE: 100.0
/u/k/a/karu/courses/cs552/spring2013/handouts/testprograms/public/rand_final/t_117_idcache.asm SUCCESS CPI:6.0 CYCLES:2489 ICOUNT:416 IHITRATE: 100.0 DHITRATE: 100.0
/u/k/a/karu/courses/cs552/spring2013/handouts/testprograms/public/rand_final/t_117_mem.asm SUCCESS CPI:5.9 CYCLES:9259 ICOUNT:1572 IHITRATE: 100.0 DHITRATE: 100.0
/u/k/a/karu/courses/cs552/spring2013/handouts/testprograms/public/rand_final/t_118_all.asm SUCCESS CPI:5.0 CYCLES:2679 ICOUNT:531 IHITRATE: 100.0 DHITRATE: 100.0
/u/k/a/karu/courses/cs552/spring2013/handouts/testprograms/public/rand_final/t_118_ctrl.asm SUCCESS CPI:5.2 CYCLES:4125 ICOUNT:793 IHITRATE: 100.0 DHITRATE: 100.0
/u/k/a/karu/courses/cs552/spring2013/handouts/testprograms/public/rand_final/t_118_icache.asm SUCCESS CPI:70.6 CYCLES:3883 ICOUNT:55 IHITRATE: 100.0 DHITRATE: 100.0
/u/k/a/karu/courses/cs552/spring2013/handouts/testprograms/public/rand_final/t_118_idcache.asm SUCCESS CPI:6.4 CYCLES:2081 ICOUNT:323 IHITRATE: 100.0 DHITRATE: 100.0
/u/k/a/karu/courses/cs552/spring2013/handouts/testprograms/public/rand_final/t_118_mem.asm SUCCESS CPI:6.2 CYCLES:8395 ICOUNT:1359 IHITRATE: 100.0 DHITRATE: 100.0
/u/k/a/karu/courses/cs552/spring2013/handouts/testprograms/public/rand_final/t_119_all.asm SUCCESS CPI:5.1 CYCLES:2199 ICOUNT:427 IHITRATE: 100.0 DHITRATE: 100.0
/u/k/a/karu/courses/cs552/spring2013/handouts/testprograms/public/rand_final/t_119_ctrl.asm SUCCESS CPI:5.2 CYCLES:3983 ICOUNT:760 IHITRATE: 100.0 DHITRATE: 100.0
/u/k/a/karu/courses/cs552/spring2013/handouts/testprograms/public/rand_final/t_119_icache.asm SUCCESS CPI:62.5 CYCLES:3875 ICOUNT:62 IHITRATE: 100.0 DHITRATE: 100.0
/u/k/a/karu/courses/cs552/spring2013/handouts/testprograms/public/rand_final/t_119_idcache.asm SUCCESS CPI:6.2 CYCLES:2271 ICOUNT:368 IHITRATE: 100.0 DHITRATE: 100.0
/u/k/a/karu/courses/cs552/spring2013/handouts/testprograms/public/rand_final/t_119_mem.asm SUCCESS CPI:5.8 CYCLES:9087 ICOUNT:1567 IHITRATE: 100.0 DHITRATE: 100.0
/u/k/a/karu/courses/cs552/spring2013/handouts/testprograms/public/rand_final/t_11_mem.asm SUCCESS CPI:5.9 CYCLES:9231 ICOUNT:1571 IHITRATE: 100.0 DHITRATE: 100.0
/u/k/a/karu/courses/cs552/spring2013/handouts/testprograms/public/rand_final/t_120_all.asm SUCCESS CPI:5.5 CYCLES:2177 ICOUNT:395 IHITRATE: 100.0 DHITRATE: 100.0
/u/k/a/karu/courses/cs552/spring2013/handouts/testprograms/public/rand_final/t_120_ctrl.asm SUCCESS CPI:5.0 CYCLES:4551 ICOUNT:903 IHITRATE: 100.0 DHITRATE: 100.0
/u/k/a/karu/courses/cs552/spring2013/handouts/testprograms/public/rand_final/t_120_icache.asm SUCCESS CPI:68.8 CYCLES:3851 ICOUNT:56 IHITRATE: 100.0 DHITRATE: 100.0
/u/k/a/karu/courses/cs552/spring2013/handouts/testprograms/public/rand_final/t_120_idcache.asm SUCCESS CPI:6.4 CYCLES:2363 ICOUNT:368 IHITRATE: 100.0 DHITRATE: 100.0
/u/k/a/karu/courses/cs552/spring2013/handouts/testprograms/public/rand_final/t_120_mem.asm SUCCESS CPI:6.0 CYCLES:8855 ICOUNT:1474 IHITRATE: 100.0 DHITRATE: 100.0
/u/k/a/karu/courses/cs552/spring2013/handouts/testprograms/public/rand_final/t_121_all.asm SUCCESS CPI:5.5 CYCLES:1793 ICOUNT:327 IHITRATE: 100.0 DHITRATE: 100.0
/u/k/a/karu/courses/cs552/spring2013/handouts/testprograms/public/rand_final/t_122_all.asm SUCCESS CPI:5.3 CYCLES:1789 ICOUNT:335 IHITRATE: 100.0 DHITRATE: 100.0
/u/k/a/karu/courses/cs552/spring2013/handouts/testprograms/public/rand_final/t_123_all.asm SUCCESS CPI:5.0 CYCLES:2593 ICOUNT:515 IHITRATE: 100.0 DHITRATE: 100.0
/u/k/a/karu/courses/cs552/spring2013/handouts/testprograms/public/rand_final/t_124_all.asm SUCCESS CPI:5.0 CYCLES:1851 ICOUNT:371 IHITRATE: 100.0 DHITRATE: 100.0
/u/k/a/karu/courses/cs552/spring2013/handouts/testprograms/public/rand_final/t_125_all.asm SUCCESS CPI:5.1 CYCLES:2637 ICOUNT:514 IHITRATE: 100.0 DHITRATE: 100.0
/u/k/a/karu/courses/cs552/spring2013/handouts/testprograms/public/rand_final/t_126_all.asm SUCCESS CPI:4.9 CYCLES:3035 ICOUNT:623 IHITRATE: 100.0 DHITRATE: 100.0
/u/k/a/karu/courses/cs552/spring2013/handouts/testprograms/public/rand_final/t_127_all.asm SUCCESS CPI:5.0 CYCLES:2345 ICOUNT:473 IHITRATE: 100.0 DHITRATE: 100.0
/u/k/a/karu/courses/cs552/spring2013/handouts/testprograms/public/rand_final/t_128_all.asm SUCCESS CPI:5.4 CYCLES:2367 ICOUNT:440 IHITRATE: 100.0 DHITRATE: 100.0
/u/k/a/karu/courses/cs552/spring2013/handouts/testprograms/public/rand_final/t_129_all.asm SUCCESS CPI:5.1 CYCLES:2305 ICOUNT:450 IHITRATE: 100.0 DHITRATE: 100.0
/u/k/a/karu/courses/cs552/spring2013/handouts/testprograms/public/rand_final/t_12_mem.asm SUCCESS CPI:6.1 CYCLES:8767 ICOUNT:1426 IHITRATE: 100.0 DHITRATE: 100.0
/u/k/a/karu/courses/cs552/spring2013/handouts/testprograms/public/rand_final/t_130_all.asm SUCCESS CPI:4.7 CYCLES:3155 ICOUNT:667 IHITRATE: 100.0 DHITRATE: 100.0
/u/k/a/karu/courses/cs552/spring2013/handouts/testprograms/public/rand_final/t_131_all.asm SUCCESS CPI:4.9 CYCLES:2765 ICOUNT:570 IHITRATE: 100.0 DHITRATE: 100.0
/u/k/a/karu/courses/cs552/spring2013/handouts/testprograms/public/rand_final/t_132_all.asm SUCCESS CPI:5.0 CYCLES:2423 ICOUNT:489 IHITRATE: 100.0 DHITRATE: 100.0
/u/k/a/karu/courses/cs552/spring2013/handouts/testprograms/public/rand_final/t_133_all.asm SUCCESS CPI:4.9 CYCLES:2259 ICOUNT:462 IHITRATE: 100.0 DHITRATE: 100.0
/u/k/a/karu/courses/cs552/spring2013/handouts/testprograms/public/rand_final/t_134_all.asm SUCCESS CPI:4.9 CYCLES:2403 ICOUNT:495 IHITRATE: 100.0 DHITRATE: 100.0
/u/k/a/karu/courses/cs552/spring2013/handouts/testprograms/public/rand_final/t_135_all.asm SUCCESS CPI:4.8 CYCLES:3005 ICOUNT:625 IHITRATE: 100.0 DHITRATE: 100.0
/u/k/a/karu/courses/cs552/spring2013/handouts/testprograms/public/rand_final/t_136_all.asm SUCCESS CPI:5.1 CYCLES:2223 ICOUNT:433 IHITRATE: 100.0 DHITRATE: 100.0
/u/k/a/karu/courses/cs552/spring2013/handouts/testprograms/public/rand_final/t_137_all.asm SUCCESS CPI:4.9 CYCLES:2705 ICOUNT:555 IHITRATE: 100.0 DHITRATE: 100.0
/u/k/a/karu/courses/cs552/spring2013/handouts/testprograms/public/rand_final/t_138_all.asm SUCCESS CPI:4.9 CYCLES:3119 ICOUNT:637 IHITRATE: 100.0 DHITRATE: 100.0
/u/k/a/karu/courses/cs552/spring2013/handouts/testprograms/public/rand_final/t_139_all.asm SUCCESS CPI:5.4 CYCLES:2049 ICOUNT:379 IHITRATE: 100.0 DHITRATE: 100.0
/u/k/a/karu/courses/cs552/spring2013/handouts/testprograms/public/rand_final/t_13_mem.asm SUCCESS CPI:6.0 CYCLES:8719 ICOUNT:1455 IHITRATE: 100.0 DHITRATE: 100.0
/u/k/a/karu/courses/cs552/spring2013/handouts/testprograms/public/rand_final/t_140_all.asm SUCCESS CPI:5.0 CYCLES:2075 ICOUNT:418 IHITRATE: 100.0 DHITRATE: 100.0
/u/k/a/karu/courses/cs552/spring2013/handouts/testprograms/public/rand_final/t_141_all.asm SUCCESS CPI:4.8 CYCLES:2451 ICOUNT:511 IHITRATE: 100.0 DHITRATE: 100.0
/u/k/a/karu/courses/cs552/spring2013/handouts/testprograms/public/rand_final/t_142_all.asm SUCCESS CPI:5.1 CYCLES:2055 ICOUNT:404 IHITRATE: 100.0 DHITRATE: 100.0
/u/k/a/karu/courses/cs552/spring2013/handouts/testprograms/public/rand_final/t_143_all.asm SUCCESS CPI:4.8 CYCLES:2517 ICOUNT:526 IHITRATE: 100.0 DHITRATE: 100.0
/u/k/a/karu/courses/cs552/spring2013/handouts/testprograms/public/rand_final/t_144_all.asm SUCCESS CPI:5.3 CYCLES:2323 ICOUNT:442 IHITRATE: 100.0 DHITRATE: 100.0
/u/k/a/karu/courses/cs552/spring2013/handouts/testprograms/public/rand_final/t_145_all.asm SUCCESS CPI:5.0 CYCLES:2275 ICOUNT:456 IHITRATE: 100.0 DHITRATE: 100.0
/u/k/a/karu/courses/cs552/spring2013/handouts/testprograms/public/rand_final/t_146_all.asm SUCCESS CPI:4.9 CYCLES:3085 ICOUNT:630 IHITRATE: 100.0 DHITRATE: 100.0
/u/k/a/karu/courses/cs552/spring2013/handouts/testprograms/public/rand_final/t_147_all.asm SUCCESS CPI:5.0 CYCLES:2277 ICOUNT:458 IHITRATE: 100.0 DHITRATE: 100.0
/u/k/a/karu/courses/cs552/spring2013/handouts/testprograms/public/rand_final/t_148_all.asm SUCCESS CPI:5.0 CYCLES:2365 ICOUNT:471 IHITRATE: 100.0 DHITRATE: 100.0
/u/k/a/karu/courses/cs552/spring2013/handouts/testprograms/public/rand_final/t_149_all.asm SUCCESS CPI:4.9 CYCLES:2281 ICOUNT:465 IHITRATE: 100.0 DHITRATE: 100.0
/u/k/a/karu/courses/cs552/spring2013/handouts/testprograms/public/rand_final/t_14_mem.asm SUCCESS CPI:6.1 CYCLES:8499 ICOUNT:1385 IHITRATE: 100.0 DHITRATE: 100.0
/u/k/a/karu/courses/cs552/spring2013/handouts/testprograms/public/rand_final/t_150_all.asm SUCCESS CPI:5.0 CYCLES:2633 ICOUNT:524 IHITRATE: 100.0 DHITRATE: 100.0
/u/k/a/karu/courses/cs552/spring2013/handouts/testprograms/public/rand_final/t_15_mem.asm SUCCESS CPI:6.1 CYCLES:8855 ICOUNT:1459 IHITRATE: 100.0 DHITRATE: 100.0
/u/k/a/karu/courses/cs552/spring2013/handouts/testprograms/public/rand_final/t_16_mem.asm SUCCESS CPI:6.0 CYCLES:8839 ICOUNT:1466 IHITRATE: 100.0 DHITRATE: 100.0
/u/k/a/karu/courses/cs552/spring2013/handouts/testprograms/public/rand_final/t_17_mem.asm SUCCESS CPI:5.9 CYCLES:8947 ICOUNT:1515 IHITRATE: 100.0 DHITRATE: 100.0
/u/k/a/karu/courses/cs552/spring2013/handouts/testprograms/public/rand_final/t_18_mem.asm SUCCESS CPI:6.0 CYCLES:8553 ICOUNT:1423 IHITRATE: 100.0 DHITRATE: 100.0
/u/k/a/karu/courses/cs552/spring2013/handouts/testprograms/public/rand_final/t_19_mem.asm SUCCESS CPI:6.1 CYCLES:8523 ICOUNT:1400 IHITRATE: 100.0 DHITRATE: 100.0
