/u/k/a/karu/courses/cs552/spring2013/handouts/testprograms/public/rand_ldst/ldld.asm SUCCESS CPI:3.5 CYCLES:203 ICOUNT:58 IHITRATE: 0 DHITRATE: 0
/u/k/a/karu/courses/cs552/spring2013/handouts/testprograms/public/rand_ldst/ldld_rand_large.asm SUCCESS CPI:2.6 CYCLES:2713 ICOUNT:1035 IHITRATE: 100.0 DHITRATE: 100.0
/u/k/a/karu/courses/cs552/spring2013/handouts/testprograms/public/rand_ldst/ldld_rand_large_1.asm SUCCESS CPI:2.6 CYCLES:2713 ICOUNT:1035 IHITRATE: 100.0 DHITRATE: 100.0
/u/k/a/karu/courses/cs552/spring2013/handouts/testprograms/public/rand_ldst/ldld_rand_large_2.asm SUCCESS CPI:2.6 CYCLES:2713 ICOUNT:1035 IHITRATE: 100.0 DHITRATE: 100.0
/u/k/a/karu/courses/cs552/spring2013/handouts/testprograms/public/rand_ldst/ldld_rand_large_3.asm SUCCESS CPI:2.6 CYCLES:2713 ICOUNT:1035 IHITRATE: 100.0 DHITRATE: 100.0
/u/k/a/karu/courses/cs552/spring2013/handouts/testprograms/public/rand_ldst/ldld_rand_large_4.asm SUCCESS CPI:2.6 CYCLES:2713 ICOUNT:1035 IHITRATE: 100.0 DHITRATE: 100.0
/u/k/a/karu/courses/cs552/spring2013/handouts/testprograms/public/rand_ldst/ldld_rand_large_5.asm SUCCESS CPI:2.6 CYCLES:2713 ICOUNT:1035 IHITRATE: 100.0 DHITRATE: 100.0
/u/k/a/karu/courses/cs552/spring2013/handouts/testprograms/public/rand_ldst/ldld_rand_large_6.asm SUCCESS CPI:2.6 CYCLES:2713 ICOUNT:1035 IHITRATE: 100.0 DHITRATE: 100.0
/u/k/a/karu/courses/cs552/spring2013/handouts/testprograms/public/rand_ldst/ldld_rand_large_7.asm SUCCESS CPI:2.6 CYCLES:2713 ICOUNT:1035 IHITRATE: 100.0 DHITRATE: 100.0
/u/k/a/karu/courses/cs552/spring2013/handouts/testprograms/public/rand_ldst/ldld_rand_large_8.asm SUCCESS CPI:2.6 CYCLES:2713 ICOUNT:1035 IHITRATE: 100.0 DHITRATE: 100.0
/u/k/a/karu/courses/cs552/spring2013/handouts/testprograms/public/rand_ldst/ldld_rand_large_9.asm SUCCESS CPI:2.6 CYCLES:2713 ICOUNT:1035 IHITRATE: 100.0 DHITRATE: 100.0
/u/k/a/karu/courses/cs552/spring2013/handouts/testprograms/public/rand_ldst/ldld_rand_small.asm SUCCESS CPI:2.6 CYCLES:2713 ICOUNT:1035 IHITRATE: 100.0 DHITRATE: 100.0
/u/k/a/karu/courses/cs552/spring2013/handouts/testprograms/public/rand_ldst/ldld_rand_small_1.asm SUCCESS CPI:2.6 CYCLES:2713 ICOUNT:1035 IHITRATE: 100.0 DHITRATE: 100.0
/u/k/a/karu/courses/cs552/spring2013/handouts/testprograms/public/rand_ldst/ldld_rand_small_2.asm SUCCESS CPI:2.6 CYCLES:2713 ICOUNT:1035 IHITRATE: 100.0 DHITRATE: 100.0
/u/k/a/karu/courses/cs552/spring2013/handouts/testprograms/public/rand_ldst/ldld_rand_small_3.asm SUCCESS CPI:2.6 CYCLES:2713 ICOUNT:1035 IHITRATE: 100.0 DHITRATE: 100.0
/u/k/a/karu/courses/cs552/spring2013/handouts/testprograms/public/rand_ldst/ldld_rand_small_4.asm SUCCESS CPI:2.6 CYCLES:2713 ICOUNT:1035 IHITRATE: 100.0 DHITRATE: 100.0
/u/k/a/karu/courses/cs552/spring2013/handouts/testprograms/public/rand_ldst/ldld_rand_small_5.asm SUCCESS CPI:2.6 CYCLES:2713 ICOUNT:1035 IHITRATE: 100.0 DHITRATE: 100.0
/u/k/a/karu/courses/cs552/spring2013/handouts/testprograms/public/rand_ldst/ldld_rand_small_6.asm SUCCESS CPI:2.6 CYCLES:2713 ICOUNT:1035 IHITRATE: 100.0 DHITRATE: 100.0
/u/k/a/karu/courses/cs552/spring2013/handouts/testprograms/public/rand_ldst/ldld_rand_small_7.asm SUCCESS CPI:2.6 CYCLES:2713 ICOUNT:1035 IHITRATE: 100.0 DHITRATE: 100.0
/u/k/a/karu/courses/cs552/spring2013/handouts/testprograms/public/rand_ldst/ldld_rand_small_8.asm SUCCESS CPI:2.6 CYCLES:2713 ICOUNT:1035 IHITRATE: 100.0 DHITRATE: 100.0
/u/k/a/karu/courses/cs552/spring2013/handouts/testprograms/public/rand_ldst/ldld_rand_small_9.asm SUCCESS CPI:2.6 CYCLES:2713 ICOUNT:1035 IHITRATE: 100.0 DHITRATE: 100.0
/u/k/a/karu/courses/cs552/spring2013/handouts/testprograms/public/rand_ldst/ldst.asm SUCCESS CPI:2.9 CYCLES:299 ICOUNT:102 IHITRATE: 0 DHITRATE: 0
/u/k/a/karu/courses/cs552/spring2013/handouts/testprograms/public/rand_ldst/ldst_rand_large.asm SUCCESS CPI:2.3 CYCLES:3217 ICOUNT:1417 IHITRATE: 100.0 DHITRATE: 100.0
/u/k/a/karu/courses/cs552/spring2013/handouts/testprograms/public/rand_ldst/ldst_rand_large_1.asm SUCCESS CPI:2.3 CYCLES:3217 ICOUNT:1417 IHITRATE: 100.0 DHITRATE: 100.0
/u/k/a/karu/courses/cs552/spring2013/handouts/testprograms/public/rand_ldst/ldst_rand_large_2.asm SUCCESS CPI:2.3 CYCLES:3217 ICOUNT:1417 IHITRATE: 100.0 DHITRATE: 100.0
/u/k/a/karu/courses/cs552/spring2013/handouts/testprograms/public/rand_ldst/ldst_rand_large_3.asm SUCCESS CPI:2.3 CYCLES:3217 ICOUNT:1417 IHITRATE: 100.0 DHITRATE: 100.0
/u/k/a/karu/courses/cs552/spring2013/handouts/testprograms/public/rand_ldst/ldst_rand_large_4.asm SUCCESS CPI:2.3 CYCLES:3217 ICOUNT:1417 IHITRATE: 100.0 DHITRATE: 100.0
/u/k/a/karu/courses/cs552/spring2013/handouts/testprograms/public/rand_ldst/ldst_rand_large_5.asm SUCCESS CPI:2.3 CYCLES:3217 ICOUNT:1417 IHITRATE: 100.0 DHITRATE: 100.0
/u/k/a/karu/courses/cs552/spring2013/handouts/testprograms/public/rand_ldst/ldst_rand_large_6.asm SUCCESS CPI:2.3 CYCLES:3217 ICOUNT:1417 IHITRATE: 100.0 DHITRATE: 100.0
/u/k/a/karu/courses/cs552/spring2013/handouts/testprograms/public/rand_ldst/ldst_rand_large_7.asm SUCCESS CPI:2.3 CYCLES:3217 ICOUNT:1417 IHITRATE: 100.0 DHITRATE: 100.0
/u/k/a/karu/courses/cs552/spring2013/handouts/testprograms/public/rand_ldst/ldst_rand_large_8.asm SUCCESS CPI:2.3 CYCLES:3217 ICOUNT:1417 IHITRATE: 100.0 DHITRATE: 100.0
/u/k/a/karu/courses/cs552/spring2013/handouts/testprograms/public/rand_ldst/ldst_rand_large_9.asm SUCCESS CPI:2.3 CYCLES:3217 ICOUNT:1417 IHITRATE: 100.0 DHITRATE: 100.0
/u/k/a/karu/courses/cs552/spring2013/handouts/testprograms/public/rand_ldst/ldst_rand_small.asm SUCCESS CPI:2.3 CYCLES:3217 ICOUNT:1417 IHITRATE: 100.0 DHITRATE: 100.0
/u/k/a/karu/courses/cs552/spring2013/handouts/testprograms/public/rand_ldst/ldst_rand_small_1.asm SUCCESS CPI:2.3 CYCLES:3217 ICOUNT:1417 IHITRATE: 100.0 DHITRATE: 100.0
/u/k/a/karu/courses/cs552/spring2013/handouts/testprograms/public/rand_ldst/ldst_rand_small_2.asm SUCCESS CPI:2.3 CYCLES:3217 ICOUNT:1417 IHITRATE: 100.0 DHITRATE: 100.0
/u/k/a/karu/courses/cs552/spring2013/handouts/testprograms/public/rand_ldst/ldst_rand_small_3.asm SUCCESS CPI:2.3 CYCLES:3217 ICOUNT:1417 IHITRATE: 100.0 DHITRATE: 100.0
/u/k/a/karu/courses/cs552/spring2013/handouts/testprograms/public/rand_ldst/ldst_rand_small_4.asm SUCCESS CPI:2.3 CYCLES:3217 ICOUNT:1417 IHITRATE: 100.0 DHITRATE: 100.0
/u/k/a/karu/courses/cs552/spring2013/handouts/testprograms/public/rand_ldst/ldst_rand_small_5.asm SUCCESS CPI:2.3 CYCLES:3217 ICOUNT:1417 IHITRATE: 100.0 DHITRATE: 100.0
/u/k/a/karu/courses/cs552/spring2013/handouts/testprograms/public/rand_ldst/ldst_rand_small_6.asm SUCCESS CPI:2.3 CYCLES:3217 ICOUNT:1417 IHITRATE: 100.0 DHITRATE: 100.0
/u/k/a/karu/courses/cs552/spring2013/handouts/testprograms/public/rand_ldst/ldst_rand_small_7.asm SUCCESS CPI:2.3 CYCLES:3217 ICOUNT:1417 IHITRATE: 100.0 DHITRATE: 100.0
/u/k/a/karu/courses/cs552/spring2013/handouts/testprograms/public/rand_ldst/ldst_rand_small_8.asm SUCCESS CPI:2.3 CYCLES:3217 ICOUNT:1417 IHITRATE: 100.0 DHITRATE: 100.0
/u/k/a/karu/courses/cs552/spring2013/handouts/testprograms/public/rand_ldst/ldst_rand_small_9.asm SUCCESS CPI:2.3 CYCLES:3217 ICOUNT:1417 IHITRATE: 100.0 DHITRATE: 100.0
/u/k/a/karu/courses/cs552/spring2013/handouts/testprograms/public/rand_ldst/rpt_ld_test_0.asm SUCCESS CPI:5.3 CYCLES:53 ICOUNT:10 IHITRATE: 0 DHITRATE: 0
/u/k/a/karu/courses/cs552/spring2013/handouts/testprograms/public/rand_ldst/rpt_ld_test_1.asm SUCCESS CPI:8.7 CYCLES:61 ICOUNT:7 IHITRATE: 0 DHITRATE: 0
/u/k/a/karu/courses/cs552/spring2013/handouts/testprograms/public/rand_ldst/rpt_reg_test_0.asm SUCCESS CPI:5.7 CYCLES:51 ICOUNT:9 IHITRATE: 0 DHITRATE: 0
/u/k/a/karu/courses/cs552/spring2013/handouts/testprograms/public/rand_ldst/rpt_reg_test_1.asm SUCCESS CPI:8.7 CYCLES:61 ICOUNT:7 IHITRATE: 0 DHITRATE: 0
/u/k/a/karu/courses/cs552/spring2013/handouts/testprograms/public/rand_ldst/rpt_st_test_0.asm SUCCESS CPI:5.3 CYCLES:53 ICOUNT:10 IHITRATE: 100.0 DHITRATE: 100.0
/u/k/a/karu/courses/cs552/spring2013/handouts/testprograms/public/rand_ldst/rpt_st_test_1.asm SUCCESS CPI:8.7 CYCLES:61 ICOUNT:7 IHITRATE: 100.0 DHITRATE: 100.0
