
WISCalculator v1.0
Author Derek Hower (drh5@cs.wisc.edu)
Type "help" for more information

Loading program...
Executing...
lbi r0, 0
INUM:        0 PC: 0x0000 REG: 0 VALUE: 0x0000
nop
INUM:        1 PC: 0x0002
nop
INUM:        2 PC: 0x0004
nop
INUM:        3 PC: 0x0006
nop
INUM:        4 PC: 0x0008
addi r0, r0, 1
INUM:        5 PC: 0x000a REG: 0 VALUE: 0x0001
nop
INUM:        6 PC: 0x000c
nop
INUM:        7 PC: 0x000e
nop
INUM:        8 PC: 0x0010
nop
INUM:        9 PC: 0x0012
nop
INUM:       10 PC: 0x0014
addi r0, r0, 1
INUM:       11 PC: 0x0016 REG: 0 VALUE: 0x0002
nop
INUM:       12 PC: 0x0018
nop
INUM:       13 PC: 0x001a
nop
INUM:       14 PC: 0x001c
nop
INUM:       15 PC: 0x001e
nop
INUM:       16 PC: 0x0020
addi r0, r0, 1
INUM:       17 PC: 0x0022 REG: 0 VALUE: 0x0003
halt
program halted
INUM:       18 PC: 0x0024
Program Finished
